This file contains any messages produced by compilers while
running configure, to aid debugging if configure makes a mistake.

It was created by configure, which was
generated by GNU Autoconf 2.64.  Invocation command line was

  $ ../gcc-4.6.4/configure --prefix=/opt/cross-mint/ --target=m68k-atari-mint --disable-shared target_alias=m68k-atari-mint --enable-languages=c,c++,lto --with-arch=m68k

## --------- ##
## Platform. ##
## --------- ##

hostname = Fredrik-Olsson-Mac
uname -m = x86_64
uname -r = 14.0.0
uname -s = Darwin
uname -v = Darwin Kernel Version 14.0.0: Sun Jan 26 18:36:52 PST 2014; root:xnu-2605~1/DEVELOPMENT_X86_64

/usr/bin/uname -p = i386
/bin/uname -X     = unknown

/bin/arch              = unknown
/usr/bin/arch -k       = unknown
/usr/convex/getsysinfo = unknown
/usr/bin/hostinfo      = Mach kernel version:
	 Darwin Kernel Version 14.0.0: Sun Jan 26 18:36:52 PST 2014; root:xnu-2605~1/DEVELOPMENT_X86_64
Kernel configured for up to 8 processors.
4 processors are physically available.
8 processors are logically available.
Processor type: i486 (Intel 80486)
Processors active: 0 1 2 3 4 5 6 7
Primary memory available: 16.00 gigabytes
Default processor set: 241 tasks, 1092 threads, 8 processors
Load average: 4.15, Mach factor: 4.44
/bin/machine           = unknown
/usr/bin/oslevel       = unknown
/bin/universe          = unknown

PATH: /usr/share/java/apache-maven-3.0.5//bin
PATH: /opt/cross-mint//bin
PATH: /Applications/Xcode.app/Contents/Developer/usr/bin
PATH: /Applications/Xcode.app/Contents/Developer/Toolchains/XcodeDefault.xctoolchain/usr/bin/
PATH: LLVM_1
PATH: /usr/local/bin
PATH: /usr/bin
PATH: /bin
PATH: /usr/sbin
PATH: /sbin
PATH: /opt/X11/bin
PATH: /usr/local/mysql/bin


## ----------- ##
## Core tests. ##
## ----------- ##

configure:2222: checking build system type
configure:2236: result: x86_64-apple-darwin14.0.0
configure:2283: checking host system type
configure:2296: result: x86_64-apple-darwin14.0.0
configure:2316: checking target system type
configure:2329: result: m68k-atari-mint
configure:2383: checking for a BSD-compatible install
configure:2451: result: /usr/bin/install -c
configure:2462: checking whether ln works
configure:2484: result: yes
configure:2488: checking whether ln -s works
configure:2492: result: yes
configure:2499: checking for a sed that does not truncate output
configure:2563: result: /usr/bin/sed
configure:2572: checking for gawk
configure:2602: result: no
configure:2572: checking for mawk
configure:2602: result: no
configure:2572: checking for nawk
configure:2602: result: no
configure:2572: checking for awk
configure:2588: found /usr/bin/awk
configure:2599: result: awk
configure:3919: checking for gcc
configure:3935: found /Applications/Xcode.app/Contents/Developer/usr/bin/gcc
configure:3946: result: gcc
configure:4175: checking for C compiler version
configure:4184: gcc --version >&5
Apple LLVM version 5.1 (clang-503.0.14) (based on LLVM 3.4svn)
Target: x86_64-apple-darwin14.0.0
Thread model: posix
Configured with: --prefix=/Applications/Xcode.app/Contents/Developer/usr --with-gxx-include-dir=/usr/include/c++/4.2.1
configure:4195: $? = 0
configure:4184: gcc -v >&5
Configured with: --prefix=/Applications/Xcode.app/Contents/Developer/usr --with-gxx-include-dir=/usr/include/c++/4.2.1
Apple LLVM version 5.1 (clang-503.0.14) (based on LLVM 3.4svn)
Target: x86_64-apple-darwin14.0.0
Thread model: posix
configure:4195: $? = 0
configure:4184: gcc -V >&5
clang: error: argument to '-V' is missing (expected 1 value)
clang: error: no input files
configure:4195: $? = 1
configure:4184: gcc -qversion >&5
clang: error: unknown argument: '-qversion'
clang: error: no input files
configure:4195: $? = 1
configure:4215: checking for C compiler default output file name
configure:4237: gcc    conftest.c  >&5
configure:4241: $? = 0
configure:4278: result: a.out
configure:4294: checking whether the C compiler works
configure:4303: ./a.out
configure:4307: $? = 0
configure:4322: result: yes
configure:4329: checking whether we are cross compiling
configure:4331: result: no
configure:4334: checking for suffix of executables
configure:4341: gcc -o conftest    conftest.c  >&5
configure:4345: $? = 0
configure:4367: result: 
configure:4373: checking for suffix of object files
configure:4395: gcc -c   conftest.c >&5
configure:4399: $? = 0
configure:4420: result: o
configure:4424: checking whether we are using the GNU C compiler
configure:4443: gcc -c   conftest.c >&5
configure:4443: $? = 0
configure:4452: result: yes
configure:4461: checking whether gcc accepts -g
configure:4481: gcc -c -g  conftest.c >&5
configure:4481: $? = 0
configure:4522: result: yes
configure:4539: checking for gcc option to accept ISO C89
configure:4603: gcc  -c -g -O2  conftest.c >&5
configure:4603: $? = 0
configure:4616: result: none needed
configure:4694: checking for g++
configure:4710: found /Applications/Xcode.app/Contents/Developer/usr/bin/g++
configure:4721: result: g++
configure:4748: checking for C++ compiler version
configure:4757: g++ --version >&5
Apple LLVM version 5.1 (clang-503.0.14) (based on LLVM 3.4svn)
Target: x86_64-apple-darwin14.0.0
Thread model: posix
Configured with: --prefix=/Applications/Xcode.app/Contents/Developer/usr --with-gxx-include-dir=/usr/include/c++/4.2.1
configure:4768: $? = 0
configure:4757: g++ -v >&5
Configured with: --prefix=/Applications/Xcode.app/Contents/Developer/usr --with-gxx-include-dir=/usr/include/c++/4.2.1
Apple LLVM version 5.1 (clang-503.0.14) (based on LLVM 3.4svn)
Target: x86_64-apple-darwin14.0.0
Thread model: posix
configure:4768: $? = 0
configure:4757: g++ -V >&5
clang: error: argument to '-V' is missing (expected 1 value)
clang: error: no input files
configure:4768: $? = 1
configure:4757: g++ -qversion >&5
clang: error: unknown argument: '-qversion'
clang: error: no input files
configure:4768: $? = 1
configure:4772: checking whether we are using the GNU C++ compiler
configure:4791: g++ -c   conftest.cpp >&5
configure:4791: $? = 0
configure:4800: result: yes
configure:4809: checking whether g++ accepts -g
configure:4829: g++ -c -g  conftest.cpp >&5
configure:4829: $? = 0
configure:4870: result: yes
configure:4959: checking for gnatbind
configure:4989: result: no
configure:5051: checking for gnatmake
configure:5081: result: no
configure:5100: checking whether compiler driver understands Ada
configure:5123: result: no
configure:5132: checking how to compare bootstrapped objects
configure:5157: result: cmp --ignore-initial=16 $$f1 $$f2
configure:5173: checking for objdir
configure:5188: result: .libs
configure:5354: checking for the correct version of gmp.h
configure:5374: gcc -c -g -O2   conftest.c >&5
configure:5374: $? = 0
configure:5392: gcc -c -g -O2   conftest.c >&5
configure:5392: $? = 0
configure:5393: result: yes
configure:5409: checking for the correct version of mpfr.h
configure:5427: gcc -c -g -O2   conftest.c >&5
configure:5427: $? = 0
configure:5444: gcc -c -g -O2   conftest.c >&5
conftest.c:17:5: error: use of undeclared identifier 'choke'
    choke me
    ^
1 error generated.
configure:5444: $? = 1
configure: failed program was:
| /* confdefs.h */
| #define PACKAGE_NAME ""
| #define PACKAGE_TARNAME ""
| #define PACKAGE_VERSION ""
| #define PACKAGE_STRING ""
| #define PACKAGE_BUGREPORT ""
| #define PACKAGE_URL ""
| #define LT_OBJDIR ".libs/"
| /* end confdefs.h.  */
| #include <gmp.h>
|     #include <mpfr.h>
| int
| main ()
| {
| 
|     #if MPFR_VERSION < MPFR_VERSION_NUM(2,4,2)
|     choke me
|     #endif
| 
|   ;
|   return 0;
| }
configure:5448: result: buggy but acceptable
configure:5462: checking for the correct version of mpc.h
configure:5479: gcc -c -g -O2   conftest.c >&5
configure:5479: $? = 0
configure:5495: gcc -c -g -O2   conftest.c >&5
conftest.c:16:5: error: use of undeclared identifier 'choke'
    choke me
    ^
1 error generated.
configure:5495: $? = 1
configure: failed program was:
| /* confdefs.h */
| #define PACKAGE_NAME ""
| #define PACKAGE_TARNAME ""
| #define PACKAGE_VERSION ""
| #define PACKAGE_STRING ""
| #define PACKAGE_BUGREPORT ""
| #define PACKAGE_URL ""
| #define LT_OBJDIR ".libs/"
| /* end confdefs.h.  */
| #include <mpc.h>
| int
| main ()
| {
| 
|     #if MPC_VERSION < MPC_VERSION_NUM(0,8,1)
|     choke me
|     #endif
| 
|   ;
|   return 0;
| }
configure:5499: result: buggy but acceptable
configure:5514: checking for the correct version of the gmp/mpfr/mpc libraries
configure:5545: gcc -o conftest -g -O2    conftest.c  -lmpc -lmpfr -lgmp >&5
ld: warning: PIE disabled. Absolute addressing (perhaps -mdynamic-no-pic) not allowed in code signed PIE, but used in ___gmpn_divexact_1 from /usr/local/lib/libgmp.a(dive_1.o). To fix this warning, don't compile with -mdynamic-no-pic or link with -Wl,-no_pie
configure:5545: $? = 0
configure:5546: result: yes
configure:5730: checking for PWL_handle_timeout in -lpwl
configure:5755: gcc -o conftest -g -O2    conftest.c -lpwl   >&5
ld: library not found for -lpwl
clang: error: linker command failed with exit code 1 (use -v to see invocation)
configure:5755: $? = 1
configure: failed program was:
| /* confdefs.h */
| #define PACKAGE_NAME ""
| #define PACKAGE_TARNAME ""
| #define PACKAGE_VERSION ""
| #define PACKAGE_STRING ""
| #define PACKAGE_BUGREPORT ""
| #define PACKAGE_URL ""
| #define LT_OBJDIR ".libs/"
| /* end confdefs.h.  */
| 
| /* Override any GCC internal prototype to avoid an error.
|    Use char because int might match the return type of a GCC
|    builtin and then its argument prototype would still apply.  */
| #ifdef __cplusplus
| extern "C"
| #endif
| char PWL_handle_timeout ();
| int
| main ()
| {
| return PWL_handle_timeout ();
|   ;
|   return 0;
| }
configure:5764: result: no
configure:5778: checking for version 0.11 (revision 0 or later) of PPL
configure:5795: gcc -c -g -O2    conftest.c >&5
conftest.c:10:10: fatal error: 'ppl_c.h' file not found
#include "ppl_c.h"
         ^
1 error generated.
configure:5795: $? = 1
configure: failed program was:
| /* confdefs.h */
| #define PACKAGE_NAME ""
| #define PACKAGE_TARNAME ""
| #define PACKAGE_VERSION ""
| #define PACKAGE_STRING ""
| #define PACKAGE_BUGREPORT ""
| #define PACKAGE_URL ""
| #define LT_OBJDIR ".libs/"
| /* end confdefs.h.  */
| #include "ppl_c.h"
| int
| main ()
| {
| 
|     #if PPL_VERSION_MAJOR != 0 || PPL_VERSION_MINOR < 11
|     choke me
|     #endif
| 
|   ;
|   return 0;
| }
configure:5799: result: no
configure:7220: checking for default BUILD_CONFIG
configure:7252: result: 
configure:7742: checking for bison
configure:7758: found /Applications/Xcode.app/Contents/Developer/Toolchains/XcodeDefault.xctoolchain/usr/bin//bison
configure:7769: result: bison -y
configure:7790: checking for bison
configure:7806: found /Applications/Xcode.app/Contents/Developer/Toolchains/XcodeDefault.xctoolchain/usr/bin//bison
configure:7817: result: bison
configure:7837: checking for gm4
configure:7853: found /Applications/Xcode.app/Contents/Developer/Toolchains/XcodeDefault.xctoolchain/usr/bin//gm4
configure:7864: result: gm4
configure:7884: checking for flex
configure:7900: found /Applications/Xcode.app/Contents/Developer/Toolchains/XcodeDefault.xctoolchain/usr/bin//flex
configure:7911: result: flex
configure:7932: checking for flex
configure:7948: found /Applications/Xcode.app/Contents/Developer/Toolchains/XcodeDefault.xctoolchain/usr/bin//flex
configure:7959: result: flex
configure:7979: checking for makeinfo
configure:7995: found /usr/bin/makeinfo
configure:8006: result: makeinfo
configure:8040: checking for expect
configure:8056: found /usr/bin/expect
configure:8067: result: expect
configure:8089: checking for runtest
configure:8105: found /usr/local/bin/runtest
configure:8116: result: runtest
configure:8234: checking for ar
configure:8250: found /Applications/Xcode.app/Contents/Developer/Toolchains/XcodeDefault.xctoolchain/usr/bin//ar
configure:8261: result: ar
configure:8375: checking for as
configure:8391: found /Applications/Xcode.app/Contents/Developer/Toolchains/XcodeDefault.xctoolchain/usr/bin//as
configure:8402: result: as
configure:8516: checking for dlltool
configure:8546: result: no
configure:8576: checking for ld
configure:8603: result: /Applications/Xcode.app/Contents/Developer/Toolchains/OSX10.10.xctoolchain/usr/bin/ld
configure:8798: checking for lipo
configure:8814: found /Applications/Xcode.app/Contents/Developer/Toolchains/XcodeDefault.xctoolchain/usr/bin//lipo
configure:8825: result: lipo
configure:8939: checking for nm
configure:8955: found /Applications/Xcode.app/Contents/Developer/Toolchains/XcodeDefault.xctoolchain/usr/bin//nm
configure:8966: result: nm
configure:9080: checking for ranlib
configure:9096: found /Applications/Xcode.app/Contents/Developer/Toolchains/XcodeDefault.xctoolchain/usr/bin//ranlib
configure:9107: result: ranlib
configure:9216: checking for strip
configure:9232: found /Applications/Xcode.app/Contents/Developer/Toolchains/XcodeDefault.xctoolchain/usr/bin//strip
configure:9243: result: strip
configure:9352: checking for windres
configure:9382: result: no
configure:9493: checking for windmc
configure:9523: result: no
configure:9634: checking for objcopy
configure:9664: result: no
configure:9775: checking for objdump
configure:9805: result: no
configure:9916: checking for m68k-atari-mint-cc
configure:9946: result: no
configure:9916: checking for m68k-atari-mint-gcc
configure:9932: found /opt/cross-mint//bin/m68k-atari-mint-gcc
configure:9943: result: m68k-atari-mint-gcc
configure:10077: checking for m68k-atari-mint-c++
configure:10093: found /opt/cross-mint//bin/m68k-atari-mint-c++
configure:10104: result: m68k-atari-mint-c++
configure:10238: checking for m68k-atari-mint-gcc
configure:10254: found /opt/cross-mint//bin/m68k-atari-mint-gcc
configure:10265: result: m68k-atari-mint-gcc
configure:10394: checking for m68k-atari-mint-gcj
configure:10424: result: no
configure:10555: checking for m68k-atari-mint-gfortran
configure:10585: result: no
configure:10716: checking for m68k-atari-mint-gccgo
configure:10746: result: no
configure:10846: checking for ar
configure:10864: found /opt/cross-mint/m68k-atari-mint/bin/ar
configure:10876: result: /opt/cross-mint/m68k-atari-mint/bin/ar
configure:11076: checking for as
configure:11094: found /opt/cross-mint/m68k-atari-mint/bin/as
configure:11106: result: /opt/cross-mint/m68k-atari-mint/bin/as
configure:11306: checking for dlltool
configure:11339: result: no
configure:11417: checking for m68k-atari-mint-dlltool
configure:11447: result: no
configure:11536: checking for ld
configure:11554: found /opt/cross-mint/m68k-atari-mint/bin/ld
configure:11566: result: /opt/cross-mint/m68k-atari-mint/bin/ld
configure:11766: checking for lipo
configure:11799: result: no
configure:11877: checking for m68k-atari-mint-lipo
configure:11907: result: no
configure:11996: checking for nm
configure:12014: found /opt/cross-mint/m68k-atari-mint/bin/nm
configure:12026: result: /opt/cross-mint/m68k-atari-mint/bin/nm
configure:12226: checking for objdump
configure:12244: found /opt/cross-mint/m68k-atari-mint/bin/objdump
configure:12256: result: /opt/cross-mint/m68k-atari-mint/bin/objdump
configure:12456: checking for ranlib
configure:12474: found /opt/cross-mint/m68k-atari-mint/bin/ranlib
configure:12486: result: /opt/cross-mint/m68k-atari-mint/bin/ranlib
configure:12686: checking for strip
configure:12704: found /opt/cross-mint/m68k-atari-mint/bin/strip
configure:12716: result: /opt/cross-mint/m68k-atari-mint/bin/strip
configure:12916: checking for windres
configure:12949: result: no
configure:13027: checking for m68k-atari-mint-windres
configure:13057: result: no
configure:13146: checking for windmc
configure:13179: result: no
configure:13257: checking for m68k-atari-mint-windmc
configure:13287: result: no
configure:13354: checking where to find the target ar
configure:13382: result: pre-installed in /opt/cross-mint/m68k-atari-mint/bin
configure:13396: checking where to find the target as
configure:13424: result: pre-installed in /opt/cross-mint/m68k-atari-mint/bin
configure:13438: checking where to find the target cc
configure:13461: result: just compiled
configure:13480: checking where to find the target c++
configure:13506: result: just compiled
configure:13525: checking where to find the target c++ for libstdc++
configure:13551: result: just compiled
configure:13570: checking where to find the target dlltool
configure:13607: result: pre-installed
configure:13612: checking where to find the target gcc
configure:13635: result: just compiled
configure:13654: checking where to find the target gcj
configure:13694: result: pre-installed
configure:13699: checking where to find the target gfortran
configure:13739: result: pre-installed
configure:13744: checking where to find the target gccgo
configure:13784: result: pre-installed
configure:13789: checking where to find the target ld
configure:13817: result: pre-installed in /opt/cross-mint/m68k-atari-mint/bin
configure:13831: checking where to find the target lipo
configure:13857: result: pre-installed
configure:13862: checking where to find the target nm
configure:13890: result: pre-installed in /opt/cross-mint/m68k-atari-mint/bin
configure:13904: checking where to find the target objdump
configure:13932: result: pre-installed in /opt/cross-mint/m68k-atari-mint/bin
configure:13946: checking where to find the target ranlib
configure:13974: result: pre-installed in /opt/cross-mint/m68k-atari-mint/bin
configure:13988: checking where to find the target strip
configure:14016: result: pre-installed in /opt/cross-mint/m68k-atari-mint/bin
configure:14030: checking where to find the target windres
configure:14067: result: pre-installed
configure:14072: checking where to find the target windmc
configure:14109: result: pre-installed
configure:14142: checking whether to enable maintainer-specific portions of Makefiles
configure:14151: result: no
configure:14184: checking whether -fkeep-inline-functions is supported
configure:14203: gcc -c -g -O2 -fkeep-inline-functions  conftest.c >&5
configure:14203: $? = 0
configure:14204: result: yes
configure:14401: creating ./config.status

## ---------------------- ##
## Running config.status. ##
## ---------------------- ##

This file was extended by config.status, which was
generated by GNU Autoconf 2.64.  Invocation command line was

  CONFIG_FILES    = 
  CONFIG_HEADERS  = 
  CONFIG_LINKS    = 
  CONFIG_COMMANDS = 
  $ ./config.status 

on Fredrik-Olsson-Mac

config.status:957: creating Makefile

## ---------------- ##
## Cache variables. ##
## ---------------- ##

ac_cv_build=x86_64-apple-darwin14.0.0
ac_cv_c_compiler_gnu=yes
ac_cv_cxx_compiler_gnu=yes
ac_cv_env_AR_FOR_TARGET_set=
ac_cv_env_AR_FOR_TARGET_value=
ac_cv_env_AR_set=
ac_cv_env_AR_value=
ac_cv_env_AS_FOR_TARGET_set=
ac_cv_env_AS_FOR_TARGET_value=
ac_cv_env_AS_set=
ac_cv_env_AS_value=
ac_cv_env_CCC_set=
ac_cv_env_CCC_value=
ac_cv_env_CC_FOR_TARGET_set=
ac_cv_env_CC_FOR_TARGET_value=
ac_cv_env_CC_set=
ac_cv_env_CC_value=
ac_cv_env_CFLAGS_set=
ac_cv_env_CFLAGS_value=
ac_cv_env_CPPFLAGS_set=
ac_cv_env_CPPFLAGS_value=
ac_cv_env_CXXFLAGS_set=
ac_cv_env_CXXFLAGS_value=
ac_cv_env_CXX_FOR_TARGET_set=
ac_cv_env_CXX_FOR_TARGET_value=
ac_cv_env_CXX_set=
ac_cv_env_CXX_value=
ac_cv_env_DLLTOOL_FOR_TARGET_set=
ac_cv_env_DLLTOOL_FOR_TARGET_value=
ac_cv_env_DLLTOOL_set=
ac_cv_env_DLLTOOL_value=
ac_cv_env_GCC_FOR_TARGET_set=
ac_cv_env_GCC_FOR_TARGET_value=
ac_cv_env_GCJ_FOR_TARGET_set=
ac_cv_env_GCJ_FOR_TARGET_value=
ac_cv_env_GFORTRAN_FOR_TARGET_set=
ac_cv_env_GFORTRAN_FOR_TARGET_value=
ac_cv_env_GOC_FOR_TARGET_set=
ac_cv_env_GOC_FOR_TARGET_value=
ac_cv_env_LDFLAGS_set=
ac_cv_env_LDFLAGS_value=
ac_cv_env_LD_FOR_TARGET_set=
ac_cv_env_LD_FOR_TARGET_value=
ac_cv_env_LD_set=
ac_cv_env_LD_value=
ac_cv_env_LIBS_set=
ac_cv_env_LIBS_value=
ac_cv_env_LIPO_FOR_TARGET_set=
ac_cv_env_LIPO_FOR_TARGET_value=
ac_cv_env_LIPO_set=
ac_cv_env_LIPO_value=
ac_cv_env_NM_FOR_TARGET_set=
ac_cv_env_NM_FOR_TARGET_value=
ac_cv_env_NM_set=
ac_cv_env_NM_value=
ac_cv_env_OBJCOPY_set=
ac_cv_env_OBJCOPY_value=
ac_cv_env_OBJDUMP_FOR_TARGET_set=
ac_cv_env_OBJDUMP_FOR_TARGET_value=
ac_cv_env_OBJDUMP_set=
ac_cv_env_OBJDUMP_value=
ac_cv_env_RANLIB_FOR_TARGET_set=
ac_cv_env_RANLIB_FOR_TARGET_value=
ac_cv_env_RANLIB_set=
ac_cv_env_RANLIB_value=
ac_cv_env_STRIP_FOR_TARGET_set=
ac_cv_env_STRIP_FOR_TARGET_value=
ac_cv_env_STRIP_set=
ac_cv_env_STRIP_value=
ac_cv_env_WINDMC_FOR_TARGET_set=
ac_cv_env_WINDMC_FOR_TARGET_value=
ac_cv_env_WINDMC_set=
ac_cv_env_WINDMC_value=
ac_cv_env_WINDRES_FOR_TARGET_set=
ac_cv_env_WINDRES_FOR_TARGET_value=
ac_cv_env_WINDRES_set=
ac_cv_env_WINDRES_value=
ac_cv_env_build_alias_set=
ac_cv_env_build_alias_value=
ac_cv_env_build_configargs_set=
ac_cv_env_build_configargs_value=
ac_cv_env_host_alias_set=
ac_cv_env_host_alias_value=
ac_cv_env_host_configargs_set=
ac_cv_env_host_configargs_value=
ac_cv_env_target_alias_set=set
ac_cv_env_target_alias_value=m68k-atari-mint
ac_cv_env_target_configargs_set=
ac_cv_env_target_configargs_value=
ac_cv_host=x86_64-apple-darwin14.0.0
ac_cv_lib_pwl_PWL_handle_timeout=no
ac_cv_objext=o
ac_cv_path_AR_FOR_TARGET=/opt/cross-mint/m68k-atari-mint/bin/ar
ac_cv_path_AS_FOR_TARGET=/opt/cross-mint/m68k-atari-mint/bin/as
ac_cv_path_LD_FOR_TARGET=/opt/cross-mint/m68k-atari-mint/bin/ld
ac_cv_path_NM_FOR_TARGET=/opt/cross-mint/m68k-atari-mint/bin/nm
ac_cv_path_OBJDUMP_FOR_TARGET=/opt/cross-mint/m68k-atari-mint/bin/objdump
ac_cv_path_RANLIB_FOR_TARGET=/opt/cross-mint/m68k-atari-mint/bin/ranlib
ac_cv_path_SED=/usr/bin/sed
ac_cv_path_STRIP_FOR_TARGET=/opt/cross-mint/m68k-atari-mint/bin/strip
ac_cv_path_install='/usr/bin/install -c'
ac_cv_prog_AR=ar
ac_cv_prog_AS=as
ac_cv_prog_AWK=awk
ac_cv_prog_BISON=bison
ac_cv_prog_CC_FOR_TARGET=m68k-atari-mint-gcc
ac_cv_prog_CXX_FOR_TARGET=m68k-atari-mint-c++
ac_cv_prog_EXPECT=expect
ac_cv_prog_FLEX=flex
ac_cv_prog_GCC_FOR_TARGET=m68k-atari-mint-gcc
ac_cv_prog_LD=/Applications/Xcode.app/Contents/Developer/Toolchains/OSX10.10.xctoolchain/usr/bin/ld
ac_cv_prog_LEX=flex
ac_cv_prog_LIPO=lipo
ac_cv_prog_M4=gm4
ac_cv_prog_MAKEINFO=makeinfo
ac_cv_prog_NM=nm
ac_cv_prog_RANLIB=ranlib
ac_cv_prog_RUNTEST=runtest
ac_cv_prog_STRIP=strip
ac_cv_prog_YACC='bison -y'
ac_cv_prog_ac_ct_CC=gcc
ac_cv_prog_ac_ct_CXX=g++
ac_cv_prog_cc_c89=
ac_cv_prog_cc_g=yes
ac_cv_prog_cxx_g=yes
ac_cv_target=m68k-atari-mint
acx_cv_cc_gcc_supports_ada=no
acx_cv_prog_LN=ln
gcc_cv_prog_cmp_skip='cmp --ignore-initial=16 $$f1 $$f2'
gcc_cv_tool_dirs=/opt/cross-mint/libexec/gcc/m68k-atari-mint/4.6.4:/opt/cross-mint/libexec/gcc/m68k-atari-mint:/usr/lib/gcc/m68k-atari-mint/4.6.4:/usr/lib/gcc/m68k-atari-mint:/opt/cross-mint/m68k-atari-mint/bin/m68k-atari-mint/4.6.4:/opt/cross-mint/m68k-atari-mint/bin:
gcc_cv_tool_prefix=/opt/cross-mint
lt_cv_objdir=.libs

## ----------------- ##
## Output variables. ##
## ----------------- ##

AR='ar'
AR_FOR_BUILD='$(AR)'
AR_FOR_TARGET='/opt/cross-mint/m68k-atari-mint/bin/ar'
AS='as'
AS_FOR_BUILD='$(AS)'
AS_FOR_TARGET='/opt/cross-mint/m68k-atari-mint/bin/as'
AWK='awk'
BISON='bison'
BUILD_CONFIG=''
CC='gcc'
CC_FOR_BUILD='$(CC)'
CC_FOR_TARGET='$$r/$(HOST_SUBDIR)/gcc/xgcc -B$$r/$(HOST_SUBDIR)/gcc/'
CFLAGS='-g -O2'
CFLAGS_FOR_BUILD='-g -O2'
CFLAGS_FOR_TARGET='-g -O2'
COMPILER_AS_FOR_TARGET='$$r/$(HOST_SUBDIR)/gcc/as'
COMPILER_LD_FOR_TARGET='$$r/$(HOST_SUBDIR)/gcc/collect-ld'
COMPILER_NM_FOR_TARGET='$$r/$(HOST_SUBDIR)/gcc/nm'
CONFIGURE_GDB_TK=''
CPPFLAGS=''
CXX='g++'
CXXFLAGS='-g -O2'
CXXFLAGS_FOR_BUILD='-g -O2'
CXXFLAGS_FOR_TARGET='-g -O2'
CXX_FOR_BUILD='$(CXX)'
CXX_FOR_TARGET='$$r/$(HOST_SUBDIR)/gcc/g++ -B$$r/$(HOST_SUBDIR)/gcc/ -nostdinc++ `if test -f $$r/$(TARGET_SUBDIR)/libstdc++-v3/scripts/testsuite_flags; then $(SHELL) $$r/$(TARGET_SUBDIR)/libstdc++-v3/scripts/testsuite_flags --build-includes; else echo -funconfigured-libstdc++-v3 ; fi` -L$$r/$(TARGET_SUBDIR)/libstdc++-v3/src -L$$r/$(TARGET_SUBDIR)/libstdc++-v3/src/.libs'
DEBUG_PREFIX_CFLAGS_FOR_TARGET=''
DEFS='-DPACKAGE_NAME=\"\" -DPACKAGE_TARNAME=\"\" -DPACKAGE_VERSION=\"\" -DPACKAGE_STRING=\"\" -DPACKAGE_BUGREPORT=\"\" -DPACKAGE_URL=\"\" -DLT_OBJDIR=\".libs/\"'
DLLTOOL='dlltool'
DLLTOOL_FOR_BUILD='$(DLLTOOL)'
DLLTOOL_FOR_TARGET='m68k-atari-mint-dlltool'
ECHO_C='\c'
ECHO_N=''
ECHO_T=''
EXEEXT=''
EXPECT='expect'
FLAGS_FOR_TARGET=' -B$(build_tooldir)/bin/ -B$(build_tooldir)/lib/ -isystem $(build_tooldir)/include -isystem $(build_tooldir)/sys-include'
FLEX='flex'
GCC_FOR_TARGET='$$r/$(HOST_SUBDIR)/gcc/xgcc -B$$r/$(HOST_SUBDIR)/gcc/'
GCC_SHLIB_SUBDIR=''
GCJ_FOR_BUILD='$(GCJ)'
GCJ_FOR_TARGET='m68k-atari-mint-gcj'
GDB_TK=''
GFORTRAN_FOR_BUILD='$(GFORTRAN)'
GFORTRAN_FOR_TARGET='m68k-atari-mint-gfortran'
GNATBIND='no'
GNATMAKE='no'
GOC_FOR_BUILD='$(GOC)'
GOC_FOR_TARGET='m68k-atari-mint-gccgo'
INSTALL_DATA='${INSTALL} -m 644'
INSTALL_GDB_TK=''
INSTALL_PROGRAM='${INSTALL}'
INSTALL_SCRIPT='${INSTALL}'
LD='/Applications/Xcode.app/Contents/Developer/Toolchains/OSX10.10.xctoolchain/usr/bin/ld'
LDFLAGS=''
LDFLAGS_FOR_BUILD=''
LD_FOR_BUILD='$(LD)'
LD_FOR_TARGET='/opt/cross-mint/m68k-atari-mint/bin/ld'
LEX='flex'
LIBOBJS=''
LIBS=''
LIPO='lipo'
LIPO_FOR_TARGET='m68k-atari-mint-lipo'
LN='ln'
LN_S='ln -s'
LTLIBOBJS=''
M4='gm4'
MAINT='#'
MAINTAINER_MODE_FALSE=''
MAINTAINER_MODE_TRUE='#'
MAKEINFO='makeinfo'
NM='nm'
NM_FOR_BUILD='$(NM)'
NM_FOR_TARGET='/opt/cross-mint/m68k-atari-mint/bin/nm'
OBJCOPY='objcopy'
OBJDUMP='objdump'
OBJDUMP_FOR_TARGET='/opt/cross-mint/m68k-atari-mint/bin/objdump'
OBJEXT='o'
PACKAGE_BUGREPORT=''
PACKAGE_NAME=''
PACKAGE_STRING=''
PACKAGE_TARNAME=''
PACKAGE_URL=''
PACKAGE_VERSION=''
PATH_SEPARATOR=':'
RANLIB='ranlib'
RANLIB_FOR_BUILD='$(RANLIB)'
RANLIB_FOR_TARGET='/opt/cross-mint/m68k-atari-mint/bin/ranlib'
RAW_CXX_FOR_TARGET='$$r/$(HOST_SUBDIR)/gcc/xgcc -shared-libgcc -B$$r/$(HOST_SUBDIR)/gcc -nostdinc++ -L$$r/$(TARGET_SUBDIR)/libstdc++-v3/src -L$$r/$(TARGET_SUBDIR)/libstdc++-v3/src/.libs'
RPATH_ENVVAR='DYLD_LIBRARY_PATH'
RUNTEST='runtest'
SED='/usr/bin/sed'
SHELL='/bin/sh'
STRIP='strip'
STRIP_FOR_TARGET='/opt/cross-mint/m68k-atari-mint/bin/strip'
SYSROOT_CFLAGS_FOR_TARGET=''
TOPLEVEL_CONFIGURE_ARGUMENTS='../gcc-4.6.4/configure --prefix=/opt/cross-mint/ --target=m68k-atari-mint --disable-shared target_alias=m68k-atari-mint --enable-languages=c,c++,lto --with-arch=m68k'
WINDMC='windmc'
WINDMC_FOR_BUILD='$(WINDMC)'
WINDMC_FOR_TARGET='m68k-atari-mint-windmc'
WINDRES='windres'
WINDRES_FOR_BUILD='$(WINDRES)'
WINDRES_FOR_TARGET='m68k-atari-mint-windres'
YACC='bison -y'
ac_ct_CC='gcc'
ac_ct_CXX='g++'
bindir='${exec_prefix}/bin'
build='x86_64-apple-darwin14.0.0'
build_alias=''
build_configargs=' --cache-file=../config.cache '\''--prefix=/opt/cross-mint/'\'' '\''--disable-shared'\'' '\''--with-arch=m68k'\'' '\''--enable-languages=c,c++,lto'\'' --program-transform-name='\''s&^&m68k-atari-mint-&'\'' --disable-option-checking'
build_configdirs=' libiberty fixincludes'
build_cpu='x86_64'
build_libsubdir='build-x86_64-apple-darwin14.0.0'
build_noncanonical='x86_64-apple-darwin14.0.0'
build_os='darwin14.0.0'
build_subdir='build-x86_64-apple-darwin14.0.0'
build_tooldir='${exec_prefix}/m68k-atari-mint'
build_vendor='apple'
clooginc=''
clooglibs=''
compare_exclusions='gcc/cc*-checksum$(objext) | gcc/ada/*tools/*'
config_shell='/bin/sh'
configdirs=' intl libiberty zlib libcpp libdecnumber fixincludes gcc lto-plugin'
datadir='${datarootdir}'
datarootdir='${prefix}/share'
do_compare='cmp --ignore-initial=16 $$f1 $$f2'
docdir='${datarootdir}/doc/${PACKAGE}'
dvidir='${docdir}'
exec_prefix='${prefix}'
extra_host_libiberty_configure_flags='--enable-shared'
extra_mpc_gmp_configure_flags=''
extra_mpc_mpfr_configure_flags=''
extra_mpfr_configure_flags=''
gmpinc=''
gmplibs='-lmpc -lmpfr -lgmp'
host='x86_64-apple-darwin14.0.0'
host_alias=''
host_configargs=' --cache-file=./config.cache  '\''--prefix=/opt/cross-mint/'\'' '\''--disable-shared'\'' '\''--with-arch=m68k'\'' '\''--enable-languages=c,c++,lto'\'' --program-transform-name='\''s&^&m68k-atari-mint-&'\'' --disable-option-checking'
host_cpu='x86_64'
host_noncanonical='x86_64-apple-darwin14.0.0'
host_os='darwin14.0.0'
host_subdir='.'
host_vendor='apple'
htmldir='${docdir}'
includedir='${prefix}/include'
infodir='${datarootdir}/info'
libdir='${exec_prefix}/lib'
libexecdir='${exec_prefix}/libexec'
localedir='${datarootdir}/locale'
localstatedir='${prefix}/var'
mandir='${datarootdir}/man'
oldincludedir='/usr/include'
pdfdir='${docdir}'
poststage1_ldflags='-static-libstdc++ -static-libgcc'
poststage1_libs=''
pplinc=''
ppllibs=''
prefix='/opt/cross-mint'
program_transform_name='s&^&m68k-atari-mint-&'
psdir='${docdir}'
sbindir='${exec_prefix}/sbin'
sharedstatedir='${prefix}/com'
stage1_cflags='-g -fkeep-inline-functions'
stage1_checking='--enable-checking=yes,types'
stage1_languages='c,lto'
stage1_ldflags=''
stage1_libs=''
stage2_werror_flag=''
sysconfdir='${prefix}/etc'
target='m68k-atari-mint'
target_alias='m68k-atari-mint'
target_configargs='--cache-file=./config.cache --enable-multilib --with-cross-host=x86_64-apple-darwin14.0.0   '\''--prefix=/opt/cross-mint/'\'' '\''--disable-shared'\'' '\''--with-arch=m68k'\'' '\''--enable-languages=c,c++,lto'\'' --program-transform-name='\''s&^&m68k-atari-mint-&'\'' --disable-option-checking'
target_configdirs=' libgcc libstdc++-v3 libmudflap libssp libquadmath'
target_cpu='m68k'
target_noncanonical='m68k-atari-mint'
target_os='mint'
target_subdir='m68k-atari-mint'
target_vendor='atari'
tooldir='${exec_prefix}/m68k-atari-mint'

## ------------------- ##
## File substitutions. ##
## ------------------- ##

alphaieee_frag='/dev/null'
host_makefile_frag='../gcc-4.6.4/config/mh-darwin'
ospace_frag='/dev/null'
serialization_dependencies='serdep.tmp'
target_makefile_frag='/dev/null'

## ----------- ##
## confdefs.h. ##
## ----------- ##

/* confdefs.h */
#define PACKAGE_NAME ""
#define PACKAGE_TARNAME ""
#define PACKAGE_VERSION ""
#define PACKAGE_STRING ""
#define PACKAGE_BUGREPORT ""
#define PACKAGE_URL ""
#define LT_OBJDIR ".libs/"

configure: exit 0
