This file contains any messages produced by compilers while
running configure, to aid debugging if configure makes a mistake.

It was created by libssp configure 1.0, which was
generated by GNU Autoconf 2.64.  Invocation command line was

  $ /Users/folsson/Downloads/gcc-4.6.4/libssp/configure --cache-file=./config.cache --enable-multilib --with-cross-host=x86_64-apple-darwin13.0.0 --prefix=/opt/cross-mint/ --disable-shared --enable-languages=c,c++,lto --program-transform-name=s&^&m68k-atari-mint-& --disable-option-checking --with-target-subdir=m68k-atari-mint --build=x86_64-apple-darwin13.0.0 --host=m68k-atari-mint --target=m68k-atari-mint --srcdir=../../../gcc-4.6.4/libssp

## --------- ##
## Platform. ##
## --------- ##

hostname = Fredrik-Olsson-Mac
uname -m = x86_64
uname -r = 13.0.0
uname -s = Darwin
uname -v = Darwin Kernel Version 13.0.0: Thu Sep 19 22:22:27 PDT 2013; root:xnu-2422.1.72~6/RELEASE_X86_64

/usr/bin/uname -p = i386
/bin/uname -X     = unknown

/bin/arch              = unknown
/usr/bin/arch -k       = unknown
/usr/convex/getsysinfo = unknown
/usr/bin/hostinfo      = Mach kernel version:
	 Darwin Kernel Version 13.0.0: Thu Sep 19 22:22:27 PDT 2013; root:xnu-2422.1.72~6/RELEASE_X86_64
Kernel configured for up to 8 processors.
4 processors are physically available.
8 processors are logically available.
Processor type: i486 (Intel 80486)
Processors active: 0 1 2 3 4 5 6 7
Primary memory available: 16.00 gigabytes
Default processor set: 237 tasks, 1402 threads, 8 processors
Load average: 2.17, Mach factor: 5.82
/bin/machine           = unknown
/usr/bin/oslevel       = unknown
/bin/universe          = unknown

PATH: /usr/share/java/apache-maven-3.0.5//bin
PATH: /usr/bin
PATH: /bin
PATH: /usr/sbin
PATH: /sbin
PATH: /usr/local/bin
PATH: /usr/local/mysql/bin


## ----------- ##
## Core tests. ##
## ----------- ##

configure:2108: creating cache ./config.cache
configure:2212: checking build system type
configure:2226: result: x86_64-apple-darwin13.0.0
configure:2246: checking host system type
configure:2259: result: m68k-atari-mint
configure:2279: checking target system type
configure:2292: result: m68k-atari-mint
configure:2353: checking for a BSD-compatible install
configure:2421: result: /usr/bin/install -c
configure:2432: checking whether build environment is sane
configure:2482: result: yes
configure:2531: checking for m68k-atari-mint-strip
configure:2558: result: /opt/cross-mint/m68k-atari-mint/bin/strip
configure:2623: checking for a thread-safe mkdir -p
configure:2662: result: ../../../gcc-4.6.4/libssp/../install-sh -c -d
configure:2675: checking for gawk
configure:2702: result: awk
configure:2713: checking whether /Applications/Xcode.app/Contents/Developer/usr/bin/make sets $(MAKE)
configure:2735: result: yes
configure:2816: checking for --enable-version-specific-runtime-libs
configure:2829: result: no
configure:2833: checking whether to enable maintainer-specific portions of Makefiles
configure:2842: result: no
configure:2923: checking for m68k-atari-mint-gcc
configure:2950: result: /Users/folsson/Downloads/gcc-mint/./gcc/xgcc -B/Users/folsson/Downloads/gcc-mint/./gcc/ -B/opt/cross-mint/m68k-atari-mint/bin/ -B/opt/cross-mint/m68k-atari-mint/lib/ -isystem /opt/cross-mint/m68k-atari-mint/include -isystem /opt/cross-mint/m68k-atari-mint/sys-include   
configure:3219: checking for C compiler version
configure:3228: /Users/folsson/Downloads/gcc-mint/./gcc/xgcc -B/Users/folsson/Downloads/gcc-mint/./gcc/ -B/opt/cross-mint/m68k-atari-mint/bin/ -B/opt/cross-mint/m68k-atari-mint/lib/ -isystem /opt/cross-mint/m68k-atari-mint/include -isystem /opt/cross-mint/m68k-atari-mint/sys-include    --version >&5
xgcc (GCC) 4.6.4 (MiNT 20130415)
Copyright (C) 2011 Free Software Foundation, Inc.
This is free software; see the source for copying conditions.  There is NO
warranty; not even for MERCHANTABILITY or FITNESS FOR A PARTICULAR PURPOSE.

configure:3239: $? = 0
configure:3228: /Users/folsson/Downloads/gcc-mint/./gcc/xgcc -B/Users/folsson/Downloads/gcc-mint/./gcc/ -B/opt/cross-mint/m68k-atari-mint/bin/ -B/opt/cross-mint/m68k-atari-mint/lib/ -isystem /opt/cross-mint/m68k-atari-mint/include -isystem /opt/cross-mint/m68k-atari-mint/sys-include    -v >&5
Reading specs from /Users/folsson/Downloads/gcc-mint/./gcc/specs
COLLECT_GCC=/Users/folsson/Downloads/gcc-mint/./gcc/xgcc
COLLECT_LTO_WRAPPER=/Users/folsson/Downloads/gcc-mint/./gcc/lto-wrapper
Target: m68k-atari-mint
Configured with: ../gcc-4.6.4/configure --prefix=/opt/cross-mint/ --target=m68k-atari-mint --enable-languages=c,c++ --disable-shared
Thread model: single
gcc version 4.6.4 (MiNT 20130415) (GCC) 
configure:3239: $? = 0
configure:3228: /Users/folsson/Downloads/gcc-mint/./gcc/xgcc -B/Users/folsson/Downloads/gcc-mint/./gcc/ -B/opt/cross-mint/m68k-atari-mint/bin/ -B/opt/cross-mint/m68k-atari-mint/lib/ -isystem /opt/cross-mint/m68k-atari-mint/include -isystem /opt/cross-mint/m68k-atari-mint/sys-include    -V >&5
xgcc: error: unrecognized option '-V'
xgcc: fatal error: no input files
compilation terminated.
configure:3239: $? = 1
configure:3228: /Users/folsson/Downloads/gcc-mint/./gcc/xgcc -B/Users/folsson/Downloads/gcc-mint/./gcc/ -B/opt/cross-mint/m68k-atari-mint/bin/ -B/opt/cross-mint/m68k-atari-mint/lib/ -isystem /opt/cross-mint/m68k-atari-mint/include -isystem /opt/cross-mint/m68k-atari-mint/sys-include    -qversion >&5
xgcc: error: unrecognized option '-qversion'
xgcc: fatal error: no input files
compilation terminated.
configure:3239: $? = 1
configure:3255: /Users/folsson/Downloads/gcc-mint/./gcc/xgcc -B/Users/folsson/Downloads/gcc-mint/./gcc/ -B/opt/cross-mint/m68k-atari-mint/bin/ -B/opt/cross-mint/m68k-atari-mint/lib/ -isystem /opt/cross-mint/m68k-atari-mint/include -isystem /opt/cross-mint/m68k-atari-mint/sys-include    -o conftest -g -O2   conftest.c  >&5
configure:3258: $? = 0
configure:3287: checking for C compiler default output file name
configure:3309: /Users/folsson/Downloads/gcc-mint/./gcc/xgcc -B/Users/folsson/Downloads/gcc-mint/./gcc/ -B/opt/cross-mint/m68k-atari-mint/bin/ -B/opt/cross-mint/m68k-atari-mint/lib/ -isystem /opt/cross-mint/m68k-atari-mint/include -isystem /opt/cross-mint/m68k-atari-mint/sys-include    -g -O2   conftest.c  >&5
configure:3313: $? = 0
configure:3350: result: a.out
configure:3366: checking whether the C compiler works
configure:3394: result: yes
configure:3401: checking whether we are cross compiling
configure:3403: result: yes
configure:3406: checking for suffix of executables
configure:3413: /Users/folsson/Downloads/gcc-mint/./gcc/xgcc -B/Users/folsson/Downloads/gcc-mint/./gcc/ -B/opt/cross-mint/m68k-atari-mint/bin/ -B/opt/cross-mint/m68k-atari-mint/lib/ -isystem /opt/cross-mint/m68k-atari-mint/include -isystem /opt/cross-mint/m68k-atari-mint/sys-include    -o conftest -g -O2   conftest.c  >&5
configure:3417: $? = 0
configure:3439: result: 
configure:3446: checking for suffix of object files
configure:3468: /Users/folsson/Downloads/gcc-mint/./gcc/xgcc -B/Users/folsson/Downloads/gcc-mint/./gcc/ -B/opt/cross-mint/m68k-atari-mint/bin/ -B/opt/cross-mint/m68k-atari-mint/lib/ -isystem /opt/cross-mint/m68k-atari-mint/include -isystem /opt/cross-mint/m68k-atari-mint/sys-include    -c -g -O2  conftest.c >&5
configure:3472: $? = 0
configure:3493: result: o
configure:3497: checking whether we are using the GNU C compiler
configure:3516: /Users/folsson/Downloads/gcc-mint/./gcc/xgcc -B/Users/folsson/Downloads/gcc-mint/./gcc/ -B/opt/cross-mint/m68k-atari-mint/bin/ -B/opt/cross-mint/m68k-atari-mint/lib/ -isystem /opt/cross-mint/m68k-atari-mint/include -isystem /opt/cross-mint/m68k-atari-mint/sys-include    -c -g -O2  conftest.c >&5
configure:3516: $? = 0
configure:3525: result: yes
configure:3534: checking whether /Users/folsson/Downloads/gcc-mint/./gcc/xgcc -B/Users/folsson/Downloads/gcc-mint/./gcc/ -B/opt/cross-mint/m68k-atari-mint/bin/ -B/opt/cross-mint/m68k-atari-mint/lib/ -isystem /opt/cross-mint/m68k-atari-mint/include -isystem /opt/cross-mint/m68k-atari-mint/sys-include    accepts -g
configure:3554: /Users/folsson/Downloads/gcc-mint/./gcc/xgcc -B/Users/folsson/Downloads/gcc-mint/./gcc/ -B/opt/cross-mint/m68k-atari-mint/bin/ -B/opt/cross-mint/m68k-atari-mint/lib/ -isystem /opt/cross-mint/m68k-atari-mint/include -isystem /opt/cross-mint/m68k-atari-mint/sys-include    -c -g  conftest.c >&5
configure:3554: $? = 0
configure:3595: result: yes
configure:3612: checking for /Users/folsson/Downloads/gcc-mint/./gcc/xgcc -B/Users/folsson/Downloads/gcc-mint/./gcc/ -B/opt/cross-mint/m68k-atari-mint/bin/ -B/opt/cross-mint/m68k-atari-mint/lib/ -isystem /opt/cross-mint/m68k-atari-mint/include -isystem /opt/cross-mint/m68k-atari-mint/sys-include    option to accept ISO C89
configure:3676: /Users/folsson/Downloads/gcc-mint/./gcc/xgcc -B/Users/folsson/Downloads/gcc-mint/./gcc/ -B/opt/cross-mint/m68k-atari-mint/bin/ -B/opt/cross-mint/m68k-atari-mint/lib/ -isystem /opt/cross-mint/m68k-atari-mint/include -isystem /opt/cross-mint/m68k-atari-mint/sys-include     -c -g -O2  conftest.c >&5
configure:3676: $? = 0
configure:3689: result: none needed
configure:3720: checking for style of include used by /Applications/Xcode.app/Contents/Developer/usr/bin/make
configure:3748: result: GNU
configure:3773: checking dependency style of /Users/folsson/Downloads/gcc-mint/./gcc/xgcc -B/Users/folsson/Downloads/gcc-mint/./gcc/ -B/opt/cross-mint/m68k-atari-mint/bin/ -B/opt/cross-mint/m68k-atari-mint/lib/ -isystem /opt/cross-mint/m68k-atari-mint/include -isystem /opt/cross-mint/m68k-atari-mint/sys-include   
configure:3883: result: gcc3
configure:3910: checking how to run the C preprocessor
configure:3941: /Users/folsson/Downloads/gcc-mint/./gcc/xgcc -B/Users/folsson/Downloads/gcc-mint/./gcc/ -B/opt/cross-mint/m68k-atari-mint/bin/ -B/opt/cross-mint/m68k-atari-mint/lib/ -isystem /opt/cross-mint/m68k-atari-mint/include -isystem /opt/cross-mint/m68k-atari-mint/sys-include    -E  conftest.c
configure:3941: $? = 0
configure:3955: /Users/folsson/Downloads/gcc-mint/./gcc/xgcc -B/Users/folsson/Downloads/gcc-mint/./gcc/ -B/opt/cross-mint/m68k-atari-mint/bin/ -B/opt/cross-mint/m68k-atari-mint/lib/ -isystem /opt/cross-mint/m68k-atari-mint/include -isystem /opt/cross-mint/m68k-atari-mint/sys-include    -E  conftest.c
conftest.c:11:28: fatal error: ac_nonexistent.h: No such file or directory
compilation terminated.
configure:3955: $? = 1
configure: failed program was:
| /* confdefs.h */
| #define PACKAGE_NAME "libssp"
| #define PACKAGE_TARNAME "libssp"
| #define PACKAGE_VERSION "1.0"
| #define PACKAGE_STRING "libssp 1.0"
| #define PACKAGE_BUGREPORT ""
| #define PACKAGE_URL ""
| #define PACKAGE "libssp"
| #define VERSION "1.0"
| /* end confdefs.h.  */
| #include <ac_nonexistent.h>
configure:3980: result: /Users/folsson/Downloads/gcc-mint/./gcc/xgcc -B/Users/folsson/Downloads/gcc-mint/./gcc/ -B/opt/cross-mint/m68k-atari-mint/bin/ -B/opt/cross-mint/m68k-atari-mint/lib/ -isystem /opt/cross-mint/m68k-atari-mint/include -isystem /opt/cross-mint/m68k-atari-mint/sys-include    -E
configure:4000: /Users/folsson/Downloads/gcc-mint/./gcc/xgcc -B/Users/folsson/Downloads/gcc-mint/./gcc/ -B/opt/cross-mint/m68k-atari-mint/bin/ -B/opt/cross-mint/m68k-atari-mint/lib/ -isystem /opt/cross-mint/m68k-atari-mint/include -isystem /opt/cross-mint/m68k-atari-mint/sys-include    -E  conftest.c
configure:4000: $? = 0
configure:4014: /Users/folsson/Downloads/gcc-mint/./gcc/xgcc -B/Users/folsson/Downloads/gcc-mint/./gcc/ -B/opt/cross-mint/m68k-atari-mint/bin/ -B/opt/cross-mint/m68k-atari-mint/lib/ -isystem /opt/cross-mint/m68k-atari-mint/include -isystem /opt/cross-mint/m68k-atari-mint/sys-include    -E  conftest.c
conftest.c:11:28: fatal error: ac_nonexistent.h: No such file or directory
compilation terminated.
configure:4014: $? = 1
configure: failed program was:
| /* confdefs.h */
| #define PACKAGE_NAME "libssp"
| #define PACKAGE_TARNAME "libssp"
| #define PACKAGE_VERSION "1.0"
| #define PACKAGE_STRING "libssp 1.0"
| #define PACKAGE_BUGREPORT ""
| #define PACKAGE_URL ""
| #define PACKAGE "libssp"
| #define VERSION "1.0"
| /* end confdefs.h.  */
| #include <ac_nonexistent.h>
configure:4043: checking whether -fstack-protector works
configure:4063: /Users/folsson/Downloads/gcc-mint/./gcc/xgcc -B/Users/folsson/Downloads/gcc-mint/./gcc/ -B/opt/cross-mint/m68k-atari-mint/bin/ -B/opt/cross-mint/m68k-atari-mint/lib/ -isystem /opt/cross-mint/m68k-atari-mint/include -isystem /opt/cross-mint/m68k-atari-mint/sys-include    -c -g -O2 -fstack-protector -Werror  conftest.c >&5
configure:4063: $? = 0
configure:4064: result: yes
configure:4073: checking whether hidden visibility is supported
configure:4087: /Users/folsson/Downloads/gcc-mint/./gcc/xgcc -B/Users/folsson/Downloads/gcc-mint/./gcc/ -B/opt/cross-mint/m68k-atari-mint/bin/ -B/opt/cross-mint/m68k-atari-mint/lib/ -isystem /opt/cross-mint/m68k-atari-mint/include -isystem /opt/cross-mint/m68k-atari-mint/sys-include    -c -g -O2  conftest.c >&5
conftest.c: In function 'bar':
conftest.c:12:1: warning: visibility attribute not supported in this configuration; ignored [-Wattributes]
configure:4087: $? = 0
configure:4093: result: yes
configure:4101: checking whether symbol versioning is supported
configure:4137: /Users/folsson/Downloads/gcc-mint/./gcc/xgcc -B/Users/folsson/Downloads/gcc-mint/./gcc/ -B/opt/cross-mint/m68k-atari-mint/bin/ -B/opt/cross-mint/m68k-atari-mint/lib/ -isystem /opt/cross-mint/m68k-atari-mint/include -isystem /opt/cross-mint/m68k-atari-mint/sys-include    -o conftest -g -O2   -fPIC -shared -Wl,--version-script,./conftest.map conftest.c  >&5
xgcc: error: unrecognized option '-shared'
configure:4137: $? = 1
configure: failed program was:
| /* confdefs.h */
| #define PACKAGE_NAME "libssp"
| #define PACKAGE_TARNAME "libssp"
| #define PACKAGE_VERSION "1.0"
| #define PACKAGE_STRING "libssp 1.0"
| #define PACKAGE_BUGREPORT ""
| #define PACKAGE_URL ""
| #define PACKAGE "libssp"
| #define VERSION "1.0"
| #define HAVE_HIDDEN_VISIBILITY 1
| /* end confdefs.h.  */
| int foo;
| int
| main ()
| {
| 
|   ;
|   return 0;
| }
configure:4182: result: no
configure:4210: checking for grep that handles long lines and -e
configure:4268: result: /usr/bin/grep
configure:4273: checking for egrep
configure:4335: result: /usr/bin/grep -E
configure:4340: checking for ANSI C header files
configure:4360: /Users/folsson/Downloads/gcc-mint/./gcc/xgcc -B/Users/folsson/Downloads/gcc-mint/./gcc/ -B/opt/cross-mint/m68k-atari-mint/bin/ -B/opt/cross-mint/m68k-atari-mint/lib/ -isystem /opt/cross-mint/m68k-atari-mint/include -isystem /opt/cross-mint/m68k-atari-mint/sys-include    -c -g -O2  conftest.c >&5
configure:4360: $? = 0
configure:4444: result: yes
configure:4457: checking for sys/types.h
configure:4457: /Users/folsson/Downloads/gcc-mint/./gcc/xgcc -B/Users/folsson/Downloads/gcc-mint/./gcc/ -B/opt/cross-mint/m68k-atari-mint/bin/ -B/opt/cross-mint/m68k-atari-mint/lib/ -isystem /opt/cross-mint/m68k-atari-mint/include -isystem /opt/cross-mint/m68k-atari-mint/sys-include    -c -g -O2  conftest.c >&5
configure:4457: $? = 0
configure:4457: result: yes
configure:4457: checking for sys/stat.h
configure:4457: /Users/folsson/Downloads/gcc-mint/./gcc/xgcc -B/Users/folsson/Downloads/gcc-mint/./gcc/ -B/opt/cross-mint/m68k-atari-mint/bin/ -B/opt/cross-mint/m68k-atari-mint/lib/ -isystem /opt/cross-mint/m68k-atari-mint/include -isystem /opt/cross-mint/m68k-atari-mint/sys-include    -c -g -O2  conftest.c >&5
configure:4457: $? = 0
configure:4457: result: yes
configure:4457: checking for stdlib.h
configure:4457: /Users/folsson/Downloads/gcc-mint/./gcc/xgcc -B/Users/folsson/Downloads/gcc-mint/./gcc/ -B/opt/cross-mint/m68k-atari-mint/bin/ -B/opt/cross-mint/m68k-atari-mint/lib/ -isystem /opt/cross-mint/m68k-atari-mint/include -isystem /opt/cross-mint/m68k-atari-mint/sys-include    -c -g -O2  conftest.c >&5
configure:4457: $? = 0
configure:4457: result: yes
configure:4457: checking for string.h
configure:4457: /Users/folsson/Downloads/gcc-mint/./gcc/xgcc -B/Users/folsson/Downloads/gcc-mint/./gcc/ -B/opt/cross-mint/m68k-atari-mint/bin/ -B/opt/cross-mint/m68k-atari-mint/lib/ -isystem /opt/cross-mint/m68k-atari-mint/include -isystem /opt/cross-mint/m68k-atari-mint/sys-include    -c -g -O2  conftest.c >&5
configure:4457: $? = 0
configure:4457: result: yes
configure:4457: checking for memory.h
configure:4457: /Users/folsson/Downloads/gcc-mint/./gcc/xgcc -B/Users/folsson/Downloads/gcc-mint/./gcc/ -B/opt/cross-mint/m68k-atari-mint/bin/ -B/opt/cross-mint/m68k-atari-mint/lib/ -isystem /opt/cross-mint/m68k-atari-mint/include -isystem /opt/cross-mint/m68k-atari-mint/sys-include    -c -g -O2  conftest.c >&5
configure:4457: $? = 0
configure:4457: result: yes
configure:4457: checking for strings.h
configure:4457: /Users/folsson/Downloads/gcc-mint/./gcc/xgcc -B/Users/folsson/Downloads/gcc-mint/./gcc/ -B/opt/cross-mint/m68k-atari-mint/bin/ -B/opt/cross-mint/m68k-atari-mint/lib/ -isystem /opt/cross-mint/m68k-atari-mint/include -isystem /opt/cross-mint/m68k-atari-mint/sys-include    -c -g -O2  conftest.c >&5
configure:4457: $? = 0
configure:4457: result: yes
configure:4457: checking for inttypes.h
configure:4457: /Users/folsson/Downloads/gcc-mint/./gcc/xgcc -B/Users/folsson/Downloads/gcc-mint/./gcc/ -B/opt/cross-mint/m68k-atari-mint/bin/ -B/opt/cross-mint/m68k-atari-mint/lib/ -isystem /opt/cross-mint/m68k-atari-mint/include -isystem /opt/cross-mint/m68k-atari-mint/sys-include    -c -g -O2  conftest.c >&5
configure:4457: $? = 0
configure:4457: result: yes
configure:4457: checking for stdint.h
configure:4457: /Users/folsson/Downloads/gcc-mint/./gcc/xgcc -B/Users/folsson/Downloads/gcc-mint/./gcc/ -B/opt/cross-mint/m68k-atari-mint/bin/ -B/opt/cross-mint/m68k-atari-mint/lib/ -isystem /opt/cross-mint/m68k-atari-mint/include -isystem /opt/cross-mint/m68k-atari-mint/sys-include    -c -g -O2  conftest.c >&5
configure:4457: $? = 0
configure:4457: result: yes
configure:4457: checking for unistd.h
configure:4457: /Users/folsson/Downloads/gcc-mint/./gcc/xgcc -B/Users/folsson/Downloads/gcc-mint/./gcc/ -B/opt/cross-mint/m68k-atari-mint/bin/ -B/opt/cross-mint/m68k-atari-mint/lib/ -isystem /opt/cross-mint/m68k-atari-mint/include -isystem /opt/cross-mint/m68k-atari-mint/sys-include    -c -g -O2  conftest.c >&5
configure:4457: $? = 0
configure:4457: result: yes
configure:4473: checking alloca.h usability
configure:4473: /Users/folsson/Downloads/gcc-mint/./gcc/xgcc -B/Users/folsson/Downloads/gcc-mint/./gcc/ -B/opt/cross-mint/m68k-atari-mint/bin/ -B/opt/cross-mint/m68k-atari-mint/lib/ -isystem /opt/cross-mint/m68k-atari-mint/include -isystem /opt/cross-mint/m68k-atari-mint/sys-include    -c -g -O2  conftest.c >&5
configure:4473: $? = 0
configure:4473: result: yes
configure:4473: checking alloca.h presence
configure:4473: /Users/folsson/Downloads/gcc-mint/./gcc/xgcc -B/Users/folsson/Downloads/gcc-mint/./gcc/ -B/opt/cross-mint/m68k-atari-mint/bin/ -B/opt/cross-mint/m68k-atari-mint/lib/ -isystem /opt/cross-mint/m68k-atari-mint/include -isystem /opt/cross-mint/m68k-atari-mint/sys-include    -E  conftest.c
configure:4473: $? = 0
configure:4473: result: yes
configure:4473: checking for alloca.h
configure:4473: result: yes
configure:4473: checking malloc.h usability
configure:4473: /Users/folsson/Downloads/gcc-mint/./gcc/xgcc -B/Users/folsson/Downloads/gcc-mint/./gcc/ -B/opt/cross-mint/m68k-atari-mint/bin/ -B/opt/cross-mint/m68k-atari-mint/lib/ -isystem /opt/cross-mint/m68k-atari-mint/include -isystem /opt/cross-mint/m68k-atari-mint/sys-include    -c -g -O2  conftest.c >&5
configure:4473: $? = 0
configure:4473: result: yes
configure:4473: checking malloc.h presence
configure:4473: /Users/folsson/Downloads/gcc-mint/./gcc/xgcc -B/Users/folsson/Downloads/gcc-mint/./gcc/ -B/opt/cross-mint/m68k-atari-mint/bin/ -B/opt/cross-mint/m68k-atari-mint/lib/ -isystem /opt/cross-mint/m68k-atari-mint/include -isystem /opt/cross-mint/m68k-atari-mint/sys-include    -E  conftest.c
configure:4473: $? = 0
configure:4473: result: yes
configure:4473: checking for malloc.h
configure:4473: result: yes
configure:4473: checking paths.h usability
configure:4473: /Users/folsson/Downloads/gcc-mint/./gcc/xgcc -B/Users/folsson/Downloads/gcc-mint/./gcc/ -B/opt/cross-mint/m68k-atari-mint/bin/ -B/opt/cross-mint/m68k-atari-mint/lib/ -isystem /opt/cross-mint/m68k-atari-mint/include -isystem /opt/cross-mint/m68k-atari-mint/sys-include    -c -g -O2  conftest.c >&5
configure:4473: $? = 0
configure:4473: result: yes
configure:4473: checking paths.h presence
configure:4473: /Users/folsson/Downloads/gcc-mint/./gcc/xgcc -B/Users/folsson/Downloads/gcc-mint/./gcc/ -B/opt/cross-mint/m68k-atari-mint/bin/ -B/opt/cross-mint/m68k-atari-mint/lib/ -isystem /opt/cross-mint/m68k-atari-mint/include -isystem /opt/cross-mint/m68k-atari-mint/sys-include    -E  conftest.c
configure:4473: $? = 0
configure:4473: result: yes
configure:4473: checking for paths.h
configure:4473: result: yes
configure:4473: checking syslog.h usability
configure:4473: /Users/folsson/Downloads/gcc-mint/./gcc/xgcc -B/Users/folsson/Downloads/gcc-mint/./gcc/ -B/opt/cross-mint/m68k-atari-mint/bin/ -B/opt/cross-mint/m68k-atari-mint/lib/ -isystem /opt/cross-mint/m68k-atari-mint/include -isystem /opt/cross-mint/m68k-atari-mint/sys-include    -c -g -O2  conftest.c >&5
configure:4473: $? = 0
configure:4473: result: yes
configure:4473: checking syslog.h presence
configure:4473: /Users/folsson/Downloads/gcc-mint/./gcc/xgcc -B/Users/folsson/Downloads/gcc-mint/./gcc/ -B/opt/cross-mint/m68k-atari-mint/bin/ -B/opt/cross-mint/m68k-atari-mint/lib/ -isystem /opt/cross-mint/m68k-atari-mint/include -isystem /opt/cross-mint/m68k-atari-mint/sys-include    -E  conftest.c
configure:4473: $? = 0
configure:4473: result: yes
configure:4473: checking for syslog.h
configure:4473: result: yes
configure:4473: checking for string.h
configure:4473: result: yes
configure:4473: checking for unistd.h
configure:4473: result: yes
configure:4473: checking fcntl.h usability
configure:4473: /Users/folsson/Downloads/gcc-mint/./gcc/xgcc -B/Users/folsson/Downloads/gcc-mint/./gcc/ -B/opt/cross-mint/m68k-atari-mint/bin/ -B/opt/cross-mint/m68k-atari-mint/lib/ -isystem /opt/cross-mint/m68k-atari-mint/include -isystem /opt/cross-mint/m68k-atari-mint/sys-include    -c -g -O2  conftest.c >&5
configure:4473: $? = 0
configure:4473: result: yes
configure:4473: checking fcntl.h presence
configure:4473: /Users/folsson/Downloads/gcc-mint/./gcc/xgcc -B/Users/folsson/Downloads/gcc-mint/./gcc/ -B/opt/cross-mint/m68k-atari-mint/bin/ -B/opt/cross-mint/m68k-atari-mint/lib/ -isystem /opt/cross-mint/m68k-atari-mint/include -isystem /opt/cross-mint/m68k-atari-mint/sys-include    -E  conftest.c
configure:4473: $? = 0
configure:4473: result: yes
configure:4473: checking for fcntl.h
configure:4473: result: yes
configure:4473: checking stdio.h usability
configure:4473: /Users/folsson/Downloads/gcc-mint/./gcc/xgcc -B/Users/folsson/Downloads/gcc-mint/./gcc/ -B/opt/cross-mint/m68k-atari-mint/bin/ -B/opt/cross-mint/m68k-atari-mint/lib/ -isystem /opt/cross-mint/m68k-atari-mint/include -isystem /opt/cross-mint/m68k-atari-mint/sys-include    -c -g -O2  conftest.c >&5
configure:4473: $? = 0
configure:4473: result: yes
configure:4473: checking stdio.h presence
configure:4473: /Users/folsson/Downloads/gcc-mint/./gcc/xgcc -B/Users/folsson/Downloads/gcc-mint/./gcc/ -B/opt/cross-mint/m68k-atari-mint/bin/ -B/opt/cross-mint/m68k-atari-mint/lib/ -isystem /opt/cross-mint/m68k-atari-mint/include -isystem /opt/cross-mint/m68k-atari-mint/sys-include    -E  conftest.c
configure:4473: $? = 0
configure:4473: result: yes
configure:4473: checking for stdio.h
configure:4473: result: yes
configure:4473: checking limits.h usability
configure:4473: /Users/folsson/Downloads/gcc-mint/./gcc/xgcc -B/Users/folsson/Downloads/gcc-mint/./gcc/ -B/opt/cross-mint/m68k-atari-mint/bin/ -B/opt/cross-mint/m68k-atari-mint/lib/ -isystem /opt/cross-mint/m68k-atari-mint/include -isystem /opt/cross-mint/m68k-atari-mint/sys-include    -c -g -O2  conftest.c >&5
configure:4473: $? = 0
configure:4473: result: yes
configure:4473: checking limits.h presence
configure:4473: /Users/folsson/Downloads/gcc-mint/./gcc/xgcc -B/Users/folsson/Downloads/gcc-mint/./gcc/ -B/opt/cross-mint/m68k-atari-mint/bin/ -B/opt/cross-mint/m68k-atari-mint/lib/ -isystem /opt/cross-mint/m68k-atari-mint/include -isystem /opt/cross-mint/m68k-atari-mint/sys-include    -E  conftest.c
configure:4473: $? = 0
configure:4473: result: yes
configure:4473: checking for limits.h
configure:4473: result: yes
configure:4496: checking for memmove
configure:4496: /Users/folsson/Downloads/gcc-mint/./gcc/xgcc -B/Users/folsson/Downloads/gcc-mint/./gcc/ -B/opt/cross-mint/m68k-atari-mint/bin/ -B/opt/cross-mint/m68k-atari-mint/lib/ -isystem /opt/cross-mint/m68k-atari-mint/include -isystem /opt/cross-mint/m68k-atari-mint/sys-include    -o conftest -g -O2   conftest.c  >&5
conftest.c:54:6: warning: conflicting types for built-in function 'memmove' [enabled by default]
configure:4496: $? = 0
configure:4496: result: yes
configure:4496: checking for mempcpy
configure:4496: /Users/folsson/Downloads/gcc-mint/./gcc/xgcc -B/Users/folsson/Downloads/gcc-mint/./gcc/ -B/opt/cross-mint/m68k-atari-mint/bin/ -B/opt/cross-mint/m68k-atari-mint/lib/ -isystem /opt/cross-mint/m68k-atari-mint/include -isystem /opt/cross-mint/m68k-atari-mint/sys-include    -o conftest -g -O2   conftest.c  >&5
conftest.c:55:6: warning: conflicting types for built-in function 'mempcpy' [enabled by default]
configure:4496: $? = 0
configure:4496: result: yes
configure:4496: checking for strncpy
configure:4496: /Users/folsson/Downloads/gcc-mint/./gcc/xgcc -B/Users/folsson/Downloads/gcc-mint/./gcc/ -B/opt/cross-mint/m68k-atari-mint/bin/ -B/opt/cross-mint/m68k-atari-mint/lib/ -isystem /opt/cross-mint/m68k-atari-mint/include -isystem /opt/cross-mint/m68k-atari-mint/sys-include    -o conftest -g -O2   conftest.c  >&5
conftest.c:56:6: warning: conflicting types for built-in function 'strncpy' [enabled by default]
configure:4496: $? = 0
configure:4496: result: yes
configure:4496: checking for strncat
configure:4496: /Users/folsson/Downloads/gcc-mint/./gcc/xgcc -B/Users/folsson/Downloads/gcc-mint/./gcc/ -B/opt/cross-mint/m68k-atari-mint/bin/ -B/opt/cross-mint/m68k-atari-mint/lib/ -isystem /opt/cross-mint/m68k-atari-mint/include -isystem /opt/cross-mint/m68k-atari-mint/sys-include    -o conftest -g -O2   conftest.c  >&5
conftest.c:57:6: warning: conflicting types for built-in function 'strncat' [enabled by default]
configure:4496: $? = 0
configure:4496: result: yes
configure:4508: checking whether vsnprintf is usable
configure:4555: result: no
configure:4606: checking how to print strings
configure:4633: result: printf
configure:4654: checking for a sed that does not truncate output
configure:4718: result: /usr/bin/sed
configure:4736: checking for fgrep
configure:4798: result: /usr/bin/grep -F
configure:4833: checking for ld used by /Users/folsson/Downloads/gcc-mint/./gcc/xgcc -B/Users/folsson/Downloads/gcc-mint/./gcc/ -B/opt/cross-mint/m68k-atari-mint/bin/ -B/opt/cross-mint/m68k-atari-mint/lib/ -isystem /opt/cross-mint/m68k-atari-mint/include -isystem /opt/cross-mint/m68k-atari-mint/sys-include   
configure:4900: result: /Users/folsson/Downloads/gcc-mint/./gcc/collect-ld
configure:4907: checking if the linker (/Users/folsson/Downloads/gcc-mint/./gcc/collect-ld) is GNU ld
configure:4922: result: yes
configure:4934: checking for BSD- or MS-compatible name lister (nm)
configure:4983: result: /Users/folsson/Downloads/gcc-mint/./gcc/nm
configure:5113: checking the name lister (/Users/folsson/Downloads/gcc-mint/./gcc/nm) interface
configure:5120: /Users/folsson/Downloads/gcc-mint/./gcc/xgcc -B/Users/folsson/Downloads/gcc-mint/./gcc/ -B/opt/cross-mint/m68k-atari-mint/bin/ -B/opt/cross-mint/m68k-atari-mint/lib/ -isystem /opt/cross-mint/m68k-atari-mint/include -isystem /opt/cross-mint/m68k-atari-mint/sys-include    -c -g -O2  conftest.c >&5
configure:5123: /Users/folsson/Downloads/gcc-mint/./gcc/nm "conftest.o"
configure:5126: output
00000000 t .Ltext0
00000000 B _some_variable
configure:5133: result: BSD nm
configure:5136: checking whether ln -s works
configure:5140: result: yes
configure:5148: checking the maximum length of command line arguments
configure:5279: result: 196608
configure:5296: checking whether the shell understands some XSI constructs
configure:5306: result: yes
configure:5310: checking whether the shell understands "+="
configure:5316: result: yes
configure:5351: checking for /Users/folsson/Downloads/gcc-mint/./gcc/collect-ld option to reload object files
configure:5358: result: -r
configure:5387: checking for m68k-atari-mint-objdump
configure:5414: result: /opt/cross-mint/m68k-atari-mint/bin/objdump
configure:5486: checking how to recognize dependent libraries
configure:5687: result: unknown
configure:5707: checking for m68k-atari-mint-ar
configure:5734: result: /opt/cross-mint/m68k-atari-mint/bin/ar
configure:5812: checking for m68k-atari-mint-strip
configure:5839: result: /opt/cross-mint/m68k-atari-mint/bin/strip
configure:5911: checking for m68k-atari-mint-ranlib
configure:5938: result: /opt/cross-mint/m68k-atari-mint/bin/ranlib
configure:6080: checking command to parse /Users/folsson/Downloads/gcc-mint/./gcc/nm output from /Users/folsson/Downloads/gcc-mint/./gcc/xgcc -B/Users/folsson/Downloads/gcc-mint/./gcc/ -B/opt/cross-mint/m68k-atari-mint/bin/ -B/opt/cross-mint/m68k-atari-mint/lib/ -isystem /opt/cross-mint/m68k-atari-mint/include -isystem /opt/cross-mint/m68k-atari-mint/sys-include    object
configure:6198: /Users/folsson/Downloads/gcc-mint/./gcc/xgcc -B/Users/folsson/Downloads/gcc-mint/./gcc/ -B/opt/cross-mint/m68k-atari-mint/bin/ -B/opt/cross-mint/m68k-atari-mint/lib/ -isystem /opt/cross-mint/m68k-atari-mint/include -isystem /opt/cross-mint/m68k-atari-mint/sys-include    -c -g -O2  conftest.c >&5
configure:6201: $? = 0
configure:6205: /Users/folsson/Downloads/gcc-mint/./gcc/nm conftest.o \| sed -n -e 's/^.*[ ]\([ABCDGIRSTW][ABCDGIRSTW]*\)[ ][ ]*\([_A-Za-z][_A-Za-z0-9]*\)$/\1 \2 \2/p' \> conftest.nm
configure:6208: $? = 0
cannot find nm_test_var in conftest.nm
configure:6198: /Users/folsson/Downloads/gcc-mint/./gcc/xgcc -B/Users/folsson/Downloads/gcc-mint/./gcc/ -B/opt/cross-mint/m68k-atari-mint/bin/ -B/opt/cross-mint/m68k-atari-mint/lib/ -isystem /opt/cross-mint/m68k-atari-mint/include -isystem /opt/cross-mint/m68k-atari-mint/sys-include    -c -g -O2  conftest.c >&5
configure:6201: $? = 0
configure:6205: /Users/folsson/Downloads/gcc-mint/./gcc/nm conftest.o \| sed -n -e 's/^.*[ ]\([ABCDGIRSTW][ABCDGIRSTW]*\)[ ][ ]*_\([_A-Za-z][_A-Za-z0-9]*\)$/\1 _\2 \2/p' \> conftest.nm
configure:6208: $? = 0
configure:6262: /Users/folsson/Downloads/gcc-mint/./gcc/xgcc -B/Users/folsson/Downloads/gcc-mint/./gcc/ -B/opt/cross-mint/m68k-atari-mint/bin/ -B/opt/cross-mint/m68k-atari-mint/lib/ -isystem /opt/cross-mint/m68k-atari-mint/include -isystem /opt/cross-mint/m68k-atari-mint/sys-include    -o conftest -g -O2   conftest.c conftstm.o >&5
configure:6265: $? = 0
configure:6303: result: ok
configure:7144: checking for dlfcn.h
configure:7144: /Users/folsson/Downloads/gcc-mint/./gcc/xgcc -B/Users/folsson/Downloads/gcc-mint/./gcc/ -B/opt/cross-mint/m68k-atari-mint/bin/ -B/opt/cross-mint/m68k-atari-mint/lib/ -isystem /opt/cross-mint/m68k-atari-mint/include -isystem /opt/cross-mint/m68k-atari-mint/sys-include    -c -g -O2  conftest.c >&5
conftest.c:69:19: fatal error: dlfcn.h: No such file or directory
compilation terminated.
configure:7144: $? = 1
configure: failed program was:
| /* confdefs.h */
| #define PACKAGE_NAME "libssp"
| #define PACKAGE_TARNAME "libssp"
| #define PACKAGE_VERSION "1.0"
| #define PACKAGE_STRING "libssp 1.0"
| #define PACKAGE_BUGREPORT ""
| #define PACKAGE_URL ""
| #define PACKAGE "libssp"
| #define VERSION "1.0"
| #define HAVE_HIDDEN_VISIBILITY 1
| #define STDC_HEADERS 1
| #define HAVE_SYS_TYPES_H 1
| #define HAVE_SYS_STAT_H 1
| #define HAVE_STDLIB_H 1
| #define HAVE_STRING_H 1
| #define HAVE_MEMORY_H 1
| #define HAVE_STRINGS_H 1
| #define HAVE_INTTYPES_H 1
| #define HAVE_STDINT_H 1
| #define HAVE_UNISTD_H 1
| #define HAVE_ALLOCA_H 1
| #define HAVE_MALLOC_H 1
| #define HAVE_PATHS_H 1
| #define HAVE_SYSLOG_H 1
| #define HAVE_STRING_H 1
| #define HAVE_UNISTD_H 1
| #define HAVE_FCNTL_H 1
| #define HAVE_STDIO_H 1
| #define HAVE_LIMITS_H 1
| #define HAVE_MEMMOVE 1
| #define HAVE_MEMPCPY 1
| #define HAVE_STRNCPY 1
| #define HAVE_STRNCAT 1
| /* end confdefs.h.  */
| #include <stdio.h>
| #ifdef HAVE_SYS_TYPES_H
| # include <sys/types.h>
| #endif
| #ifdef HAVE_SYS_STAT_H
| # include <sys/stat.h>
| #endif
| #ifdef STDC_HEADERS
| # include <stdlib.h>
| # include <stddef.h>
| #else
| # ifdef HAVE_STDLIB_H
| #  include <stdlib.h>
| # endif
| #endif
| #ifdef HAVE_STRING_H
| # if !defined STDC_HEADERS && defined HAVE_MEMORY_H
| #  include <memory.h>
| # endif
| # include <string.h>
| #endif
| #ifdef HAVE_STRINGS_H
| # include <strings.h>
| #endif
| #ifdef HAVE_INTTYPES_H
| # include <inttypes.h>
| #endif
| #ifdef HAVE_STDINT_H
| # include <stdint.h>
| #endif
| #ifdef HAVE_UNISTD_H
| # include <unistd.h>
| #endif
| 
| #include <dlfcn.h>
configure:7144: result: no
configure:7331: checking for objdir
configure:7346: result: .libs
configure:7617: checking if /Users/folsson/Downloads/gcc-mint/./gcc/xgcc -B/Users/folsson/Downloads/gcc-mint/./gcc/ -B/opt/cross-mint/m68k-atari-mint/bin/ -B/opt/cross-mint/m68k-atari-mint/lib/ -isystem /opt/cross-mint/m68k-atari-mint/include -isystem /opt/cross-mint/m68k-atari-mint/sys-include    supports -fno-rtti -fno-exceptions
configure:7635: /Users/folsson/Downloads/gcc-mint/./gcc/xgcc -B/Users/folsson/Downloads/gcc-mint/./gcc/ -B/opt/cross-mint/m68k-atari-mint/bin/ -B/opt/cross-mint/m68k-atari-mint/lib/ -isystem /opt/cross-mint/m68k-atari-mint/include -isystem /opt/cross-mint/m68k-atari-mint/sys-include    -c -g -O2  -fno-rtti -fno-exceptions conftest.c >&5
cc1: warning: command line option '-fno-rtti' is valid for C++/ObjC++ but not for C [enabled by default]
configure:7639: $? = 0
configure:7652: result: no
configure:7672: checking for /Users/folsson/Downloads/gcc-mint/./gcc/xgcc -B/Users/folsson/Downloads/gcc-mint/./gcc/ -B/opt/cross-mint/m68k-atari-mint/bin/ -B/opt/cross-mint/m68k-atari-mint/lib/ -isystem /opt/cross-mint/m68k-atari-mint/include -isystem /opt/cross-mint/m68k-atari-mint/sys-include    option to produce PIC
configure:7957: result: -fPIC -DPIC
configure:7969: checking if /Users/folsson/Downloads/gcc-mint/./gcc/xgcc -B/Users/folsson/Downloads/gcc-mint/./gcc/ -B/opt/cross-mint/m68k-atari-mint/bin/ -B/opt/cross-mint/m68k-atari-mint/lib/ -isystem /opt/cross-mint/m68k-atari-mint/include -isystem /opt/cross-mint/m68k-atari-mint/sys-include    PIC flag -fPIC -DPIC works
configure:7987: /Users/folsson/Downloads/gcc-mint/./gcc/xgcc -B/Users/folsson/Downloads/gcc-mint/./gcc/ -B/opt/cross-mint/m68k-atari-mint/bin/ -B/opt/cross-mint/m68k-atari-mint/lib/ -isystem /opt/cross-mint/m68k-atari-mint/include -isystem /opt/cross-mint/m68k-atari-mint/sys-include    -c -g -O2  -fPIC -DPIC -DPIC conftest.c >&5
conftest.c:1:0: error: -fPIC is not supported on this target
configure:7991: $? = 1
configure:8004: result: no
configure:8028: checking if /Users/folsson/Downloads/gcc-mint/./gcc/xgcc -B/Users/folsson/Downloads/gcc-mint/./gcc/ -B/opt/cross-mint/m68k-atari-mint/bin/ -B/opt/cross-mint/m68k-atari-mint/lib/ -isystem /opt/cross-mint/m68k-atari-mint/include -isystem /opt/cross-mint/m68k-atari-mint/sys-include    static flag -static works
configure:8056: result: yes
configure:8071: checking if /Users/folsson/Downloads/gcc-mint/./gcc/xgcc -B/Users/folsson/Downloads/gcc-mint/./gcc/ -B/opt/cross-mint/m68k-atari-mint/bin/ -B/opt/cross-mint/m68k-atari-mint/lib/ -isystem /opt/cross-mint/m68k-atari-mint/include -isystem /opt/cross-mint/m68k-atari-mint/sys-include    supports -c -o file.o
configure:8092: /Users/folsson/Downloads/gcc-mint/./gcc/xgcc -B/Users/folsson/Downloads/gcc-mint/./gcc/ -B/opt/cross-mint/m68k-atari-mint/bin/ -B/opt/cross-mint/m68k-atari-mint/lib/ -isystem /opt/cross-mint/m68k-atari-mint/include -isystem /opt/cross-mint/m68k-atari-mint/sys-include    -c -g -O2  -o out/conftest2.o conftest.c >&5
configure:8096: $? = 0
configure:8118: result: yes
configure:8126: checking if /Users/folsson/Downloads/gcc-mint/./gcc/xgcc -B/Users/folsson/Downloads/gcc-mint/./gcc/ -B/opt/cross-mint/m68k-atari-mint/bin/ -B/opt/cross-mint/m68k-atari-mint/lib/ -isystem /opt/cross-mint/m68k-atari-mint/include -isystem /opt/cross-mint/m68k-atari-mint/sys-include    supports -c -o file.o
configure:8173: result: yes
configure:8206: checking whether the /Users/folsson/Downloads/gcc-mint/./gcc/xgcc -B/Users/folsson/Downloads/gcc-mint/./gcc/ -B/opt/cross-mint/m68k-atari-mint/bin/ -B/opt/cross-mint/m68k-atari-mint/lib/ -isystem /opt/cross-mint/m68k-atari-mint/include -isystem /opt/cross-mint/m68k-atari-mint/sys-include    linker (/Users/folsson/Downloads/gcc-mint/./gcc/collect-ld) supports shared libraries
configure:9286: result: no
configure:9531: checking dynamic linker characteristics
configure:10207: result: no
configure:10314: checking how to hardcode library paths into programs
configure:10339: result: unsupported
configure:10894: checking whether stripping libraries is possible
configure:10899: result: yes
configure:10934: checking if libtool supports shared libraries
configure:10936: result: no
configure:10939: checking whether to build shared libraries
configure:10960: result: no
configure:10963: checking whether to build static libraries
configure:10967: result: yes
configure:11130: updating cache ./config.cache
configure:11199: creating ./config.status

## ---------------------- ##
## Running config.status. ##
## ---------------------- ##

This file was extended by libssp config.status 1.0, which was
generated by GNU Autoconf 2.64.  Invocation command line was

  CONFIG_FILES    = 
  CONFIG_HEADERS  = 
  CONFIG_LINKS    = 
  CONFIG_COMMANDS = 
  $ ./config.status 

on Fredrik-Olsson-Mac

config.status:1110: creating Makefile
config.status:1110: creating ssp/ssp.h
config.status:1110: creating config.h
config.status:1323: executing default-1 commands
config.status:1323: executing depfiles commands
config.status:1323: executing libtool commands

## ---------------- ##
## Cache variables. ##
## ---------------- ##

ac_cv_build=x86_64-apple-darwin13.0.0
ac_cv_c_compiler_gnu=yes
ac_cv_env_CPPFLAGS_set=set
ac_cv_env_CPPFLAGS_value=
ac_cv_env_CPP_set=
ac_cv_env_CPP_value=
ac_cv_env_build_alias_set=set
ac_cv_env_build_alias_value=x86_64-apple-darwin13.0.0
ac_cv_env_host_alias_set=set
ac_cv_env_host_alias_value=m68k-atari-mint
ac_cv_env_target_alias_set=set
ac_cv_env_target_alias_value=m68k-atari-mint
ac_cv_func_memmove=yes
ac_cv_func_mempcpy=yes
ac_cv_func_strncat=yes
ac_cv_func_strncpy=yes
ac_cv_header_alloca_h=yes
ac_cv_header_dlfcn_h=no
ac_cv_header_fcntl_h=yes
ac_cv_header_inttypes_h=yes
ac_cv_header_limits_h=yes
ac_cv_header_malloc_h=yes
ac_cv_header_memory_h=yes
ac_cv_header_paths_h=yes
ac_cv_header_stdc=yes
ac_cv_header_stdint_h=yes
ac_cv_header_stdio_h=yes
ac_cv_header_stdlib_h=yes
ac_cv_header_string_h=yes
ac_cv_header_strings_h=yes
ac_cv_header_sys_stat_h=yes
ac_cv_header_sys_types_h=yes
ac_cv_header_syslog_h=yes
ac_cv_header_unistd_h=yes
ac_cv_host=m68k-atari-mint
ac_cv_objext=o
ac_cv_path_EGREP='/usr/bin/grep -E'
ac_cv_path_FGREP='/usr/bin/grep -F'
ac_cv_path_GREP=/usr/bin/grep
ac_cv_path_SED=/usr/bin/sed
ac_cv_prog_AR=/opt/cross-mint/m68k-atari-mint/bin/ar
ac_cv_prog_AWK=awk
ac_cv_prog_CC='/Users/folsson/Downloads/gcc-mint/./gcc/xgcc -B/Users/folsson/Downloads/gcc-mint/./gcc/ -B/opt/cross-mint/m68k-atari-mint/bin/ -B/opt/cross-mint/m68k-atari-mint/lib/ -isystem /opt/cross-mint/m68k-atari-mint/include -isystem /opt/cross-mint/m68k-atari-mint/sys-include   '
ac_cv_prog_CPP='/Users/folsson/Downloads/gcc-mint/./gcc/xgcc -B/Users/folsson/Downloads/gcc-mint/./gcc/ -B/opt/cross-mint/m68k-atari-mint/bin/ -B/opt/cross-mint/m68k-atari-mint/lib/ -isystem /opt/cross-mint/m68k-atari-mint/include -isystem /opt/cross-mint/m68k-atari-mint/sys-include    -E'
ac_cv_prog_OBJDUMP=/opt/cross-mint/m68k-atari-mint/bin/objdump
ac_cv_prog_RANLIB=/opt/cross-mint/m68k-atari-mint/bin/ranlib
ac_cv_prog_STRIP=/opt/cross-mint/m68k-atari-mint/bin/strip
ac_cv_prog_cc_c89=
ac_cv_prog_cc_g=yes
ac_cv_prog_make__Applications_Xcode_app_Contents_Developer_usr_bin_make_set=yes
ac_cv_target=m68k-atari-mint
am_cv_CC_dependencies_compiler_type=gcc3
lt_cv_deplibs_check_method=unknown
lt_cv_file_magic_cmd='$MAGIC_CMD'
lt_cv_file_magic_test_file=
lt_cv_ld_reload_flag=-r
lt_cv_nm_interface='BSD nm'
lt_cv_objdir=.libs
lt_cv_path_LD=/Users/folsson/Downloads/gcc-mint/./gcc/collect-ld
lt_cv_path_NM=/Users/folsson/Downloads/gcc-mint/./gcc/nm
lt_cv_prog_compiler_c_o=yes
lt_cv_prog_compiler_pic_works=no
lt_cv_prog_compiler_rtti_exceptions=no
lt_cv_prog_compiler_static_works=yes
lt_cv_prog_gnu_ld=yes
lt_cv_sys_global_symbol_pipe='sed -n -e '\''s/^.*[	 ]\([ABCDGIRSTW][ABCDGIRSTW]*\)[	 ][	 ]*_\([_A-Za-z][_A-Za-z0-9]*\)$/\1 _\2 \2/p'\'''
lt_cv_sys_global_symbol_to_c_name_address='sed -n -e '\''s/^: \([^ ]*\) $/  {\"\1\", (void *) 0},/p'\'' -e '\''s/^[ABCDGIRSTW]* \([^ ]*\) \([^ ]*\)$/  {"\2", (void *) \&\2},/p'\'''
lt_cv_sys_global_symbol_to_c_name_address_lib_prefix='sed -n -e '\''s/^: \([^ ]*\) $/  {\"\1\", (void *) 0},/p'\'' -e '\''s/^[ABCDGIRSTW]* \([^ ]*\) \(lib[^ ]*\)$/  {"\2", (void *) \&\2},/p'\'' -e '\''s/^[ABCDGIRSTW]* \([^ ]*\) \([^ ]*\)$/  {"lib\2", (void *) \&\2},/p'\'''
lt_cv_sys_global_symbol_to_cdecl='sed -n -e '\''s/^T .* \(.*\)$/extern int \1();/p'\'' -e '\''s/^[ABCDGIRSTW]* .* \(.*\)$/extern char \1;/p'\'''
lt_cv_sys_max_cmd_len=196608

## ----------------- ##
## Output variables. ##
## ----------------- ##

ACLOCAL='${SHELL} /Users/folsson/Downloads/gcc-4.6.4/missing --run aclocal-1.11'
AMDEPBACKSLASH='\'
AMDEP_FALSE='#'
AMDEP_TRUE=''
AMTAR='${SHELL} /Users/folsson/Downloads/gcc-4.6.4/missing --run tar'
AR='/opt/cross-mint/m68k-atari-mint/bin/ar'
AUTOCONF='${SHELL} /Users/folsson/Downloads/gcc-4.6.4/missing --run autoconf'
AUTOHEADER='${SHELL} /Users/folsson/Downloads/gcc-4.6.4/missing --run autoheader'
AUTOMAKE='${SHELL} /Users/folsson/Downloads/gcc-4.6.4/missing --run automake-1.11'
AWK='awk'
CC='/Users/folsson/Downloads/gcc-mint/./gcc/xgcc -B/Users/folsson/Downloads/gcc-mint/./gcc/ -B/opt/cross-mint/m68k-atari-mint/bin/ -B/opt/cross-mint/m68k-atari-mint/lib/ -isystem /opt/cross-mint/m68k-atari-mint/include -isystem /opt/cross-mint/m68k-atari-mint/sys-include   '
CCDEPMODE='depmode=gcc3'
CFLAGS='-g -O2'
CPP='/Users/folsson/Downloads/gcc-mint/./gcc/xgcc -B/Users/folsson/Downloads/gcc-mint/./gcc/ -B/opt/cross-mint/m68k-atari-mint/bin/ -B/opt/cross-mint/m68k-atari-mint/lib/ -isystem /opt/cross-mint/m68k-atari-mint/include -isystem /opt/cross-mint/m68k-atari-mint/sys-include    -E'
CPPFLAGS=''
CYGPATH_W='echo'
DEFS='-DHAVE_CONFIG_H'
DEPDIR='.deps'
DSYMUTIL=''
DUMPBIN=''
ECHO_C='\c'
ECHO_N=''
ECHO_T=''
EGREP='/usr/bin/grep -E'
EXEEXT=''
FGREP='/usr/bin/grep -F'
GREP='/usr/bin/grep'
INSTALL_DATA='/usr/bin/install -c -m 644'
INSTALL_PROGRAM='/usr/bin/install -c'
INSTALL_SCRIPT='/usr/bin/install -c'
INSTALL_STRIP_PROGRAM='$(install_sh) -c -s'
LD='/Users/folsson/Downloads/gcc-mint/./gcc/collect-ld'
LDFLAGS=''
LIBOBJS=''
LIBS=''
LIBSSP_USE_SYMVER_FALSE=''
LIBSSP_USE_SYMVER_GNU_FALSE=''
LIBSSP_USE_SYMVER_GNU_TRUE='#'
LIBSSP_USE_SYMVER_SUN_FALSE=''
LIBSSP_USE_SYMVER_SUN_TRUE='#'
LIBSSP_USE_SYMVER_TRUE='#'
LIBTOOL='$(SHELL) $(top_builddir)/libtool'
LIPO='m68k-atari-mint-lipo'
LN_S='ln -s'
LTLIBOBJS=''
MAINT='#'
MAINTAINER_MODE_FALSE=''
MAINTAINER_MODE_TRUE='#'
MAKEINFO='makeinfo --split-size=5000000'
MKDIR_P='../../../gcc-4.6.4/libssp/../install-sh -c -d'
NM='/Users/folsson/Downloads/gcc-mint/./gcc/nm'
NMEDIT=''
OBJDUMP='/opt/cross-mint/m68k-atari-mint/bin/objdump'
OBJEXT='o'
OTOOL64=''
OTOOL=''
PACKAGE='libssp'
PACKAGE_BUGREPORT=''
PACKAGE_NAME='libssp'
PACKAGE_STRING='libssp 1.0'
PACKAGE_TARNAME='libssp'
PACKAGE_URL=''
PACKAGE_VERSION='1.0'
PATH_SEPARATOR=':'
RANLIB='/opt/cross-mint/m68k-atari-mint/bin/ranlib'
SED='/usr/bin/sed'
SET_MAKE=''
SHELL='/bin/sh'
STRIP='/opt/cross-mint/m68k-atari-mint/bin/strip'
VERSION='1.0'
ac_ct_CC=''
ac_ct_DUMPBIN=''
am__EXEEXT_FALSE=''
am__EXEEXT_TRUE='#'
am__fastdepCC_FALSE='#'
am__fastdepCC_TRUE=''
am__include='include'
am__isrc=' -I$(srcdir)'
am__leading_dot='.'
am__quote=''
am__tar='${AMTAR} chof - "$$tardir"'
am__untar='${AMTAR} xf -'
bindir='${exec_prefix}/bin'
build='x86_64-apple-darwin13.0.0'
build_alias='x86_64-apple-darwin13.0.0'
build_cpu='x86_64'
build_os='darwin13.0.0'
build_vendor='apple'
datadir='${datarootdir}'
datarootdir='${prefix}/share'
docdir='${datarootdir}/doc/${PACKAGE_TARNAME}'
dvidir='${docdir}'
enable_shared='no'
enable_static='yes'
exec_prefix='${prefix}'
host='m68k-atari-mint'
host_alias='m68k-atari-mint'
host_cpu='m68k'
host_os='mint'
host_vendor='atari'
htmldir='${docdir}'
includedir='${prefix}/include'
infodir='${datarootdir}/info'
install_sh='${SHELL} /Users/folsson/Downloads/gcc-4.6.4/install-sh'
libdir='${exec_prefix}/lib'
libexecdir='${exec_prefix}/libexec'
localedir='${datarootdir}/locale'
localstatedir='${prefix}/var'
lt_host_flags=''
mandir='${datarootdir}/man'
mkdir_p='$(top_builddir)/../../../gcc-4.6.4/libssp/../install-sh -c -d'
multi_basedir='../../../gcc-4.6.4/libssp/..'
oldincludedir='/usr/include'
pdfdir='${docdir}'
prefix='/opt/cross-mint'
program_transform_name='s&^&m68k-atari-mint-&'
psdir='${docdir}'
sbindir='${exec_prefix}/sbin'
sharedstatedir='${prefix}/com'
ssp_have_usable_vsnprintf='undef'
sysconfdir='${prefix}/etc'
target='m68k-atari-mint'
target_alias='m68k-atari-mint'
target_cpu='m68k'
target_noncanonical='m68k-atari-mint'
target_os='mint'
target_vendor='atari'
toolexecdir='$(exec_prefix)/$(target_alias)'
toolexeclibdir='$(toolexecdir)/lib'

## ----------- ##
## confdefs.h. ##
## ----------- ##

/* confdefs.h */
#define PACKAGE_NAME "libssp"
#define PACKAGE_TARNAME "libssp"
#define PACKAGE_VERSION "1.0"
#define PACKAGE_STRING "libssp 1.0"
#define PACKAGE_BUGREPORT ""
#define PACKAGE_URL ""
#define PACKAGE "libssp"
#define VERSION "1.0"
#define HAVE_HIDDEN_VISIBILITY 1
#define STDC_HEADERS 1
#define HAVE_SYS_TYPES_H 1
#define HAVE_SYS_STAT_H 1
#define HAVE_STDLIB_H 1
#define HAVE_STRING_H 1
#define HAVE_MEMORY_H 1
#define HAVE_STRINGS_H 1
#define HAVE_INTTYPES_H 1
#define HAVE_STDINT_H 1
#define HAVE_UNISTD_H 1
#define HAVE_ALLOCA_H 1
#define HAVE_MALLOC_H 1
#define HAVE_PATHS_H 1
#define HAVE_SYSLOG_H 1
#define HAVE_STRING_H 1
#define HAVE_UNISTD_H 1
#define HAVE_FCNTL_H 1
#define HAVE_STDIO_H 1
#define HAVE_LIMITS_H 1
#define HAVE_MEMMOVE 1
#define HAVE_MEMPCPY 1
#define HAVE_STRNCPY 1
#define HAVE_STRNCAT 1
#define LT_OBJDIR ".libs/"

configure: exit 0
