This file contains any messages produced by compilers while
running configure, to aid debugging if configure makes a mistake.

It was created by libdecnumber configure  , which was
generated by GNU Autoconf 2.64.  Invocation command line was

  $ /Users/folsson/Downloads/gcc-4.6.4/libdecnumber/configure --cache-file=./config.cache --prefix=/opt/cross-mint/ --disable-shared --enable-languages=c,c++,lto --program-transform-name=s&^&m68k-atari-mint-& --disable-option-checking --build=x86_64-apple-darwin13.0.0 --host=x86_64-apple-darwin13.0.0 --target=m68k-atari-mint --srcdir=../../gcc-4.6.4/libdecnumber

## --------- ##
## Platform. ##
## --------- ##

hostname = Fredrik-Olsson-Mac
uname -m = x86_64
uname -r = 13.0.0
uname -s = Darwin
uname -v = Darwin Kernel Version 13.0.0: Thu Sep 19 22:22:27 PDT 2013; root:xnu-2422.1.72~6/RELEASE_X86_64

/usr/bin/uname -p = i386
/bin/uname -X     = unknown

/bin/arch              = unknown
/usr/bin/arch -k       = unknown
/usr/convex/getsysinfo = unknown
/usr/bin/hostinfo      = Mach kernel version:
	 Darwin Kernel Version 13.0.0: Thu Sep 19 22:22:27 PDT 2013; root:xnu-2422.1.72~6/RELEASE_X86_64
Kernel configured for up to 8 processors.
4 processors are physically available.
8 processors are logically available.
Processor type: i486 (Intel 80486)
Processors active: 0 1 2 3 4 5 6 7
Primary memory available: 16.00 gigabytes
Default processor set: 232 tasks, 1161 threads, 8 processors
Load average: 2.99, Mach factor: 4.99
/bin/machine           = unknown
/usr/bin/oslevel       = unknown
/bin/universe          = unknown

PATH: /usr/share/java/apache-maven-3.0.5//bin
PATH: /usr/bin
PATH: /bin
PATH: /usr/sbin
PATH: /sbin
PATH: /usr/local/bin
PATH: /usr/local/mysql/bin


## ----------- ##
## Core tests. ##
## ----------- ##

configure:2145: creating cache ./config.cache
configure:2225: checking whether /Applications/Xcode.app/Contents/Developer/usr/bin/make sets $(MAKE)
configure:2247: result: yes
configure:2264: checking for x86_64-apple-darwin13.0.0-gcc
configure:2291: result: gcc
configure:2560: checking for C compiler version
configure:2569: gcc --version >&5
Apple LLVM version 5.0 (clang-500.2.75) (based on LLVM 3.3svn)
Target: x86_64-apple-darwin13.0.0
Thread model: posix
Configured with: --prefix=/Applications/Xcode.app/Contents/Developer/usr --with-gxx-include-dir=/usr/include/c++/4.2.1
configure:2580: $? = 0
configure:2569: gcc -v >&5
Configured with: --prefix=/Applications/Xcode.app/Contents/Developer/usr --with-gxx-include-dir=/usr/include/c++/4.2.1
Apple LLVM version 5.0 (clang-500.2.75) (based on LLVM 3.3svn)
Target: x86_64-apple-darwin13.0.0
Thread model: posix
configure:2580: $? = 0
configure:2569: gcc -V >&5
clang: error: argument to '-V' is missing (expected 1 value)
clang: error: no input files
configure:2580: $? = 1
configure:2569: gcc -qversion >&5
clang: error: no input files
configure:2580: $? = 1
configure:2600: checking for C compiler default output file name
configure:2622: gcc -g -O2    conftest.c  >&5
configure:2626: $? = 0
configure:2663: result: a.out
configure:2679: checking whether the C compiler works
configure:2688: ./a.out
configure:2692: $? = 0
configure:2707: result: yes
configure:2714: checking whether we are cross compiling
configure:2716: result: no
configure:2719: checking for suffix of executables
configure:2726: gcc -o conftest -g -O2    conftest.c  >&5
configure:2730: $? = 0
configure:2752: result: 
configure:2758: checking for suffix of object files
configure:2780: gcc -c -g -O2  conftest.c >&5
configure:2784: $? = 0
configure:2805: result: o
configure:2809: checking whether we are using the GNU C compiler
configure:2828: gcc -c -g -O2  conftest.c >&5
configure:2828: $? = 0
configure:2837: result: yes
configure:2846: checking whether gcc accepts -g
configure:2866: gcc -c -g  conftest.c >&5
configure:2866: $? = 0
configure:2907: result: yes
configure:2924: checking for gcc option to accept ISO C89
configure:2988: gcc  -c -g -O2  conftest.c >&5
configure:2988: $? = 0
configure:3001: result: none needed
configure:3024: checking for x86_64-apple-darwin13.0.0-ranlib
configure:3051: result: ranlib
configure:3119: checking for aclocal
configure:3149: result: no
configure:3162: checking for autoconf
configure:3192: result: no
configure:3205: checking for autoheader
configure:3235: result: no
configure:3256: checking whether gcc supports -W
configure:3273: gcc -c -W  conftest.c >&5
configure:3273: $? = 0
configure:3282: result: yes
configure:3256: checking whether gcc supports -Wall
configure:3273: gcc -c -Wall  conftest.c >&5
configure:3273: $? = 0
configure:3282: result: yes
configure:3256: checking whether gcc supports -Wwrite-strings
configure:3273: gcc -c -Wwrite-strings  conftest.c >&5
configure:3273: $? = 0
configure:3282: result: yes
configure:3256: checking whether gcc supports -Wstrict-prototypes
configure:3273: gcc -c -Wstrict-prototypes  conftest.c >&5
configure:3273: $? = 0
configure:3282: result: yes
configure:3256: checking whether gcc supports -Wmissing-prototypes
configure:3273: gcc -c -Wmissing-prototypes  conftest.c >&5
configure:3273: $? = 0
configure:3282: result: yes
configure:3256: checking whether gcc supports -Wold-style-definition
configure:3273: gcc -c -Wold-style-definition  conftest.c >&5
configure:3273: $? = 0
configure:3282: result: yes
configure:3256: checking whether gcc supports -Wmissing-format-attribute
configure:3273: gcc -c -Wmissing-format-attribute  conftest.c >&5
configure:3273: $? = 0
configure:3282: result: yes
configure:3256: checking whether gcc supports -Wcast-qual
configure:3273: gcc -c -Wcast-qual  conftest.c >&5
configure:3273: $? = 0
configure:3282: result: yes
configure:3292: checking whether gcc supports -pedantic -Wno-long-long
configure:3310: gcc -c -pedantic -Wno-long-long  conftest.c >&5
configure:3310: $? = 0
configure:3318: result: yes
configure:3349: checking how to run the C preprocessor
configure:3380: gcc -E  conftest.c
configure:3380: $? = 0
configure:3394: gcc -E  conftest.c
conftest.c:9:10: fatal error: 'ac_nonexistent.h' file not found
#include <ac_nonexistent.h>
         ^
1 error generated.
configure:3394: $? = 1
configure: failed program was:
| /* confdefs.h */
| #define PACKAGE_NAME "libdecnumber"
| #define PACKAGE_TARNAME "libdecnumber"
| #define PACKAGE_VERSION " "
| #define PACKAGE_STRING "libdecnumber  "
| #define PACKAGE_BUGREPORT "gcc-bugs@gcc.gnu.org"
| #define PACKAGE_URL ""
| /* end confdefs.h.  */
| #include <ac_nonexistent.h>
configure:3419: result: gcc -E
configure:3439: gcc -E  conftest.c
configure:3439: $? = 0
configure:3453: gcc -E  conftest.c
conftest.c:9:10: fatal error: 'ac_nonexistent.h' file not found
#include <ac_nonexistent.h>
         ^
1 error generated.
configure:3453: $? = 1
configure: failed program was:
| /* confdefs.h */
| #define PACKAGE_NAME "libdecnumber"
| #define PACKAGE_TARNAME "libdecnumber"
| #define PACKAGE_VERSION " "
| #define PACKAGE_STRING "libdecnumber  "
| #define PACKAGE_BUGREPORT "gcc-bugs@gcc.gnu.org"
| #define PACKAGE_URL ""
| /* end confdefs.h.  */
| #include <ac_nonexistent.h>
configure:3482: checking for grep that handles long lines and -e
configure:3540: result: /usr/bin/grep
configure:3545: checking for egrep
configure:3607: result: /usr/bin/grep -E
configure:3612: checking for ANSI C header files
configure:3632: gcc -c -g -O2  conftest.c >&5
configure:3632: $? = 0
configure:3705: gcc -o conftest -g -O2    conftest.c  >&5
configure:3705: $? = 0
configure:3705: ./conftest
configure:3705: $? = 0
configure:3716: result: yes
configure:3729: checking for sys/types.h
configure:3729: gcc -c -g -O2  conftest.c >&5
configure:3729: $? = 0
configure:3729: result: yes
configure:3729: checking for sys/stat.h
configure:3729: gcc -c -g -O2  conftest.c >&5
configure:3729: $? = 0
configure:3729: result: yes
configure:3729: checking for stdlib.h
configure:3729: gcc -c -g -O2  conftest.c >&5
configure:3729: $? = 0
configure:3729: result: yes
configure:3729: checking for string.h
configure:3729: gcc -c -g -O2  conftest.c >&5
configure:3729: $? = 0
configure:3729: result: yes
configure:3729: checking for memory.h
configure:3729: gcc -c -g -O2  conftest.c >&5
configure:3729: $? = 0
configure:3729: result: yes
configure:3729: checking for strings.h
configure:3729: gcc -c -g -O2  conftest.c >&5
configure:3729: $? = 0
configure:3729: result: yes
configure:3729: checking for inttypes.h
configure:3729: gcc -c -g -O2  conftest.c >&5
configure:3729: $? = 0
configure:3729: result: yes
configure:3729: checking for stdint.h
configure:3729: gcc -c -g -O2  conftest.c >&5
configure:3729: $? = 0
configure:3729: result: yes
configure:3729: checking for unistd.h
configure:3729: gcc -c -g -O2  conftest.c >&5
configure:3729: $? = 0
configure:3729: result: yes
configure:3745: checking ctype.h usability
configure:3745: gcc -c -g -O2  conftest.c >&5
configure:3745: $? = 0
configure:3745: result: yes
configure:3745: checking ctype.h presence
configure:3745: gcc -E  conftest.c
configure:3745: $? = 0
configure:3745: result: yes
configure:3745: checking for ctype.h
configure:3745: result: yes
configure:3745: checking stddef.h usability
configure:3745: gcc -c -g -O2  conftest.c >&5
configure:3745: $? = 0
configure:3745: result: yes
configure:3745: checking stddef.h presence
configure:3745: gcc -E  conftest.c
configure:3745: $? = 0
configure:3745: result: yes
configure:3745: checking for stddef.h
configure:3745: result: yes
configure:3745: checking for string.h
configure:3745: result: yes
configure:3745: checking stdio.h usability
configure:3745: gcc -c -g -O2  conftest.c >&5
configure:3745: $? = 0
configure:3745: result: yes
configure:3745: checking stdio.h presence
configure:3745: gcc -E  conftest.c
configure:3745: $? = 0
configure:3745: result: yes
configure:3745: checking for stdio.h
configure:3745: result: yes
configure:3769: checking for uintmax_t
configure:3769: gcc -c -g -O2  conftest.c >&5
configure:3769: $? = 0
configure:3769: gcc -c -g -O2  conftest.c >&5
conftest.c:29:24: error: expected expression
if (sizeof ((uintmax_t)))
                       ^
1 error generated.
configure:3769: $? = 1
configure: failed program was:
| /* confdefs.h */
| #define PACKAGE_NAME "libdecnumber"
| #define PACKAGE_TARNAME "libdecnumber"
| #define PACKAGE_VERSION " "
| #define PACKAGE_STRING "libdecnumber  "
| #define PACKAGE_BUGREPORT "gcc-bugs@gcc.gnu.org"
| #define PACKAGE_URL ""
| #define STDC_HEADERS 1
| #define HAVE_SYS_TYPES_H 1
| #define HAVE_SYS_STAT_H 1
| #define HAVE_STDLIB_H 1
| #define HAVE_STRING_H 1
| #define HAVE_MEMORY_H 1
| #define HAVE_STRINGS_H 1
| #define HAVE_INTTYPES_H 1
| #define HAVE_STDINT_H 1
| #define HAVE_UNISTD_H 1
| #define HAVE_CTYPE_H 1
| #define HAVE_STDDEF_H 1
| #define HAVE_STRING_H 1
| #define HAVE_STDIO_H 1
| /* end confdefs.h.  */
| #include <sys/types.h>
| #include <stdint.h>
| 
| int
| main ()
| {
| if (sizeof ((uintmax_t)))
| 	    return 0;
|   ;
|   return 0;
| }
configure:3769: result: yes
configure:3778: checking for uintptr_t
configure:3778: gcc -c -g -O2  conftest.c >&5
configure:3778: $? = 0
configure:3778: gcc -c -g -O2  conftest.c >&5
conftest.c:29:24: error: expected expression
if (sizeof ((uintptr_t)))
                       ^
1 error generated.
configure:3778: $? = 1
configure: failed program was:
| /* confdefs.h */
| #define PACKAGE_NAME "libdecnumber"
| #define PACKAGE_TARNAME "libdecnumber"
| #define PACKAGE_VERSION " "
| #define PACKAGE_STRING "libdecnumber  "
| #define PACKAGE_BUGREPORT "gcc-bugs@gcc.gnu.org"
| #define PACKAGE_URL ""
| #define STDC_HEADERS 1
| #define HAVE_SYS_TYPES_H 1
| #define HAVE_SYS_STAT_H 1
| #define HAVE_STDLIB_H 1
| #define HAVE_STRING_H 1
| #define HAVE_MEMORY_H 1
| #define HAVE_STRINGS_H 1
| #define HAVE_INTTYPES_H 1
| #define HAVE_STDINT_H 1
| #define HAVE_UNISTD_H 1
| #define HAVE_CTYPE_H 1
| #define HAVE_STDDEF_H 1
| #define HAVE_STRING_H 1
| #define HAVE_STDIO_H 1
| /* end confdefs.h.  */
| #include <sys/types.h>
| #include <stdint.h>
| 
| int
| main ()
| {
| if (sizeof ((uintptr_t)))
| 	    return 0;
|   ;
|   return 0;
| }
configure:3778: result: yes
configure:3787: checking for int_least32_t
configure:3787: gcc -c -g -O2  conftest.c >&5
configure:3787: $? = 0
configure:3787: gcc -c -g -O2  conftest.c >&5
conftest.c:29:28: error: expected expression
if (sizeof ((int_least32_t)))
                           ^
1 error generated.
configure:3787: $? = 1
configure: failed program was:
| /* confdefs.h */
| #define PACKAGE_NAME "libdecnumber"
| #define PACKAGE_TARNAME "libdecnumber"
| #define PACKAGE_VERSION " "
| #define PACKAGE_STRING "libdecnumber  "
| #define PACKAGE_BUGREPORT "gcc-bugs@gcc.gnu.org"
| #define PACKAGE_URL ""
| #define STDC_HEADERS 1
| #define HAVE_SYS_TYPES_H 1
| #define HAVE_SYS_STAT_H 1
| #define HAVE_STDLIB_H 1
| #define HAVE_STRING_H 1
| #define HAVE_MEMORY_H 1
| #define HAVE_STRINGS_H 1
| #define HAVE_INTTYPES_H 1
| #define HAVE_STDINT_H 1
| #define HAVE_UNISTD_H 1
| #define HAVE_CTYPE_H 1
| #define HAVE_STDDEF_H 1
| #define HAVE_STRING_H 1
| #define HAVE_STDIO_H 1
| /* end confdefs.h.  */
| #include <sys/types.h>
| #include <stdint.h>
| 
| int
| main ()
| {
| if (sizeof ((int_least32_t)))
| 	    return 0;
|   ;
|   return 0;
| }
configure:3787: result: yes
configure:3796: checking for int_fast32_t
configure:3796: gcc -c -g -O2  conftest.c >&5
configure:3796: $? = 0
configure:3796: gcc -c -g -O2  conftest.c >&5
conftest.c:29:27: error: expected expression
if (sizeof ((int_fast32_t)))
                          ^
1 error generated.
configure:3796: $? = 1
configure: failed program was:
| /* confdefs.h */
| #define PACKAGE_NAME "libdecnumber"
| #define PACKAGE_TARNAME "libdecnumber"
| #define PACKAGE_VERSION " "
| #define PACKAGE_STRING "libdecnumber  "
| #define PACKAGE_BUGREPORT "gcc-bugs@gcc.gnu.org"
| #define PACKAGE_URL ""
| #define STDC_HEADERS 1
| #define HAVE_SYS_TYPES_H 1
| #define HAVE_SYS_STAT_H 1
| #define HAVE_STDLIB_H 1
| #define HAVE_STRING_H 1
| #define HAVE_MEMORY_H 1
| #define HAVE_STRINGS_H 1
| #define HAVE_INTTYPES_H 1
| #define HAVE_STDINT_H 1
| #define HAVE_UNISTD_H 1
| #define HAVE_CTYPE_H 1
| #define HAVE_STDDEF_H 1
| #define HAVE_STRING_H 1
| #define HAVE_STDIO_H 1
| /* end confdefs.h.  */
| #include <sys/types.h>
| #include <stdint.h>
| 
| int
| main ()
| {
| if (sizeof ((int_fast32_t)))
| 	    return 0;
|   ;
|   return 0;
| }
configure:3796: result: yes
configure:3805: checking for uint64_t
configure:3805: gcc -c -g -O2  conftest.c >&5
configure:3805: $? = 0
configure:3805: gcc -c -g -O2  conftest.c >&5
conftest.c:29:23: error: expected expression
if (sizeof ((uint64_t)))
                      ^
1 error generated.
configure:3805: $? = 1
configure: failed program was:
| /* confdefs.h */
| #define PACKAGE_NAME "libdecnumber"
| #define PACKAGE_TARNAME "libdecnumber"
| #define PACKAGE_VERSION " "
| #define PACKAGE_STRING "libdecnumber  "
| #define PACKAGE_BUGREPORT "gcc-bugs@gcc.gnu.org"
| #define PACKAGE_URL ""
| #define STDC_HEADERS 1
| #define HAVE_SYS_TYPES_H 1
| #define HAVE_SYS_STAT_H 1
| #define HAVE_STDLIB_H 1
| #define HAVE_STRING_H 1
| #define HAVE_MEMORY_H 1
| #define HAVE_STRINGS_H 1
| #define HAVE_INTTYPES_H 1
| #define HAVE_STDINT_H 1
| #define HAVE_UNISTD_H 1
| #define HAVE_CTYPE_H 1
| #define HAVE_STDDEF_H 1
| #define HAVE_STRING_H 1
| #define HAVE_STDIO_H 1
| /* end confdefs.h.  */
| #include <sys/types.h>
| #include <stdint.h>
| 
| int
| main ()
| {
| if (sizeof ((uint64_t)))
| 	    return 0;
|   ;
|   return 0;
| }
configure:3805: result: yes
configure:3886: checking what to include in gstdint.h
configure:3914: result: stdint.h (already complete)
configure:4164: checking for an ANSI C-conforming const
configure:4229: gcc -c -g -O2  conftest.c >&5
configure:4229: $? = 0
configure:4236: result: yes
configure:4244: checking for off_t
configure:4244: gcc -c -g -O2  conftest.c >&5
configure:4244: $? = 0
configure:4244: gcc -c -g -O2  conftest.c >&5
conftest.c:59:20: error: expected expression
if (sizeof ((off_t)))
                   ^
1 error generated.
configure:4244: $? = 1
configure: failed program was:
| /* confdefs.h */
| #define PACKAGE_NAME "libdecnumber"
| #define PACKAGE_TARNAME "libdecnumber"
| #define PACKAGE_VERSION " "
| #define PACKAGE_STRING "libdecnumber  "
| #define PACKAGE_BUGREPORT "gcc-bugs@gcc.gnu.org"
| #define PACKAGE_URL ""
| #define STDC_HEADERS 1
| #define HAVE_SYS_TYPES_H 1
| #define HAVE_SYS_STAT_H 1
| #define HAVE_STDLIB_H 1
| #define HAVE_STRING_H 1
| #define HAVE_MEMORY_H 1
| #define HAVE_STRINGS_H 1
| #define HAVE_INTTYPES_H 1
| #define HAVE_STDINT_H 1
| #define HAVE_UNISTD_H 1
| #define HAVE_CTYPE_H 1
| #define HAVE_STDDEF_H 1
| #define HAVE_STRING_H 1
| #define HAVE_STDIO_H 1
| /* end confdefs.h.  */
| #include <stdio.h>
| #ifdef HAVE_SYS_TYPES_H
| # include <sys/types.h>
| #endif
| #ifdef HAVE_SYS_STAT_H
| # include <sys/stat.h>
| #endif
| #ifdef STDC_HEADERS
| # include <stdlib.h>
| # include <stddef.h>
| #else
| # ifdef HAVE_STDLIB_H
| #  include <stdlib.h>
| # endif
| #endif
| #ifdef HAVE_STRING_H
| # if !defined STDC_HEADERS && defined HAVE_MEMORY_H
| #  include <memory.h>
| # endif
| # include <string.h>
| #endif
| #ifdef HAVE_STRINGS_H
| # include <strings.h>
| #endif
| #ifdef HAVE_INTTYPES_H
| # include <inttypes.h>
| #endif
| #ifdef HAVE_STDINT_H
| # include <stdint.h>
| #endif
| #ifdef HAVE_UNISTD_H
| # include <unistd.h>
| #endif
| int
| main ()
| {
| if (sizeof ((off_t)))
| 	    return 0;
|   ;
|   return 0;
| }
configure:4244: result: yes
configure:4259: checking size of int
configure:4264: gcc -o conftest -g -O2    conftest.c  >&5
configure:4264: $? = 0
configure:4264: ./conftest
configure:4264: $? = 0
configure:4279: result: 4
configure:4293: checking size of long
configure:4298: gcc -o conftest -g -O2    conftest.c  >&5
configure:4298: $? = 0
configure:4298: ./conftest
configure:4298: $? = 0
configure:4313: result: 8
configure:4325: checking for ANSI C header files
configure:4429: result: yes
configure:4480: checking build system type
configure:4494: result: x86_64-apple-darwin13.0.0
configure:4514: checking host system type
configure:4527: result: x86_64-apple-darwin13.0.0
configure:4547: checking target system type
configure:4560: result: m68k-atari-mint
configure:4589: checking for decimal floating point
configure:4611: WARNING: decimal float is not supported for this target, ignored
configure:4653: result: dpd
configure:4658: checking whether byte ordering is bigendian
configure:4673: gcc -c -g -O2  conftest.c >&5
configure:4673: $? = 0
configure:4718: gcc -c -g -O2  conftest.c >&5
configure:4718: $? = 0
configure:4736: gcc -c -g -O2  conftest.c >&5
conftest.c:33:4: error: use of undeclared identifier 'not'
                 not big endian
                 ^
1 error generated.
configure:4736: $? = 1
configure: failed program was:
| /* confdefs.h */
| #define PACKAGE_NAME "libdecnumber"
| #define PACKAGE_TARNAME "libdecnumber"
| #define PACKAGE_VERSION " "
| #define PACKAGE_STRING "libdecnumber  "
| #define PACKAGE_BUGREPORT "gcc-bugs@gcc.gnu.org"
| #define PACKAGE_URL ""
| #define STDC_HEADERS 1
| #define HAVE_SYS_TYPES_H 1
| #define HAVE_SYS_STAT_H 1
| #define HAVE_STDLIB_H 1
| #define HAVE_STRING_H 1
| #define HAVE_MEMORY_H 1
| #define HAVE_STRINGS_H 1
| #define HAVE_INTTYPES_H 1
| #define HAVE_STDINT_H 1
| #define HAVE_UNISTD_H 1
| #define HAVE_CTYPE_H 1
| #define HAVE_STDDEF_H 1
| #define HAVE_STRING_H 1
| #define HAVE_STDIO_H 1
| #define SIZEOF_INT 4
| #define SIZEOF_LONG 8
| #define STDC_HEADERS 1
| /* end confdefs.h.  */
| #include <sys/types.h>
| 		#include <sys/param.h>
| 
| int
| main ()
| {
| #if BYTE_ORDER != BIG_ENDIAN
| 		 not big endian
| 		#endif
| 
|   ;
|   return 0;
| }
configure:4864: result: no
configure:4954: updating cache ./config.cache
configure:4992: creating ./config.status

## ---------------------- ##
## Running config.status. ##
## ---------------------- ##

This file was extended by libdecnumber config.status  , which was
generated by GNU Autoconf 2.64.  Invocation command line was

  CONFIG_FILES    = 
  CONFIG_HEADERS  = 
  CONFIG_LINKS    = 
  CONFIG_COMMANDS = 
  $ ./config.status 

on Fredrik-Olsson-Mac

config.status:854: creating Makefile
config.status:854: creating config.h
config.status:1022: executing gstdint.h commands

## ---------------- ##
## Cache variables. ##
## ---------------- ##

ac_cv_build=x86_64-apple-darwin13.0.0
ac_cv_c_bigendian=no
ac_cv_c_compiler_gnu=yes
ac_cv_c_const=yes
ac_cv_env_CC_set=set
ac_cv_env_CC_value=gcc
ac_cv_env_CFLAGS_set=set
ac_cv_env_CFLAGS_value='-g -O2'
ac_cv_env_CPPFLAGS_set=
ac_cv_env_CPPFLAGS_value=
ac_cv_env_CPP_set=
ac_cv_env_CPP_value=
ac_cv_env_LDFLAGS_set=set
ac_cv_env_LDFLAGS_value=' '
ac_cv_env_LIBS_set=
ac_cv_env_LIBS_value=
ac_cv_env_build_alias_set=set
ac_cv_env_build_alias_value=x86_64-apple-darwin13.0.0
ac_cv_env_host_alias_set=set
ac_cv_env_host_alias_value=x86_64-apple-darwin13.0.0
ac_cv_env_target_alias_set=set
ac_cv_env_target_alias_value=m68k-atari-mint
ac_cv_header_ctype_h=yes
ac_cv_header_inttypes_h=yes
ac_cv_header_memory_h=yes
ac_cv_header_stdc=yes
ac_cv_header_stddef_h=yes
ac_cv_header_stdint_h=yes
ac_cv_header_stdio_h=yes
ac_cv_header_stdlib_h=yes
ac_cv_header_string_h=yes
ac_cv_header_strings_h=yes
ac_cv_header_sys_stat_h=yes
ac_cv_header_sys_types_h=yes
ac_cv_header_unistd_h=yes
ac_cv_host=x86_64-apple-darwin13.0.0
ac_cv_objext=o
ac_cv_path_EGREP='/usr/bin/grep -E'
ac_cv_path_GREP=/usr/bin/grep
ac_cv_prog_CC=gcc
ac_cv_prog_CPP='gcc -E'
ac_cv_prog_RANLIB=ranlib
ac_cv_prog_cc_c89=
ac_cv_prog_cc_g=yes
ac_cv_prog_make__Applications_Xcode_app_Contents_Developer_usr_bin_make_set=yes
ac_cv_sizeof_int=4
ac_cv_sizeof_long=8
ac_cv_target=m68k-atari-mint
ac_cv_type_int_fast32_t=yes
ac_cv_type_int_least32_t=yes
ac_cv_type_off_t=yes
ac_cv_type_u_int64_t=no
ac_cv_type_uint64_t=yes
ac_cv_type_uintmax_t=yes
ac_cv_type_uintptr_t=yes
acx_cv_header_stdint=stdint.h
acx_cv_header_stdint_kind='(already complete)'
acx_cv_prog_cc_pedantic__Wno_long_long=yes
acx_cv_prog_cc_warning__W=yes
acx_cv_prog_cc_warning__Wall=yes
acx_cv_prog_cc_warning__Wcast_qual=yes
acx_cv_prog_cc_warning__Wmissing_format_attribute=yes
acx_cv_prog_cc_warning__Wmissing_prototypes=yes
acx_cv_prog_cc_warning__Wold_style_definition=yes
acx_cv_prog_cc_warning__Wstrict_prototypes=yes
acx_cv_prog_cc_warning__Wwrite_strings=yes

## ----------------- ##
## Output variables. ##
## ----------------- ##

ACLOCAL='/Users/folsson/missing aclocal'
ADDITIONAL_OBJS=''
AUTOCONF='/Users/folsson/missing autoconf'
AUTOHEADER='/Users/folsson/missing autoheader'
CC='gcc'
CFLAGS='-g -O2'
CPP='gcc -E'
CPPFLAGS=''
DEFS='-DHAVE_CONFIG_H'
ECHO_C='\c'
ECHO_N=''
ECHO_T=''
EGREP='/usr/bin/grep -E'
EXEEXT=''
GREP='/usr/bin/grep'
LDFLAGS=' '
LIBOBJS=''
LIBS=''
LTLIBOBJS=''
MAINT='#'
OBJEXT='o'
PACKAGE_BUGREPORT='gcc-bugs@gcc.gnu.org'
PACKAGE_NAME='libdecnumber'
PACKAGE_STRING='libdecnumber  '
PACKAGE_TARNAME='libdecnumber'
PACKAGE_URL=''
PACKAGE_VERSION=' '
PATH_SEPARATOR=':'
RANLIB='ranlib'
SET_MAKE=''
SHELL='/bin/sh'
WARN_CFLAGS='-W -Wall -Wwrite-strings -Wstrict-prototypes -Wmissing-prototypes -Wold-style-definition -Wmissing-format-attribute -Wcast-qual'
WARN_PEDANTIC='-pedantic -Wno-long-long'
WERROR=''
ac_ct_CC=''
bindir='${exec_prefix}/bin'
build='x86_64-apple-darwin13.0.0'
build_alias='x86_64-apple-darwin13.0.0'
build_cpu='x86_64'
build_os='darwin13.0.0'
build_vendor='apple'
datadir='${datarootdir}'
datarootdir='${prefix}/share'
docdir='${datarootdir}/doc/${PACKAGE_TARNAME}'
dvidir='${docdir}'
enable_decimal_float='dpd'
exec_prefix='${prefix}'
host='x86_64-apple-darwin13.0.0'
host_alias='x86_64-apple-darwin13.0.0'
host_cpu='x86_64'
host_os='darwin13.0.0'
host_vendor='apple'
htmldir='${docdir}'
includedir='${prefix}/include'
infodir='${datarootdir}/info'
libdir='${exec_prefix}/lib'
libexecdir='${exec_prefix}/libexec'
localedir='${datarootdir}/locale'
localstatedir='${prefix}/var'
mandir='${datarootdir}/man'
oldincludedir='/usr/include'
pdfdir='${docdir}'
prefix='/opt/cross-mint'
program_transform_name='s&^&m68k-atari-mint-&'
psdir='${docdir}'
sbindir='${exec_prefix}/sbin'
sharedstatedir='${prefix}/com'
sysconfdir='${prefix}/etc'
target='m68k-atari-mint'
target_alias='m68k-atari-mint'
target_cpu='m68k'
target_os='mint'
target_vendor='atari'

## ----------- ##
## confdefs.h. ##
## ----------- ##

/* confdefs.h */
#define PACKAGE_NAME "libdecnumber"
#define PACKAGE_TARNAME "libdecnumber"
#define PACKAGE_VERSION " "
#define PACKAGE_STRING "libdecnumber  "
#define PACKAGE_BUGREPORT "gcc-bugs@gcc.gnu.org"
#define PACKAGE_URL ""
#define STDC_HEADERS 1
#define HAVE_SYS_TYPES_H 1
#define HAVE_SYS_STAT_H 1
#define HAVE_STDLIB_H 1
#define HAVE_STRING_H 1
#define HAVE_MEMORY_H 1
#define HAVE_STRINGS_H 1
#define HAVE_INTTYPES_H 1
#define HAVE_STDINT_H 1
#define HAVE_UNISTD_H 1
#define HAVE_CTYPE_H 1
#define HAVE_STDDEF_H 1
#define HAVE_STRING_H 1
#define HAVE_STDIO_H 1
#define SIZEOF_INT 4
#define SIZEOF_LONG 8
#define STDC_HEADERS 1

configure: exit 0
