This file contains any messages produced by compilers while
running configure, to aid debugging if configure makes a mistake.

It was created by LTO plugin for ld configure 0.1, which was
generated by GNU Autoconf 2.64.  Invocation command line was

  $ /Users/folsson/Downloads/gcc-4.6.4/lto-plugin/configure --cache-file=./config.cache --prefix=/opt/cross-mint/ --disable-shared --enable-languages=c,c++,lto --program-transform-name=s&^&m68k-atari-mint-& --disable-option-checking --build=x86_64-apple-darwin13.0.0 --host=x86_64-apple-darwin13.0.0 --target=m68k-atari-mint --srcdir=../../gcc-4.6.4/lto-plugin --enable-shared

## --------- ##
## Platform. ##
## --------- ##

hostname = Fredrik-Olsson-Mac
uname -m = x86_64
uname -r = 13.0.0
uname -s = Darwin
uname -v = Darwin Kernel Version 13.0.0: Thu Sep 19 22:22:27 PDT 2013; root:xnu-2422.1.72~6/RELEASE_X86_64

/usr/bin/uname -p = i386
/bin/uname -X     = unknown

/bin/arch              = unknown
/usr/bin/arch -k       = unknown
/usr/convex/getsysinfo = unknown
/usr/bin/hostinfo      = Mach kernel version:
	 Darwin Kernel Version 13.0.0: Thu Sep 19 22:22:27 PDT 2013; root:xnu-2422.1.72~6/RELEASE_X86_64
Kernel configured for up to 8 processors.
4 processors are physically available.
8 processors are logically available.
Processor type: i486 (Intel 80486)
Processors active: 0 1 2 3 4 5 6 7
Primary memory available: 16.00 gigabytes
Default processor set: 232 tasks, 1170 threads, 8 processors
Load average: 2.02, Mach factor: 5.97
/bin/machine           = unknown
/usr/bin/oslevel       = unknown
/bin/universe          = unknown

PATH: /usr/share/java/apache-maven-3.0.5//bin
PATH: /usr/bin
PATH: /bin
PATH: /usr/sbin
PATH: /sbin
PATH: /usr/local/bin
PATH: /usr/local/mysql/bin


## ----------- ##
## Core tests. ##
## ----------- ##

configure:2135: creating cache ./config.cache
configure:2238: checking build system type
configure:2252: result: x86_64-apple-darwin13.0.0
configure:2272: checking host system type
configure:2285: result: x86_64-apple-darwin13.0.0
configure:2305: checking target system type
configure:2318: result: m68k-atari-mint
configure:2406: checking for a BSD-compatible install
configure:2474: result: /usr/bin/install -c
configure:2485: checking whether build environment is sane
configure:2535: result: yes
configure:2676: checking for a thread-safe mkdir -p
configure:2715: result: ../../gcc-4.6.4/lto-plugin/../install-sh -c -d
configure:2728: checking for gawk
configure:2755: result: awk
configure:2766: checking whether /Applications/Xcode.app/Contents/Developer/usr/bin/make sets $(MAKE)
configure:2788: result: yes
configure:2869: checking whether to enable maintainer-specific portions of Makefiles
configure:2878: result: no
configure:2899: checking for x86_64-apple-darwin13.0.0-gcc
configure:2926: result: gcc
configure:3195: checking for C compiler version
configure:3204: gcc --version >&5
Apple LLVM version 5.0 (clang-500.2.75) (based on LLVM 3.3svn)
Target: x86_64-apple-darwin13.0.0
Thread model: posix
Configured with: --prefix=/Applications/Xcode.app/Contents/Developer/usr --with-gxx-include-dir=/usr/include/c++/4.2.1
configure:3215: $? = 0
configure:3204: gcc -v >&5
Configured with: --prefix=/Applications/Xcode.app/Contents/Developer/usr --with-gxx-include-dir=/usr/include/c++/4.2.1
Apple LLVM version 5.0 (clang-500.2.75) (based on LLVM 3.3svn)
Target: x86_64-apple-darwin13.0.0
Thread model: posix
configure:3215: $? = 0
configure:3204: gcc -V >&5
clang: error: argument to '-V' is missing (expected 1 value)
clang: error: no input files
configure:3215: $? = 1
configure:3204: gcc -qversion >&5
clang: error: no input files
configure:3215: $? = 1
configure:3235: checking for C compiler default output file name
configure:3257: gcc -g -O2    conftest.c  >&5
configure:3261: $? = 0
configure:3298: result: a.out
configure:3314: checking whether the C compiler works
configure:3323: ./a.out
configure:3327: $? = 0
configure:3342: result: yes
configure:3349: checking whether we are cross compiling
configure:3351: result: no
configure:3354: checking for suffix of executables
configure:3361: gcc -o conftest -g -O2    conftest.c  >&5
configure:3365: $? = 0
configure:3387: result: 
configure:3393: checking for suffix of object files
configure:3415: gcc -c -g -O2  conftest.c >&5
configure:3419: $? = 0
configure:3440: result: o
configure:3444: checking whether we are using the GNU C compiler
configure:3463: gcc -c -g -O2  conftest.c >&5
configure:3463: $? = 0
configure:3472: result: yes
configure:3481: checking whether gcc accepts -g
configure:3501: gcc -c -g  conftest.c >&5
configure:3501: $? = 0
configure:3542: result: yes
configure:3559: checking for gcc option to accept ISO C89
configure:3623: gcc  -c -g -O2  conftest.c >&5
configure:3623: $? = 0
configure:3636: result: none needed
configure:3667: checking for style of include used by /Applications/Xcode.app/Contents/Developer/usr/bin/make
configure:3695: result: GNU
configure:3720: checking dependency style of gcc
configure:3830: result: gcc3
configure:3853: checking for special C compiler options needed for large files
configure:3898: result: no
configure:3904: checking for _FILE_OFFSET_BITS value needed for large files
configure:3929: gcc -c -g -O2  conftest.c >&5
configure:3929: $? = 0
configure:3961: result: no
configure:4049: checking whether gcc supports -Wall
configure:4066: gcc -c -Wall  conftest.c >&5
configure:4066: $? = 0
configure:4075: result: yes
configure:4129: checking how to print strings
configure:4156: result: printf
configure:4177: checking for a sed that does not truncate output
configure:4241: result: /usr/bin/sed
configure:4259: checking for grep that handles long lines and -e
configure:4317: result: /usr/bin/grep
configure:4322: checking for egrep
configure:4384: result: /usr/bin/grep -E
configure:4389: checking for fgrep
configure:4451: result: /usr/bin/grep -F
configure:4486: checking for ld used by gcc
configure:4553: result: /Applications/Xcode.app/Contents/Developer/Toolchains/XcodeDefault.xctoolchain/usr/bin/ld
configure:4560: checking if the linker (/Applications/Xcode.app/Contents/Developer/Toolchains/XcodeDefault.xctoolchain/usr/bin/ld) is GNU ld
configure:4575: result: no
configure:4587: checking for BSD- or MS-compatible name lister (nm)
configure:4636: result: nm
configure:4766: checking the name lister (nm) interface
configure:4773: gcc -c -g -O2  conftest.c >&5
configure:4776: nm "conftest.o"
configure:4779: output
0000000000000214 S _some_variable
configure:4786: result: BSD nm
configure:4789: checking whether ln -s works
configure:4793: result: yes
configure:4801: checking the maximum length of command line arguments
configure:4926: result: 196608
configure:4943: checking whether the shell understands some XSI constructs
configure:4953: result: yes
configure:4957: checking whether the shell understands "+="
configure:4963: result: yes
configure:4998: checking for /Applications/Xcode.app/Contents/Developer/Toolchains/XcodeDefault.xctoolchain/usr/bin/ld option to reload object files
configure:5005: result: -r
configure:5034: checking for x86_64-apple-darwin13.0.0-objdump
configure:5061: result: objdump
configure:5133: checking how to recognize dependent libraries
configure:5334: result: pass_all
configure:5354: checking for x86_64-apple-darwin13.0.0-ar
configure:5381: result: ar
configure:5459: checking for x86_64-apple-darwin13.0.0-strip
configure:5489: result: no
configure:5499: checking for strip
configure:5515: found /usr/bin/strip
configure:5526: result: strip
configure:5558: checking for x86_64-apple-darwin13.0.0-ranlib
configure:5585: result: ranlib
configure:5727: checking command to parse nm output from gcc object
configure:5845: gcc -c -g -O2  conftest.c >&5
configure:5848: $? = 0
configure:5852: nm conftest.o \| sed -n -e 's/^.*[ ]\([BCDEGRST][BCDEGRST]*\)[ ][ ]*\([_A-Za-z][_A-Za-z0-9]*\)$/\1 \2 \2/p' \> conftest.nm
configure:5855: $? = 0
cannot find nm_test_var in conftest.nm
configure:5845: gcc -c -g -O2  conftest.c >&5
configure:5848: $? = 0
configure:5852: nm conftest.o \| sed -n -e 's/^.*[ ]\([BCDEGRST][BCDEGRST]*\)[ ][ ]*_\([_A-Za-z][_A-Za-z0-9]*\)$/\1 _\2 \2/p' \> conftest.nm
configure:5855: $? = 0
configure:5909: gcc -o conftest -g -O2    conftest.c conftstm.o >&5
configure:5912: $? = 0
configure:5950: result: ok
configure:6174: checking for x86_64-apple-darwin13.0.0-dsymutil
configure:6204: result: no
configure:6214: checking for dsymutil
configure:6230: found /usr/bin/dsymutil
configure:6241: result: dsymutil
configure:6266: checking for x86_64-apple-darwin13.0.0-nmedit
configure:6296: result: no
configure:6306: checking for nmedit
configure:6322: found /usr/bin/nmedit
configure:6333: result: nmedit
configure:6358: checking for x86_64-apple-darwin13.0.0-lipo
configure:6388: result: no
configure:6398: checking for lipo
configure:6414: found /usr/bin/lipo
configure:6425: result: lipo
configure:6450: checking for x86_64-apple-darwin13.0.0-otool
configure:6480: result: no
configure:6490: checking for otool
configure:6506: found /usr/bin/otool
configure:6517: result: otool
configure:6542: checking for x86_64-apple-darwin13.0.0-otool64
configure:6572: result: no
configure:6582: checking for otool64
configure:6612: result: no
configure:6657: checking for -single_module linker flag
gcc -g -O2   -o libconftest.dylib -dynamiclib -Wl,-single_module conftest.c
configure:6684: result: yes
configure:6686: checking for -exported_symbols_list linker flag
configure:6706: gcc -o conftest -g -O2    -Wl,-exported_symbols_list,conftest.sym conftest.c  >&5
configure:6706: $? = 0
configure:6716: result: yes
configure:6718: checking for -force_load linker flag
gcc -g -O2 -c -o conftest.o conftest.c
ar cru libconftest.a conftest.o
gcc -g -O2   -o conftest conftest.c -Wl,-force_load,./libconftest.a
configure:6746: result: yes
configure:6788: checking how to run the C preprocessor
configure:6819: gcc -E  conftest.c
configure:6819: $? = 0
configure:6833: gcc -E  conftest.c
conftest.c:11:10: fatal error: 'ac_nonexistent.h' file not found
#include <ac_nonexistent.h>
         ^
1 error generated.
configure:6833: $? = 1
configure: failed program was:
| /* confdefs.h */
| #define PACKAGE_NAME "LTO plugin for ld"
| #define PACKAGE_TARNAME "lto-plugin"
| #define PACKAGE_VERSION "0.1"
| #define PACKAGE_STRING "LTO plugin for ld 0.1"
| #define PACKAGE_BUGREPORT ""
| #define PACKAGE_URL ""
| #define PACKAGE "lto-plugin"
| #define VERSION "0.1"
| /* end confdefs.h.  */
| #include <ac_nonexistent.h>
configure:6858: result: gcc -E
configure:6878: gcc -E  conftest.c
configure:6878: $? = 0
configure:6892: gcc -E  conftest.c
conftest.c:11:10: fatal error: 'ac_nonexistent.h' file not found
#include <ac_nonexistent.h>
         ^
1 error generated.
configure:6892: $? = 1
configure: failed program was:
| /* confdefs.h */
| #define PACKAGE_NAME "LTO plugin for ld"
| #define PACKAGE_TARNAME "lto-plugin"
| #define PACKAGE_VERSION "0.1"
| #define PACKAGE_STRING "LTO plugin for ld 0.1"
| #define PACKAGE_BUGREPORT ""
| #define PACKAGE_URL ""
| #define PACKAGE "lto-plugin"
| #define VERSION "0.1"
| /* end confdefs.h.  */
| #include <ac_nonexistent.h>
configure:6921: checking for ANSI C header files
configure:6941: gcc -c -g -O2  conftest.c >&5
configure:6941: $? = 0
configure:7014: gcc -o conftest -g -O2    conftest.c  >&5
configure:7014: $? = 0
configure:7014: ./conftest
configure:7014: $? = 0
configure:7025: result: yes
configure:7038: checking for sys/types.h
configure:7038: gcc -c -g -O2  conftest.c >&5
configure:7038: $? = 0
configure:7038: result: yes
configure:7038: checking for sys/stat.h
configure:7038: gcc -c -g -O2  conftest.c >&5
configure:7038: $? = 0
configure:7038: result: yes
configure:7038: checking for stdlib.h
configure:7038: gcc -c -g -O2  conftest.c >&5
configure:7038: $? = 0
configure:7038: result: yes
configure:7038: checking for string.h
configure:7038: gcc -c -g -O2  conftest.c >&5
configure:7038: $? = 0
configure:7038: result: yes
configure:7038: checking for memory.h
configure:7038: gcc -c -g -O2  conftest.c >&5
configure:7038: $? = 0
configure:7038: result: yes
configure:7038: checking for strings.h
configure:7038: gcc -c -g -O2  conftest.c >&5
configure:7038: $? = 0
configure:7038: result: yes
configure:7038: checking for inttypes.h
configure:7038: gcc -c -g -O2  conftest.c >&5
configure:7038: $? = 0
configure:7038: result: yes
configure:7038: checking for stdint.h
configure:7038: gcc -c -g -O2  conftest.c >&5
configure:7038: $? = 0
configure:7038: result: yes
configure:7038: checking for unistd.h
configure:7038: gcc -c -g -O2  conftest.c >&5
configure:7038: $? = 0
configure:7038: result: yes
configure:7053: checking for dlfcn.h
configure:7053: gcc -c -g -O2  conftest.c >&5
configure:7053: $? = 0
configure:7053: result: yes
configure:7240: checking for objdir
configure:7255: result: .libs
configure:7526: checking if gcc supports -fno-rtti -fno-exceptions
configure:7544: gcc -c -g -O2  -fno-rtti -fno-exceptions conftest.c >&5
configure:7548: $? = 0
configure:7561: result: yes
configure:7581: checking for gcc option to produce PIC
configure:7866: result: -fno-common -DPIC
configure:7878: checking if gcc PIC flag -fno-common -DPIC works
configure:7896: gcc -c -g -O2  -fno-common -DPIC -DPIC conftest.c >&5
configure:7900: $? = 0
configure:7913: result: yes
configure:7937: checking if gcc static flag -static works
configure:7965: result: no
configure:7980: checking if gcc supports -c -o file.o
configure:8001: gcc -c -g -O2  -o out/conftest2.o conftest.c >&5
configure:8005: $? = 0
configure:8027: result: yes
configure:8035: checking if gcc supports -c -o file.o
configure:8082: result: yes
configure:8115: checking whether the gcc linker (/Applications/Xcode.app/Contents/Developer/Toolchains/XcodeDefault.xctoolchain/usr/bin/ld) supports shared libraries
configure:9186: result: yes
configure:9431: checking dynamic linker characteristics
configure:10104: result: darwin13.0.0 dyld
configure:10211: checking how to hardcode library paths into programs
configure:10236: result: immediate
configure:10776: checking whether stripping libraries is possible
configure:10790: result: yes
configure:10816: checking if libtool supports shared libraries
configure:10818: result: yes
configure:10821: checking whether to build shared libraries
configure:10842: result: yes
configure:10845: checking whether to build static libraries
configure:10849: result: yes
configure:10907: checking for int64_t
configure:10907: gcc -c -g -O2  conftest.c >&5
configure:10907: $? = 0
configure:10907: gcc -c -g -O2  conftest.c >&5
conftest.c:59:24: error: 'test_array' declared as an array with a negative size
static int test_array [1 - 2 * !((int64_t) ((((int64_t) 1 << (64 - 2)) - 1) * 2 + 1)
                       ^~~~~~~~~~~~~~~~~~~~~~~~~~~~~~~~~~~~~~~~~~~~~~~~~~~~~~~~~~~~~
1 error generated.
configure:10907: $? = 1
configure: failed program was:
| /* confdefs.h */
| #define PACKAGE_NAME "LTO plugin for ld"
| #define PACKAGE_TARNAME "lto-plugin"
| #define PACKAGE_VERSION "0.1"
| #define PACKAGE_STRING "LTO plugin for ld 0.1"
| #define PACKAGE_BUGREPORT ""
| #define PACKAGE_URL ""
| #define PACKAGE "lto-plugin"
| #define VERSION "0.1"
| #define STDC_HEADERS 1
| #define HAVE_SYS_TYPES_H 1
| #define HAVE_SYS_STAT_H 1
| #define HAVE_STDLIB_H 1
| #define HAVE_STRING_H 1
| #define HAVE_MEMORY_H 1
| #define HAVE_STRINGS_H 1
| #define HAVE_INTTYPES_H 1
| #define HAVE_STDINT_H 1
| #define HAVE_UNISTD_H 1
| #define HAVE_DLFCN_H 1
| #define LT_OBJDIR ".libs/"
| /* end confdefs.h.  */
| #include <stdio.h>
| #ifdef HAVE_SYS_TYPES_H
| # include <sys/types.h>
| #endif
| #ifdef HAVE_SYS_STAT_H
| # include <sys/stat.h>
| #endif
| #ifdef STDC_HEADERS
| # include <stdlib.h>
| # include <stddef.h>
| #else
| # ifdef HAVE_STDLIB_H
| #  include <stdlib.h>
| # endif
| #endif
| #ifdef HAVE_STRING_H
| # if !defined STDC_HEADERS && defined HAVE_MEMORY_H
| #  include <memory.h>
| # endif
| # include <string.h>
| #endif
| #ifdef HAVE_STRINGS_H
| # include <strings.h>
| #endif
| #ifdef HAVE_INTTYPES_H
| # include <inttypes.h>
| #endif
| #ifdef HAVE_STDINT_H
| # include <stdint.h>
| #endif
| #ifdef HAVE_UNISTD_H
| # include <unistd.h>
| #endif
| int
| main ()
| {
| static int test_array [1 - 2 * !((int64_t) ((((int64_t) 1 << (64 - 2)) - 1) * 2 + 1)
| 		 < (int64_t) ((((int64_t) 1 << (64 - 2)) - 1) * 2 + 2))];
| test_array [0] = 0
| 
|   ;
|   return 0;
| }
configure:10907: result: yes
configure:10918: checking for uint64_t
configure:10918: gcc -c -g -O2  conftest.c >&5
configure:10918: $? = 0
configure:10918: result: yes
configure:10932: checking for sys/wait.h that is POSIX.1 compatible
configure:10958: gcc -c -g -O2  conftest.c >&5
configure:10958: $? = 0
configure:10965: result: yes
configure:11042: updating cache ./config.cache
configure:11099: creating ./config.status

## ---------------------- ##
## Running config.status. ##
## ---------------------- ##

This file was extended by LTO plugin for ld config.status 0.1, which was
generated by GNU Autoconf 2.64.  Invocation command line was

  CONFIG_FILES    = 
  CONFIG_HEADERS  = 
  CONFIG_LINKS    = 
  CONFIG_COMMANDS = 
  $ ./config.status 

on Fredrik-Olsson-Mac

config.status:1073: creating Makefile
config.status:1073: creating config.h
config.status:1286: executing depfiles commands
config.status:1286: executing libtool commands

## ---------------- ##
## Cache variables. ##
## ---------------- ##

ac_cv_build=x86_64-apple-darwin13.0.0
ac_cv_c_compiler_gnu=yes
ac_cv_c_int64_t=yes
ac_cv_c_uint64_t=yes
ac_cv_env_CC_set=set
ac_cv_env_CC_value=gcc
ac_cv_env_CFLAGS_set=set
ac_cv_env_CFLAGS_value='-g -O2'
ac_cv_env_CPPFLAGS_set=
ac_cv_env_CPPFLAGS_value=
ac_cv_env_CPP_set=
ac_cv_env_CPP_value=
ac_cv_env_LDFLAGS_set=set
ac_cv_env_LDFLAGS_value=' '
ac_cv_env_LIBS_set=
ac_cv_env_LIBS_value=
ac_cv_env_build_alias_set=set
ac_cv_env_build_alias_value=x86_64-apple-darwin13.0.0
ac_cv_env_host_alias_set=set
ac_cv_env_host_alias_value=x86_64-apple-darwin13.0.0
ac_cv_env_target_alias_set=set
ac_cv_env_target_alias_value=m68k-atari-mint
ac_cv_header_dlfcn_h=yes
ac_cv_header_inttypes_h=yes
ac_cv_header_memory_h=yes
ac_cv_header_stdc=yes
ac_cv_header_stdint_h=yes
ac_cv_header_stdlib_h=yes
ac_cv_header_string_h=yes
ac_cv_header_strings_h=yes
ac_cv_header_sys_stat_h=yes
ac_cv_header_sys_types_h=yes
ac_cv_header_sys_wait_h=yes
ac_cv_header_unistd_h=yes
ac_cv_host=x86_64-apple-darwin13.0.0
ac_cv_objext=o
ac_cv_path_EGREP='/usr/bin/grep -E'
ac_cv_path_FGREP='/usr/bin/grep -F'
ac_cv_path_GREP=/usr/bin/grep
ac_cv_path_SED=/usr/bin/sed
ac_cv_prog_AR=ar
ac_cv_prog_AWK=awk
ac_cv_prog_CC=gcc
ac_cv_prog_CPP='gcc -E'
ac_cv_prog_OBJDUMP=objdump
ac_cv_prog_RANLIB=ranlib
ac_cv_prog_ac_ct_DSYMUTIL=dsymutil
ac_cv_prog_ac_ct_LIPO=lipo
ac_cv_prog_ac_ct_NMEDIT=nmedit
ac_cv_prog_ac_ct_OTOOL=otool
ac_cv_prog_ac_ct_STRIP=strip
ac_cv_prog_cc_c89=
ac_cv_prog_cc_g=yes
ac_cv_prog_make__Applications_Xcode_app_Contents_Developer_usr_bin_make_set=yes
ac_cv_sys_file_offset_bits=no
ac_cv_sys_largefile_CC=no
ac_cv_target=m68k-atari-mint
acx_cv_prog_cc_warning__Wall=yes
am_cv_CC_dependencies_compiler_type=gcc3
lt_cv_apple_cc_single_mod=yes
lt_cv_deplibs_check_method=pass_all
lt_cv_file_magic_cmd='$MAGIC_CMD'
lt_cv_file_magic_test_file=
lt_cv_ld_exported_symbols_list=yes
lt_cv_ld_force_load=yes
lt_cv_ld_reload_flag=-r
lt_cv_nm_interface='BSD nm'
lt_cv_objdir=.libs
lt_cv_path_LD=/Applications/Xcode.app/Contents/Developer/Toolchains/XcodeDefault.xctoolchain/usr/bin/ld
lt_cv_path_NM=nm
lt_cv_prog_compiler_c_o=yes
lt_cv_prog_compiler_pic_works=yes
lt_cv_prog_compiler_rtti_exceptions=yes
lt_cv_prog_compiler_static_works=no
lt_cv_prog_gnu_ld=no
lt_cv_sys_global_symbol_pipe='sed -n -e '\''s/^.*[	 ]\([BCDEGRST][BCDEGRST]*\)[	 ][	 ]*_\([_A-Za-z][_A-Za-z0-9]*\)$/\1 _\2 \2/p'\'''
lt_cv_sys_global_symbol_to_c_name_address='sed -n -e '\''s/^: \([^ ]*\) $/  {\"\1\", (void *) 0},/p'\'' -e '\''s/^[BCDEGRST]* \([^ ]*\) \([^ ]*\)$/  {"\2", (void *) \&\2},/p'\'''
lt_cv_sys_global_symbol_to_c_name_address_lib_prefix='sed -n -e '\''s/^: \([^ ]*\) $/  {\"\1\", (void *) 0},/p'\'' -e '\''s/^[BCDEGRST]* \([^ ]*\) \(lib[^ ]*\)$/  {"\2", (void *) \&\2},/p'\'' -e '\''s/^[BCDEGRST]* \([^ ]*\) \([^ ]*\)$/  {"lib\2", (void *) \&\2},/p'\'''
lt_cv_sys_global_symbol_to_cdecl='sed -n -e '\''s/^T .* \(.*\)$/extern int \1();/p'\'' -e '\''s/^[BCDEGRST]* .* \(.*\)$/extern char \1;/p'\'''
lt_cv_sys_max_cmd_len=196608

## ----------------- ##
## Output variables. ##
## ----------------- ##

ACLOCAL='${SHELL} /Users/folsson/Downloads/gcc-4.6.4/missing --run aclocal-1.11'
AMDEPBACKSLASH='\'
AMDEP_FALSE='#'
AMDEP_TRUE=''
AMTAR='${SHELL} /Users/folsson/Downloads/gcc-4.6.4/missing --run tar'
AR='ar'
AUTOCONF='${SHELL} /Users/folsson/Downloads/gcc-4.6.4/missing --run autoconf'
AUTOHEADER='${SHELL} /Users/folsson/Downloads/gcc-4.6.4/missing --run autoheader'
AUTOMAKE='${SHELL} /Users/folsson/Downloads/gcc-4.6.4/missing --run automake-1.11'
AWK='awk'
CC='gcc'
CCDEPMODE='depmode=gcc3'
CFLAGS='-g -O2'
CPP='gcc -E'
CPPFLAGS=''
CYGPATH_W='echo'
DEFS='-DHAVE_CONFIG_H'
DEPDIR='.deps'
DSYMUTIL='dsymutil'
DUMPBIN=''
ECHO_C='\c'
ECHO_N=''
ECHO_T=''
EGREP='/usr/bin/grep -E'
EXEEXT=''
FGREP='/usr/bin/grep -F'
GREP='/usr/bin/grep'
INSTALL_DATA='/usr/bin/install -c -m 644'
INSTALL_PROGRAM='/usr/bin/install -c'
INSTALL_SCRIPT='/usr/bin/install -c'
INSTALL_STRIP_PROGRAM='$(install_sh) -c -s'
LD='/Applications/Xcode.app/Contents/Developer/Toolchains/XcodeDefault.xctoolchain/usr/bin/ld'
LDFLAGS=' '
LIBOBJS=''
LIBS=''
LIBTOOL='$(SHELL) $(top_builddir)/libtool'
LIPO='lipo'
LN_S='ln -s'
LTLIBOBJS=''
MAINT='#'
MAINTAINER_MODE_FALSE=''
MAINTAINER_MODE_TRUE='#'
MAKEINFO='makeinfo --split-size=5000000'
MKDIR_P='../../gcc-4.6.4/lto-plugin/../install-sh -c -d'
NM='nm'
NMEDIT='nmedit'
OBJDUMP='objdump'
OBJEXT='o'
OTOOL64=':'
OTOOL='otool'
PACKAGE='lto-plugin'
PACKAGE_BUGREPORT=''
PACKAGE_NAME='LTO plugin for ld'
PACKAGE_STRING='LTO plugin for ld 0.1'
PACKAGE_TARNAME='lto-plugin'
PACKAGE_URL=''
PACKAGE_VERSION='0.1'
PATH_SEPARATOR=':'
RANLIB='ranlib'
SED='/usr/bin/sed'
SET_MAKE=''
SHELL='/bin/sh'
STRIP='strip'
VERSION='0.1'
ac_ct_CC=''
ac_ct_DUMPBIN=''
ac_lto_plugin_warn_cflags='-Wall'
am__EXEEXT_FALSE=''
am__EXEEXT_TRUE='#'
am__fastdepCC_FALSE='#'
am__fastdepCC_TRUE=''
am__include='include'
am__isrc=' -I$(srcdir)'
am__leading_dot='.'
am__quote=''
am__tar='${AMTAR} chof - "$$tardir"'
am__untar='${AMTAR} xf -'
bindir='${exec_prefix}/bin'
build='x86_64-apple-darwin13.0.0'
build_alias='x86_64-apple-darwin13.0.0'
build_cpu='x86_64'
build_libsubdir='build-x86_64-apple-darwin13.0.0'
build_os='darwin13.0.0'
build_subdir='build-x86_64-apple-darwin13.0.0'
build_vendor='apple'
datadir='${datarootdir}'
datarootdir='${prefix}/share'
docdir='${datarootdir}/doc/${PACKAGE_TARNAME}'
dvidir='${docdir}'
exec_prefix='${prefix}'
host='x86_64-apple-darwin13.0.0'
host_alias='x86_64-apple-darwin13.0.0'
host_cpu='x86_64'
host_os='darwin13.0.0'
host_subdir='.'
host_vendor='apple'
htmldir='${docdir}'
includedir='${prefix}/include'
infodir='${datarootdir}/info'
install_sh='${SHELL} /Users/folsson/Downloads/gcc-4.6.4/install-sh'
libdir='${exec_prefix}/lib'
libexecdir='${exec_prefix}/libexec'
localedir='${datarootdir}/locale'
localstatedir='${prefix}/var'
lt_host_flags=''
mandir='${datarootdir}/man'
mkdir_p='$(top_builddir)/../../gcc-4.6.4/lto-plugin/../install-sh -c -d'
oldincludedir='/usr/include'
pdfdir='${docdir}'
prefix='/opt/cross-mint'
program_transform_name='s&^&m68k-atari-mint-&'
psdir='${docdir}'
sbindir='${exec_prefix}/sbin'
sharedstatedir='${prefix}/com'
sysconfdir='${prefix}/etc'
target='m68k-atari-mint'
target_alias='m68k-atari-mint'
target_cpu='m68k'
target_noncanonical='m68k-atari-mint'
target_os='mint'
target_subdir='m68k-atari-mint'
target_vendor='atari'

## ----------- ##
## confdefs.h. ##
## ----------- ##

/* confdefs.h */
#define PACKAGE_NAME "LTO plugin for ld"
#define PACKAGE_TARNAME "lto-plugin"
#define PACKAGE_VERSION "0.1"
#define PACKAGE_STRING "LTO plugin for ld 0.1"
#define PACKAGE_BUGREPORT ""
#define PACKAGE_URL ""
#define PACKAGE "lto-plugin"
#define VERSION "0.1"
#define STDC_HEADERS 1
#define HAVE_SYS_TYPES_H 1
#define HAVE_SYS_STAT_H 1
#define HAVE_STDLIB_H 1
#define HAVE_STRING_H 1
#define HAVE_MEMORY_H 1
#define HAVE_STRINGS_H 1
#define HAVE_INTTYPES_H 1
#define HAVE_STDINT_H 1
#define HAVE_UNISTD_H 1
#define HAVE_DLFCN_H 1
#define LT_OBJDIR ".libs/"
#define HAVE_SYS_WAIT_H 1

configure: exit 0
