This file contains any messages produced by compilers while
running configure, to aid debugging if configure makes a mistake.

It was created by GNU C Runtime Library configure 1.0, which was
generated by GNU Autoconf 2.64.  Invocation command line was

  $ ../../../../gcc-4.6.4/libgcc/configure --with-multisubdir=mshort --with-multisrctop= --enable-multilib --cache-file=./config.cache --enable-multilib --with-cross-host=x86_64-apple-darwin13.0.0 --prefix=/opt/cross-mint/ --disable-shared --enable-languages=c,c++,lto --program-transform-name=s&^&m68k-atari-mint-& --disable-option-checking --with-target-subdir=m68k-atari-mint --build=x86_64-apple-darwin13.0.0 --host=m68k-atari-mint --target=m68k-atari-mint --srcdir=../../../gcc-4.6.4/libgcc build_alias=x86_64-apple-darwin13.0.0 host_alias=m68k-atari-mint target_alias=m68k-atari-mint CC=/Users/folsson/Downloads/gcc-mint/./gcc/xgcc -B/Users/folsson/Downloads/gcc-mint/./gcc/ -B/opt/cross-mint/m68k-atari-mint/bin/ -B/opt/cross-mint/m68k-atari-mint/lib/ -isystem /opt/cross-mint/m68k-atari-mint/include -isystem /opt/cross-mint/m68k-atari-mint/sys-include  CFLAGS=-g -O2 LDFLAGS= CPPFLAGS= CC=/Users/folsson/Downloads/gcc-mint/./gcc/xgcc -B/Users/folsson/Downloads/gcc-mint/./gcc/ -B/opt/cross-mint/m68k-atari-mint/bin/ -B/opt/cross-mint/m68k-atari-mint/lib/ -isystem /opt/cross-mint/m68k-atari-mint/include -isystem /opt/cross-mint/m68k-atari-mint/sys-include  -mshort CXX=/Users/folsson/Downloads/gcc-mint/./gcc/g++ -B/Users/folsson/Downloads/gcc-mint/./gcc/ -nostdinc++ -funconfigured-libstdc++-v3 -L/Users/folsson/Downloads/gcc-mint/m68k-atari-mint/mshort/libstdc++-v3/src -L/Users/folsson/Downloads/gcc-mint/m68k-atari-mint/mshort/libstdc++-v3/src/.libs -B/opt/cross-mint/m68k-atari-mint/bin/ -B/opt/cross-mint/m68k-atari-mint/lib/ -isystem /opt/cross-mint/m68k-atari-mint/include -isystem /opt/cross-mint/m68k-atari-mint/sys-include  -mshort F77= -mshort GCJ=m68k-atari-mint-gcj -B/opt/cross-mint/m68k-atari-mint/bin/ -B/opt/cross-mint/m68k-atari-mint/lib/ -isystem /opt/cross-mint/m68k-atari-mint/include -isystem /opt/cross-mint/m68k-atari-mint/sys-include  -mshort GFORTRAN=m68k-atari-mint-gfortran -B/opt/cross-mint/m68k-atari-mint/bin/ -B/opt/cross-mint/m68k-atari-mint/lib/ -isystem /opt/cross-mint/m68k-atari-mint/include -isystem /opt/cross-mint/m68k-atari-mint/sys-include  -mshort GOC=m68k-atari-mint-gccgo -B/opt/cross-mint/m68k-atari-mint/bin/ -B/opt/cross-mint/m68k-atari-mint/lib/ -isystem /opt/cross-mint/m68k-atari-mint/include -isystem /opt/cross-mint/m68k-atari-mint/sys-include  -mshort -srcdir=../../../../gcc-4.6.4/libgcc

## --------- ##
## Platform. ##
## --------- ##

hostname = Fredrik-Olsson-Mac
uname -m = x86_64
uname -r = 13.0.0
uname -s = Darwin
uname -v = Darwin Kernel Version 13.0.0: Thu Sep 19 22:22:27 PDT 2013; root:xnu-2422.1.72~6/RELEASE_X86_64

/usr/bin/uname -p = i386
/bin/uname -X     = unknown

/bin/arch              = unknown
/usr/bin/arch -k       = unknown
/usr/convex/getsysinfo = unknown
/usr/bin/hostinfo      = Mach kernel version:
	 Darwin Kernel Version 13.0.0: Thu Sep 19 22:22:27 PDT 2013; root:xnu-2422.1.72~6/RELEASE_X86_64
Kernel configured for up to 8 processors.
4 processors are physically available.
8 processors are logically available.
Processor type: i486 (Intel 80486)
Processors active: 0 1 2 3 4 5 6 7
Primary memory available: 16.00 gigabytes
Default processor set: 230 tasks, 1179 threads, 8 processors
Load average: 1.75, Mach factor: 6.23
/bin/machine           = unknown
/usr/bin/oslevel       = unknown
/bin/universe          = unknown

PATH: /usr/share/java/apache-maven-3.0.5//bin
PATH: /usr/bin
PATH: /bin
PATH: /usr/sbin
PATH: /sbin
PATH: /usr/local/bin
PATH: /usr/local/mysql/bin


## ----------- ##
## Core tests. ##
## ----------- ##

configure:1742: creating cache ./config.cache
configure:1903: checking for --enable-version-specific-runtime-libs
configure:1916: result: no
configure:1964: checking for a BSD-compatible install
configure:2032: result: /usr/bin/install -c
configure:2048: checking for gawk
configure:2075: result: awk
configure:2095: checking build system type
configure:2109: result: x86_64-apple-darwin13.0.0
configure:2129: checking host system type
configure:2142: result: m68k-atari-mint
configure:2245: checking for m68k-atari-mint-ar
configure:2272: result: /opt/cross-mint/m68k-atari-mint/bin/ar
configure:2337: checking for m68k-atari-mint-lipo
configure:2364: result: m68k-atari-mint-lipo
configure:2429: checking for m68k-atari-mint-nm
configure:2456: result: /Users/folsson/Downloads/gcc-mint/./gcc/nm
configure:2521: checking for m68k-atari-mint-ranlib
configure:2548: result: /opt/cross-mint/m68k-atari-mint/bin/ranlib
configure:2613: checking for m68k-atari-mint-strip
configure:2640: result: /opt/cross-mint/m68k-atari-mint/bin/strip
configure:2702: checking whether ln -s works
configure:2706: result: yes
configure:2723: checking for m68k-atari-mint-gcc
configure:2750: result: /Users/folsson/Downloads/gcc-mint/./gcc/xgcc -B/Users/folsson/Downloads/gcc-mint/./gcc/ -B/opt/cross-mint/m68k-atari-mint/bin/ -B/opt/cross-mint/m68k-atari-mint/lib/ -isystem /opt/cross-mint/m68k-atari-mint/include -isystem /opt/cross-mint/m68k-atari-mint/sys-include  -mshort
configure:3019: checking for C compiler version
configure:3028: /Users/folsson/Downloads/gcc-mint/./gcc/xgcc -B/Users/folsson/Downloads/gcc-mint/./gcc/ -B/opt/cross-mint/m68k-atari-mint/bin/ -B/opt/cross-mint/m68k-atari-mint/lib/ -isystem /opt/cross-mint/m68k-atari-mint/include -isystem /opt/cross-mint/m68k-atari-mint/sys-include  -mshort --version >&5
xgcc (GCC) 4.6.4 (MiNT 20130415)
Copyright (C) 2011 Free Software Foundation, Inc.
This is free software; see the source for copying conditions.  There is NO
warranty; not even for MERCHANTABILITY or FITNESS FOR A PARTICULAR PURPOSE.

configure:3039: $? = 0
configure:3028: /Users/folsson/Downloads/gcc-mint/./gcc/xgcc -B/Users/folsson/Downloads/gcc-mint/./gcc/ -B/opt/cross-mint/m68k-atari-mint/bin/ -B/opt/cross-mint/m68k-atari-mint/lib/ -isystem /opt/cross-mint/m68k-atari-mint/include -isystem /opt/cross-mint/m68k-atari-mint/sys-include  -mshort -v >&5
Reading specs from /Users/folsson/Downloads/gcc-mint/./gcc/specs
COLLECT_GCC=/Users/folsson/Downloads/gcc-mint/./gcc/xgcc
COLLECT_LTO_WRAPPER=/Users/folsson/Downloads/gcc-mint/./gcc/lto-wrapper
Target: m68k-atari-mint
Configured with: ../gcc-4.6.4/configure --prefix=/opt/cross-mint/ --target=m68k-atari-mint --enable-languages=c,c++ --disable-shared
Thread model: single
gcc version 4.6.4 (MiNT 20130415) (GCC) 
configure:3039: $? = 0
configure:3028: /Users/folsson/Downloads/gcc-mint/./gcc/xgcc -B/Users/folsson/Downloads/gcc-mint/./gcc/ -B/opt/cross-mint/m68k-atari-mint/bin/ -B/opt/cross-mint/m68k-atari-mint/lib/ -isystem /opt/cross-mint/m68k-atari-mint/include -isystem /opt/cross-mint/m68k-atari-mint/sys-include  -mshort -V >&5
xgcc: error: unrecognized option '-V'
xgcc: fatal error: no input files
compilation terminated.
configure:3039: $? = 1
configure:3028: /Users/folsson/Downloads/gcc-mint/./gcc/xgcc -B/Users/folsson/Downloads/gcc-mint/./gcc/ -B/opt/cross-mint/m68k-atari-mint/bin/ -B/opt/cross-mint/m68k-atari-mint/lib/ -isystem /opt/cross-mint/m68k-atari-mint/include -isystem /opt/cross-mint/m68k-atari-mint/sys-include  -mshort -qversion >&5
xgcc: error: unrecognized option '-qversion'
xgcc: fatal error: no input files
compilation terminated.
configure:3039: $? = 1
configure:3055: /Users/folsson/Downloads/gcc-mint/./gcc/xgcc -B/Users/folsson/Downloads/gcc-mint/./gcc/ -B/opt/cross-mint/m68k-atari-mint/bin/ -B/opt/cross-mint/m68k-atari-mint/lib/ -isystem /opt/cross-mint/m68k-atari-mint/include -isystem /opt/cross-mint/m68k-atari-mint/sys-include  -mshort -o conftest -g -O2   conftest.c  >&5
/opt/cross-mint/m68k-atari-mint/bin/ld: cannot find -lgcc
/opt/cross-mint/m68k-atari-mint/bin/ld: cannot find -lgcc
collect2: ld returned 1 exit status
configure:3058: $? = 1
configure:3246: checking for suffix of object files
configure:3268: /Users/folsson/Downloads/gcc-mint/./gcc/xgcc -B/Users/folsson/Downloads/gcc-mint/./gcc/ -B/opt/cross-mint/m68k-atari-mint/bin/ -B/opt/cross-mint/m68k-atari-mint/lib/ -isystem /opt/cross-mint/m68k-atari-mint/include -isystem /opt/cross-mint/m68k-atari-mint/sys-include  -mshort -c -g -O2  conftest.c >&5
configure:3272: $? = 0
configure:3293: result: o
configure:3297: checking whether we are using the GNU C compiler
configure:3316: /Users/folsson/Downloads/gcc-mint/./gcc/xgcc -B/Users/folsson/Downloads/gcc-mint/./gcc/ -B/opt/cross-mint/m68k-atari-mint/bin/ -B/opt/cross-mint/m68k-atari-mint/lib/ -isystem /opt/cross-mint/m68k-atari-mint/include -isystem /opt/cross-mint/m68k-atari-mint/sys-include  -mshort -c -g -O2  conftest.c >&5
configure:3316: $? = 0
configure:3325: result: yes
configure:3334: checking whether /Users/folsson/Downloads/gcc-mint/./gcc/xgcc -B/Users/folsson/Downloads/gcc-mint/./gcc/ -B/opt/cross-mint/m68k-atari-mint/bin/ -B/opt/cross-mint/m68k-atari-mint/lib/ -isystem /opt/cross-mint/m68k-atari-mint/include -isystem /opt/cross-mint/m68k-atari-mint/sys-include  -mshort accepts -g
configure:3354: /Users/folsson/Downloads/gcc-mint/./gcc/xgcc -B/Users/folsson/Downloads/gcc-mint/./gcc/ -B/opt/cross-mint/m68k-atari-mint/bin/ -B/opt/cross-mint/m68k-atari-mint/lib/ -isystem /opt/cross-mint/m68k-atari-mint/include -isystem /opt/cross-mint/m68k-atari-mint/sys-include  -mshort -c -g  conftest.c >&5
configure:3354: $? = 0
configure:3395: result: yes
configure:3412: checking for /Users/folsson/Downloads/gcc-mint/./gcc/xgcc -B/Users/folsson/Downloads/gcc-mint/./gcc/ -B/opt/cross-mint/m68k-atari-mint/bin/ -B/opt/cross-mint/m68k-atari-mint/lib/ -isystem /opt/cross-mint/m68k-atari-mint/include -isystem /opt/cross-mint/m68k-atari-mint/sys-include  -mshort option to accept ISO C89
configure:3476: /Users/folsson/Downloads/gcc-mint/./gcc/xgcc -B/Users/folsson/Downloads/gcc-mint/./gcc/ -B/opt/cross-mint/m68k-atari-mint/bin/ -B/opt/cross-mint/m68k-atari-mint/lib/ -isystem /opt/cross-mint/m68k-atari-mint/include -isystem /opt/cross-mint/m68k-atari-mint/sys-include  -mshort  -c -g -O2  conftest.c >&5
configure:3476: $? = 0
configure:3489: result: none needed
configure:3514: checking how to run the C preprocessor
configure:3545: /Users/folsson/Downloads/gcc-mint/./gcc/xgcc -B/Users/folsson/Downloads/gcc-mint/./gcc/ -B/opt/cross-mint/m68k-atari-mint/bin/ -B/opt/cross-mint/m68k-atari-mint/lib/ -isystem /opt/cross-mint/m68k-atari-mint/include -isystem /opt/cross-mint/m68k-atari-mint/sys-include  -mshort -E  conftest.c
configure:3545: $? = 0
configure:3559: /Users/folsson/Downloads/gcc-mint/./gcc/xgcc -B/Users/folsson/Downloads/gcc-mint/./gcc/ -B/opt/cross-mint/m68k-atari-mint/bin/ -B/opt/cross-mint/m68k-atari-mint/lib/ -isystem /opt/cross-mint/m68k-atari-mint/include -isystem /opt/cross-mint/m68k-atari-mint/sys-include  -mshort -E  conftest.c
conftest.c:9:28: fatal error: ac_nonexistent.h: No such file or directory
compilation terminated.
configure:3559: $? = 1
configure: failed program was:
| /* confdefs.h */
| #define PACKAGE_NAME "GNU C Runtime Library"
| #define PACKAGE_TARNAME "libgcc"
| #define PACKAGE_VERSION "1.0"
| #define PACKAGE_STRING "GNU C Runtime Library 1.0"
| #define PACKAGE_BUGREPORT ""
| #define PACKAGE_URL "http://www.gnu.org/software/libgcc/"
| /* end confdefs.h.  */
| #include <ac_nonexistent.h>
configure:3584: result: /Users/folsson/Downloads/gcc-mint/./gcc/xgcc -B/Users/folsson/Downloads/gcc-mint/./gcc/ -B/opt/cross-mint/m68k-atari-mint/bin/ -B/opt/cross-mint/m68k-atari-mint/lib/ -isystem /opt/cross-mint/m68k-atari-mint/include -isystem /opt/cross-mint/m68k-atari-mint/sys-include  -mshort -E
configure:3604: /Users/folsson/Downloads/gcc-mint/./gcc/xgcc -B/Users/folsson/Downloads/gcc-mint/./gcc/ -B/opt/cross-mint/m68k-atari-mint/bin/ -B/opt/cross-mint/m68k-atari-mint/lib/ -isystem /opt/cross-mint/m68k-atari-mint/include -isystem /opt/cross-mint/m68k-atari-mint/sys-include  -mshort -E  conftest.c
configure:3604: $? = 0
configure:3618: /Users/folsson/Downloads/gcc-mint/./gcc/xgcc -B/Users/folsson/Downloads/gcc-mint/./gcc/ -B/opt/cross-mint/m68k-atari-mint/bin/ -B/opt/cross-mint/m68k-atari-mint/lib/ -isystem /opt/cross-mint/m68k-atari-mint/include -isystem /opt/cross-mint/m68k-atari-mint/sys-include  -mshort -E  conftest.c
conftest.c:9:28: fatal error: ac_nonexistent.h: No such file or directory
compilation terminated.
configure:3618: $? = 1
configure: failed program was:
| /* confdefs.h */
| #define PACKAGE_NAME "GNU C Runtime Library"
| #define PACKAGE_TARNAME "libgcc"
| #define PACKAGE_VERSION "1.0"
| #define PACKAGE_STRING "GNU C Runtime Library 1.0"
| #define PACKAGE_BUGREPORT ""
| #define PACKAGE_URL "http://www.gnu.org/software/libgcc/"
| /* end confdefs.h.  */
| #include <ac_nonexistent.h>
configure:3651: checking whether decimal floating point is supported
configure:3660: /Users/folsson/Downloads/gcc-mint/./gcc/xgcc -B/Users/folsson/Downloads/gcc-mint/./gcc/ -B/opt/cross-mint/m68k-atari-mint/bin/ -B/opt/cross-mint/m68k-atari-mint/lib/ -isystem /opt/cross-mint/m68k-atari-mint/include -isystem /opt/cross-mint/m68k-atari-mint/sys-include  -mshort -c -g -O2  conftest.c >&5
conftest.c:9:1: error: decimal floating point not supported for this target
configure:3660: $? = 1
configure: failed program was:
| /* confdefs.h */
| #define PACKAGE_NAME "GNU C Runtime Library"
| #define PACKAGE_TARNAME "libgcc"
| #define PACKAGE_VERSION "1.0"
| #define PACKAGE_STRING "GNU C Runtime Library 1.0"
| #define PACKAGE_BUGREPORT ""
| #define PACKAGE_URL "http://www.gnu.org/software/libgcc/"
| /* end confdefs.h.  */
| _Decimal32 x;
configure:3667: result: no
configure:3691: WARNING: decimal float is not supported for this target, ignored
configure:3724: checking whether fixed-point is supported
configure:3733: /Users/folsson/Downloads/gcc-mint/./gcc/xgcc -B/Users/folsson/Downloads/gcc-mint/./gcc/ -B/opt/cross-mint/m68k-atari-mint/bin/ -B/opt/cross-mint/m68k-atari-mint/lib/ -isystem /opt/cross-mint/m68k-atari-mint/include -isystem /opt/cross-mint/m68k-atari-mint/sys-include  -mshort -c -g -O2  conftest.c >&5
conftest.c:9:6: error: fixed-point types not supported for this target
configure:3733: $? = 1
configure: failed program was:
| /* confdefs.h */
| #define PACKAGE_NAME "GNU C Runtime Library"
| #define PACKAGE_TARNAME "libgcc"
| #define PACKAGE_VERSION "1.0"
| #define PACKAGE_STRING "GNU C Runtime Library 1.0"
| #define PACKAGE_BUGREPORT ""
| #define PACKAGE_URL "http://www.gnu.org/software/libgcc/"
| /* end confdefs.h.  */
| _Sat _Fract x;
configure:3740: result: no
configure:3746: checking whether assembler supports CFI directives
configure:3759: /Users/folsson/Downloads/gcc-mint/./gcc/xgcc -B/Users/folsson/Downloads/gcc-mint/./gcc/ -B/opt/cross-mint/m68k-atari-mint/bin/ -B/opt/cross-mint/m68k-atari-mint/lib/ -isystem /opt/cross-mint/m68k-atari-mint/include -isystem /opt/cross-mint/m68k-atari-mint/sys-include  -mshort -c -g -O2  conftest.c >&5
/opt/cross-mint/m68k-atari-mint/bin/as: conftest.o: can not represent section `.eh_frame' in a.out object file format
/var/folders/5v/xtzgg0rj5gg9cl9b6gn1897h0000gp/T//cc4OZfXr.s: Assembler messages:
/var/folders/5v/xtzgg0rj5gg9cl9b6gn1897h0000gp/T//cc4OZfXr.s: Fatal error: can't write conftest.o: Nonrepresentable section on output
configure:3759: $? = 1
configure: failed program was:
| /* confdefs.h */
| #define PACKAGE_NAME "GNU C Runtime Library"
| #define PACKAGE_TARNAME "libgcc"
| #define PACKAGE_VERSION "1.0"
| #define PACKAGE_STRING "GNU C Runtime Library 1.0"
| #define PACKAGE_BUGREPORT ""
| #define PACKAGE_URL "http://www.gnu.org/software/libgcc/"
| /* end confdefs.h.  */
| asm("\n	.text\n	.cfi_startproc\n	.cfi_personality 0, symbol\n	.cfi_endproc");
configure:3766: result: no
configure:3814: checking for __attribute__((visibility("hidden")))
configure:3823: /Users/folsson/Downloads/gcc-mint/./gcc/xgcc -B/Users/folsson/Downloads/gcc-mint/./gcc/ -B/opt/cross-mint/m68k-atari-mint/bin/ -B/opt/cross-mint/m68k-atari-mint/lib/ -isystem /opt/cross-mint/m68k-atari-mint/include -isystem /opt/cross-mint/m68k-atari-mint/sys-include  -mshort -Werror -S conftest.c -o conftest.s 1>&5
conftest.c: In function 'foo':
conftest.c:1:1: error: visibility attribute not supported in this configuration; ignored [-Werror=attributes]
cc1: all warnings being treated as errors
configure:3826: $? = 1
configure:3835: result: no
configure:3863: checking whether the target assembler supports thread-local storage
configure:3873: /Users/folsson/Downloads/gcc-mint/./gcc/xgcc -B/Users/folsson/Downloads/gcc-mint/./gcc/ -B/opt/cross-mint/m68k-atari-mint/bin/ -B/opt/cross-mint/m68k-atari-mint/lib/ -isystem /opt/cross-mint/m68k-atari-mint/include -isystem /opt/cross-mint/m68k-atari-mint/sys-include  -mshort -c -g -O2  conftest.c >&5
configure:3873: $? = 0
configure:3881: result: yes
configure:3891: checking whether the thread-local storage support is from emutls
configure:3900: /Users/folsson/Downloads/gcc-mint/./gcc/xgcc -B/Users/folsson/Downloads/gcc-mint/./gcc/ -B/opt/cross-mint/m68k-atari-mint/bin/ -B/opt/cross-mint/m68k-atari-mint/lib/ -isystem /opt/cross-mint/m68k-atari-mint/include -isystem /opt/cross-mint/m68k-atari-mint/sys-include  -mshort -Werror -S -o conftest.s conftest.c 1>&5
configure:3903: $? = 0
configure:3912: result: yes
configure:4011: updating cache ./config.cache
configure:4084: creating ./config.status

## ---------------------- ##
## Running config.status. ##
## ---------------------- ##

This file was extended by GNU C Runtime Library config.status 1.0, which was
generated by GNU Autoconf 2.64.  Invocation command line was

  CONFIG_FILES    = 
  CONFIG_HEADERS  = 
  CONFIG_LINKS    = 
  CONFIG_COMMANDS = 
  $ ./config.status 

on Fredrik-Olsson-Mac

config.status:783: creating Makefile
config.status:933: executing default commands

## ---------------- ##
## Cache variables. ##
## ---------------- ##

ac_cv_build=x86_64-apple-darwin13.0.0
ac_cv_c_compiler_gnu=yes
ac_cv_env_CC_set=set
ac_cv_env_CC_value='/Users/folsson/Downloads/gcc-mint/./gcc/xgcc -B/Users/folsson/Downloads/gcc-mint/./gcc/ -B/opt/cross-mint/m68k-atari-mint/bin/ -B/opt/cross-mint/m68k-atari-mint/lib/ -isystem /opt/cross-mint/m68k-atari-mint/include -isystem /opt/cross-mint/m68k-atari-mint/sys-include  -mshort'
ac_cv_env_CFLAGS_set=set
ac_cv_env_CFLAGS_value='-g -O2'
ac_cv_env_CPPFLAGS_set=set
ac_cv_env_CPPFLAGS_value=
ac_cv_env_CPP_set=
ac_cv_env_CPP_value=
ac_cv_env_LDFLAGS_set=set
ac_cv_env_LDFLAGS_value=
ac_cv_env_LIBS_set=
ac_cv_env_LIBS_value=
ac_cv_env_build_alias_set=set
ac_cv_env_build_alias_value=x86_64-apple-darwin13.0.0
ac_cv_env_host_alias_set=set
ac_cv_env_host_alias_value=m68k-atari-mint
ac_cv_env_target_alias_set=set
ac_cv_env_target_alias_value=m68k-atari-mint
ac_cv_host=m68k-atari-mint
ac_cv_objext=o
ac_cv_prog_AR=/opt/cross-mint/m68k-atari-mint/bin/ar
ac_cv_prog_AWK=awk
ac_cv_prog_CC='/Users/folsson/Downloads/gcc-mint/./gcc/xgcc -B/Users/folsson/Downloads/gcc-mint/./gcc/ -B/opt/cross-mint/m68k-atari-mint/bin/ -B/opt/cross-mint/m68k-atari-mint/lib/ -isystem /opt/cross-mint/m68k-atari-mint/include -isystem /opt/cross-mint/m68k-atari-mint/sys-include  -mshort'
ac_cv_prog_CPP='/Users/folsson/Downloads/gcc-mint/./gcc/xgcc -B/Users/folsson/Downloads/gcc-mint/./gcc/ -B/opt/cross-mint/m68k-atari-mint/bin/ -B/opt/cross-mint/m68k-atari-mint/lib/ -isystem /opt/cross-mint/m68k-atari-mint/include -isystem /opt/cross-mint/m68k-atari-mint/sys-include  -mshort -E'
ac_cv_prog_LIPO=m68k-atari-mint-lipo
ac_cv_prog_NM=/Users/folsson/Downloads/gcc-mint/./gcc/nm
ac_cv_prog_RANLIB=/opt/cross-mint/m68k-atari-mint/bin/ranlib
ac_cv_prog_STRIP=/opt/cross-mint/m68k-atari-mint/bin/strip
ac_cv_prog_cc_c89=
ac_cv_prog_cc_g=yes
gcc_cv_have_cc_tls=yes
gcc_cv_use_emutls=yes
libgcc_cv_cfi=no
libgcc_cv_dfp=no
libgcc_cv_fixed_point=no
libgcc_cv_hidden_visibility_attribute=no

## ----------------- ##
## Output variables. ##
## ----------------- ##

AR='/opt/cross-mint/m68k-atari-mint/bin/ar'
AWK='awk'
CC='/Users/folsson/Downloads/gcc-mint/./gcc/xgcc -B/Users/folsson/Downloads/gcc-mint/./gcc/ -B/opt/cross-mint/m68k-atari-mint/bin/ -B/opt/cross-mint/m68k-atari-mint/lib/ -isystem /opt/cross-mint/m68k-atari-mint/include -isystem /opt/cross-mint/m68k-atari-mint/sys-include  -mshort'
CFLAGS='-g -O2'
CPP='/Users/folsson/Downloads/gcc-mint/./gcc/xgcc -B/Users/folsson/Downloads/gcc-mint/./gcc/ -B/opt/cross-mint/m68k-atari-mint/bin/ -B/opt/cross-mint/m68k-atari-mint/lib/ -isystem /opt/cross-mint/m68k-atari-mint/include -isystem /opt/cross-mint/m68k-atari-mint/sys-include  -mshort -E'
CPPFLAGS=''
DEFS='-DPACKAGE_NAME=\"GNU\ C\ Runtime\ Library\" -DPACKAGE_TARNAME=\"libgcc\" -DPACKAGE_VERSION=\"1.0\" -DPACKAGE_STRING=\"GNU\ C\ Runtime\ Library\ 1.0\" -DPACKAGE_BUGREPORT=\"\" -DPACKAGE_URL=\"http://www.gnu.org/software/libgcc/\" -DUSE_EMUTLS=1'
ECHO_C='\c'
ECHO_N=''
ECHO_T=''
EXEEXT=''
INSTALL_DATA='/usr/bin/install -c -m 644'
INSTALL_PROGRAM='/usr/bin/install -c'
INSTALL_SCRIPT='/usr/bin/install -c'
LDFLAGS=''
LIBOBJS=''
LIBS=''
LIPO='m68k-atari-mint-lipo'
LN_S='ln -s'
LTLIBOBJS=''
MAINT='#'
NM='/Users/folsson/Downloads/gcc-mint/./gcc/nm'
OBJEXT='o'
PACKAGE_BUGREPORT=''
PACKAGE_NAME='GNU C Runtime Library'
PACKAGE_STRING='GNU C Runtime Library 1.0'
PACKAGE_TARNAME='libgcc'
PACKAGE_URL='http://www.gnu.org/software/libgcc/'
PACKAGE_VERSION='1.0'
PATH_SEPARATOR=':'
RANLIB='/opt/cross-mint/m68k-atari-mint/bin/ranlib'
SHELL='/bin/sh'
STRIP='/opt/cross-mint/m68k-atari-mint/bin/strip'
ac_ct_CC=''
asm_hidden_op='.hidden'
bindir='${exec_prefix}/bin'
build='x86_64-apple-darwin13.0.0'
build_alias='x86_64-apple-darwin13.0.0'
build_cpu='x86_64'
build_libsubdir='build-x86_64-apple-darwin13.0.0'
build_os='darwin13.0.0'
build_subdir='build-x86_64-apple-darwin13.0.0'
build_vendor='apple'
datadir='${datarootdir}'
datarootdir='${prefix}/share'
decimal_float='no'
docdir='${datarootdir}/doc/${PACKAGE_TARNAME}'
dvidir='${docdir}'
enable_decimal_float='no'
enable_shared='no'
exec_prefix='${prefix}'
extra_parts=''
fixed_point='no'
host='m68k-atari-mint'
host_alias='m68k-atari-mint'
host_cpu='m68k'
host_noncanonical='m68k-atari-mint'
host_os='mint'
host_subdir='.'
host_vendor='atari'
htmldir='${docdir}'
includedir='${prefix}/include'
infodir='${datarootdir}/info'
libdir='${exec_prefix}/lib'
libexecdir='${exec_prefix}/libexec'
libgcc_topdir='../../../../gcc-4.6.4/libgcc/..'
localedir='${datarootdir}/locale'
localstatedir='${prefix}/var'
mandir='${datarootdir}/man'
oldincludedir='/usr/include'
pdfdir='${docdir}'
prefix='/opt/cross-mint'
program_transform_name='s&^&m68k-atari-mint-&'
psdir='${docdir}'
sbindir='${exec_prefix}/sbin'
set_have_cc_tls='-DHAVE_CC_TLS'
set_use_emutls='-DUSE_EMUTLS'
sharedstatedir='${prefix}/com'
slibdir='$(exec_prefix)/$(host_noncanonical)/lib'
sysconfdir='${prefix}/etc'
target_alias='m68k-atari-mint'
target_noncanonical='m68k-atari-mint'
target_subdir='m68k-atari-mint'
tmake_file=''
toolexecdir='$(exec_prefix)/$(target_noncanonical)'
toolexeclibdir='$(toolexecdir)/lib/mshort'
vis_hide=''

## ----------- ##
## confdefs.h. ##
## ----------- ##

/* confdefs.h */
#define PACKAGE_NAME "GNU C Runtime Library"
#define PACKAGE_TARNAME "libgcc"
#define PACKAGE_VERSION "1.0"
#define PACKAGE_STRING "GNU C Runtime Library 1.0"
#define PACKAGE_BUGREPORT ""
#define PACKAGE_URL "http://www.gnu.org/software/libgcc/"
#define USE_EMUTLS 1

configure: exit 0
