This file contains any messages produced by compilers while
running configure, to aid debugging if configure makes a mistake.

It was created by configure, which was
generated by GNU Autoconf 2.64.  Invocation command line was

  $ /Users/folsson/Downloads/gcc-4.6.4/zlib/configure --cache-file=./config.cache --prefix=/opt/cross-mint/ --disable-shared --enable-languages=c,c++,lto --program-transform-name=s&^&m68k-atari-mint-& --disable-option-checking --build=x86_64-apple-darwin13.0.0 --host=x86_64-apple-darwin13.0.0 --target=m68k-atari-mint --srcdir=../../gcc-4.6.4/zlib

## --------- ##
## Platform. ##
## --------- ##

hostname = Fredrik-Olsson-Mac
uname -m = x86_64
uname -r = 13.0.0
uname -s = Darwin
uname -v = Darwin Kernel Version 13.0.0: Thu Sep 19 22:22:27 PDT 2013; root:xnu-2422.1.72~6/RELEASE_X86_64

/usr/bin/uname -p = i386
/bin/uname -X     = unknown

/bin/arch              = unknown
/usr/bin/arch -k       = unknown
/usr/convex/getsysinfo = unknown
/usr/bin/hostinfo      = Mach kernel version:
	 Darwin Kernel Version 13.0.0: Thu Sep 19 22:22:27 PDT 2013; root:xnu-2422.1.72~6/RELEASE_X86_64
Kernel configured for up to 8 processors.
4 processors are physically available.
8 processors are logically available.
Processor type: i486 (Intel 80486)
Processors active: 0 1 2 3 4 5 6 7
Primary memory available: 16.00 gigabytes
Default processor set: 232 tasks, 1177 threads, 8 processors
Load average: 2.60, Mach factor: 5.39
/bin/machine           = unknown
/usr/bin/oslevel       = unknown
/bin/universe          = unknown

PATH: /usr/share/java/apache-maven-3.0.5//bin
PATH: /usr/bin
PATH: /bin
PATH: /usr/sbin
PATH: /sbin
PATH: /usr/local/bin
PATH: /usr/local/mysql/bin


## ----------- ##
## Core tests. ##
## ----------- ##

configure:2103: creating cache ./config.cache
configure:2246: checking build system type
configure:2260: result: x86_64-apple-darwin13.0.0
configure:2280: checking host system type
configure:2293: result: x86_64-apple-darwin13.0.0
configure:2313: checking target system type
configure:2326: result: m68k-atari-mint
configure:2374: checking for a BSD-compatible install
configure:2442: result: /usr/bin/install -c
configure:2453: checking whether build environment is sane
configure:2503: result: yes
configure:2644: checking for a thread-safe mkdir -p
configure:2683: result: ../../gcc-4.6.4/zlib/../install-sh -c -d
configure:2696: checking for gawk
configure:2723: result: awk
configure:2734: checking whether /Applications/Xcode.app/Contents/Developer/usr/bin/make sets $(MAKE)
configure:2756: result: yes
configure:2838: checking whether to enable maintainer-specific portions of Makefiles
configure:2847: result: no
configure:2918: checking for x86_64-apple-darwin13.0.0-gcc
configure:2945: result: gcc
configure:3214: checking for C compiler version
configure:3223: gcc --version >&5
Apple LLVM version 5.0 (clang-500.2.75) (based on LLVM 3.3svn)
Target: x86_64-apple-darwin13.0.0
Thread model: posix
Configured with: --prefix=/Applications/Xcode.app/Contents/Developer/usr --with-gxx-include-dir=/usr/include/c++/4.2.1
configure:3234: $? = 0
configure:3223: gcc -v >&5
Configured with: --prefix=/Applications/Xcode.app/Contents/Developer/usr --with-gxx-include-dir=/usr/include/c++/4.2.1
Apple LLVM version 5.0 (clang-500.2.75) (based on LLVM 3.3svn)
Target: x86_64-apple-darwin13.0.0
Thread model: posix
configure:3234: $? = 0
configure:3223: gcc -V >&5
clang: error: argument to '-V' is missing (expected 1 value)
clang: error: no input files
configure:3234: $? = 1
configure:3223: gcc -qversion >&5
clang: error: no input files
configure:3234: $? = 1
configure:3250: gcc -o conftest -g -O2    conftest.c  >&5
configure:3253: $? = 0
configure:3282: checking for C compiler default output file name
configure:3304: gcc -g -O2    conftest.c  >&5
configure:3308: $? = 0
configure:3345: result: a.out
configure:3361: checking whether the C compiler works
configure:3370: ./a.out
configure:3374: $? = 0
configure:3389: result: yes
configure:3396: checking whether we are cross compiling
configure:3398: result: no
configure:3401: checking for suffix of executables
configure:3408: gcc -o conftest -g -O2    conftest.c  >&5
configure:3412: $? = 0
configure:3434: result: 
configure:3441: checking for suffix of object files
configure:3463: gcc -c -g -O2  conftest.c >&5
configure:3467: $? = 0
configure:3488: result: o
configure:3492: checking whether we are using the GNU C compiler
configure:3511: gcc -c -g -O2  conftest.c >&5
configure:3511: $? = 0
configure:3520: result: yes
configure:3529: checking whether gcc accepts -g
configure:3549: gcc -c -g  conftest.c >&5
configure:3549: $? = 0
configure:3590: result: yes
configure:3607: checking for gcc option to accept ISO C89
configure:3671: gcc  -c -g -O2  conftest.c >&5
configure:3671: $? = 0
configure:3684: result: none needed
configure:3715: checking for style of include used by /Applications/Xcode.app/Contents/Developer/usr/bin/make
configure:3743: result: GNU
configure:3768: checking dependency style of gcc
configure:3878: result: gcc3
configure:3943: checking how to print strings
configure:3970: result: printf
configure:3991: checking for a sed that does not truncate output
configure:4055: result: /usr/bin/sed
configure:4073: checking for grep that handles long lines and -e
configure:4131: result: /usr/bin/grep
configure:4136: checking for egrep
configure:4198: result: /usr/bin/grep -E
configure:4203: checking for fgrep
configure:4265: result: /usr/bin/grep -F
configure:4300: checking for ld used by gcc
configure:4367: result: /Applications/Xcode.app/Contents/Developer/Toolchains/XcodeDefault.xctoolchain/usr/bin/ld
configure:4374: checking if the linker (/Applications/Xcode.app/Contents/Developer/Toolchains/XcodeDefault.xctoolchain/usr/bin/ld) is GNU ld
configure:4389: result: no
configure:4401: checking for BSD- or MS-compatible name lister (nm)
configure:4450: result: nm
configure:4580: checking the name lister (nm) interface
configure:4587: gcc -c -g -O2  conftest.c >&5
configure:4590: nm "conftest.o"
configure:4593: output
0000000000000210 S _some_variable
configure:4600: result: BSD nm
configure:4603: checking whether ln -s works
configure:4607: result: yes
configure:4615: checking the maximum length of command line arguments
configure:4746: result: 196608
configure:4763: checking whether the shell understands some XSI constructs
configure:4773: result: yes
configure:4777: checking whether the shell understands "+="
configure:4783: result: yes
configure:4818: checking for /Applications/Xcode.app/Contents/Developer/Toolchains/XcodeDefault.xctoolchain/usr/bin/ld option to reload object files
configure:4825: result: -r
configure:4854: checking for x86_64-apple-darwin13.0.0-objdump
configure:4881: result: objdump
configure:4953: checking how to recognize dependent libraries
configure:5154: result: pass_all
configure:5174: checking for x86_64-apple-darwin13.0.0-ar
configure:5201: result: ar
configure:5279: checking for x86_64-apple-darwin13.0.0-strip
configure:5309: result: no
configure:5319: checking for strip
configure:5335: found /usr/bin/strip
configure:5346: result: strip
configure:5378: checking for x86_64-apple-darwin13.0.0-ranlib
configure:5405: result: ranlib
configure:5547: checking command to parse nm output from gcc object
configure:5665: gcc -c -g -O2  conftest.c >&5
configure:5668: $? = 0
configure:5672: nm conftest.o \| sed -n -e 's/^.*[ ]\([BCDEGRST][BCDEGRST]*\)[ ][ ]*\([_A-Za-z][_A-Za-z0-9]*\)$/\1 \2 \2/p' \> conftest.nm
configure:5675: $? = 0
cannot find nm_test_var in conftest.nm
configure:5665: gcc -c -g -O2  conftest.c >&5
configure:5668: $? = 0
configure:5672: nm conftest.o \| sed -n -e 's/^.*[ ]\([BCDEGRST][BCDEGRST]*\)[ ][ ]*_\([_A-Za-z][_A-Za-z0-9]*\)$/\1 _\2 \2/p' \> conftest.nm
configure:5675: $? = 0
configure:5729: gcc -o conftest -g -O2    conftest.c conftstm.o >&5
configure:5732: $? = 0
configure:5770: result: ok
configure:5998: checking for x86_64-apple-darwin13.0.0-dsymutil
configure:6028: result: no
configure:6038: checking for dsymutil
configure:6054: found /usr/bin/dsymutil
configure:6065: result: dsymutil
configure:6090: checking for x86_64-apple-darwin13.0.0-nmedit
configure:6120: result: no
configure:6130: checking for nmedit
configure:6146: found /usr/bin/nmedit
configure:6157: result: nmedit
configure:6182: checking for x86_64-apple-darwin13.0.0-lipo
configure:6212: result: no
configure:6222: checking for lipo
configure:6238: found /usr/bin/lipo
configure:6249: result: lipo
configure:6274: checking for x86_64-apple-darwin13.0.0-otool
configure:6304: result: no
configure:6314: checking for otool
configure:6330: found /usr/bin/otool
configure:6341: result: otool
configure:6366: checking for x86_64-apple-darwin13.0.0-otool64
configure:6396: result: no
configure:6406: checking for otool64
configure:6436: result: no
configure:6481: checking for -single_module linker flag
gcc -g -O2   -o libconftest.dylib -dynamiclib -Wl,-single_module conftest.c
configure:6508: result: yes
configure:6510: checking for -exported_symbols_list linker flag
configure:6533: gcc -o conftest -g -O2    -Wl,-exported_symbols_list,conftest.sym conftest.c  >&5
configure:6533: $? = 0
configure:6543: result: yes
configure:6545: checking for -force_load linker flag
gcc -g -O2 -c -o conftest.o conftest.c
ar cru libconftest.a conftest.o
gcc -g -O2   -o conftest conftest.c -Wl,-force_load,./libconftest.a
configure:6573: result: yes
configure:6615: checking how to run the C preprocessor
configure:6646: gcc -E  conftest.c
configure:6646: $? = 0
configure:6660: gcc -E  conftest.c
conftest.c:11:10: fatal error: 'ac_nonexistent.h' file not found
#include <ac_nonexistent.h>
         ^
1 error generated.
configure:6660: $? = 1
configure: failed program was:
| /* confdefs.h */
| #define PACKAGE_NAME ""
| #define PACKAGE_TARNAME ""
| #define PACKAGE_VERSION ""
| #define PACKAGE_STRING ""
| #define PACKAGE_BUGREPORT ""
| #define PACKAGE_URL ""
| #define PACKAGE "zlib"
| #define VERSION "1.1.4"
| /* end confdefs.h.  */
| #include <ac_nonexistent.h>
configure:6685: result: gcc -E
configure:6705: gcc -E  conftest.c
configure:6705: $? = 0
configure:6719: gcc -E  conftest.c
conftest.c:11:10: fatal error: 'ac_nonexistent.h' file not found
#include <ac_nonexistent.h>
         ^
1 error generated.
configure:6719: $? = 1
configure: failed program was:
| /* confdefs.h */
| #define PACKAGE_NAME ""
| #define PACKAGE_TARNAME ""
| #define PACKAGE_VERSION ""
| #define PACKAGE_STRING ""
| #define PACKAGE_BUGREPORT ""
| #define PACKAGE_URL ""
| #define PACKAGE "zlib"
| #define VERSION "1.1.4"
| /* end confdefs.h.  */
| #include <ac_nonexistent.h>
configure:6748: checking for ANSI C header files
configure:6768: gcc -c -g -O2  conftest.c >&5
configure:6768: $? = 0
configure:6841: gcc -o conftest -g -O2    conftest.c  >&5
configure:6841: $? = 0
configure:6841: ./conftest
configure:6841: $? = 0
configure:6852: result: yes
configure:6865: checking for sys/types.h
configure:6865: gcc -c -g -O2  conftest.c >&5
configure:6865: $? = 0
configure:6865: result: yes
configure:6865: checking for sys/stat.h
configure:6865: gcc -c -g -O2  conftest.c >&5
configure:6865: $? = 0
configure:6865: result: yes
configure:6865: checking for stdlib.h
configure:6865: gcc -c -g -O2  conftest.c >&5
configure:6865: $? = 0
configure:6865: result: yes
configure:6865: checking for string.h
configure:6865: gcc -c -g -O2  conftest.c >&5
configure:6865: $? = 0
configure:6865: result: yes
configure:6865: checking for memory.h
configure:6865: gcc -c -g -O2  conftest.c >&5
configure:6865: $? = 0
configure:6865: result: yes
configure:6865: checking for strings.h
configure:6865: gcc -c -g -O2  conftest.c >&5
configure:6865: $? = 0
configure:6865: result: yes
configure:6865: checking for inttypes.h
configure:6865: gcc -c -g -O2  conftest.c >&5
configure:6865: $? = 0
configure:6865: result: yes
configure:6865: checking for stdint.h
configure:6865: gcc -c -g -O2  conftest.c >&5
configure:6865: $? = 0
configure:6865: result: yes
configure:6865: checking for unistd.h
configure:6865: gcc -c -g -O2  conftest.c >&5
configure:6865: $? = 0
configure:6865: result: yes
configure:6880: checking for dlfcn.h
configure:6880: gcc -c -g -O2  conftest.c >&5
configure:6880: $? = 0
configure:6880: result: yes
configure:7067: checking for objdir
configure:7082: result: .libs
configure:7353: checking if gcc supports -fno-rtti -fno-exceptions
configure:7371: gcc -c -g -O2  -fno-rtti -fno-exceptions conftest.c >&5
configure:7375: $? = 0
configure:7388: result: yes
configure:7408: checking for gcc option to produce PIC
configure:7693: result: -fno-common -DPIC
configure:7705: checking if gcc PIC flag -fno-common -DPIC works
configure:7723: gcc -c -g -O2  -fno-common -DPIC -DPIC conftest.c >&5
configure:7727: $? = 0
configure:7740: result: yes
configure:7764: checking if gcc static flag -static works
configure:7792: result: no
configure:7807: checking if gcc supports -c -o file.o
configure:7828: gcc -c -g -O2  -o out/conftest2.o conftest.c >&5
configure:7832: $? = 0
configure:7854: result: yes
configure:7862: checking if gcc supports -c -o file.o
configure:7909: result: yes
configure:7942: checking whether the gcc linker (/Applications/Xcode.app/Contents/Developer/Toolchains/XcodeDefault.xctoolchain/usr/bin/ld) supports shared libraries
configure:9022: result: yes
configure:9267: checking dynamic linker characteristics
configure:9943: result: darwin13.0.0 dyld
configure:10050: checking how to hardcode library paths into programs
configure:10075: result: immediate
configure:10630: checking whether stripping libraries is possible
configure:10644: result: yes
configure:10670: checking if libtool supports shared libraries
configure:10672: result: yes
configure:10675: checking whether to build shared libraries
configure:10696: result: no
configure:10699: checking whether to build static libraries
configure:10703: result: yes
configure:10746: checking how to run the C preprocessor
configure:10816: result: gcc -E
configure:10836: gcc -E  conftest.c
configure:10836: $? = 0
configure:10850: gcc -E  conftest.c
conftest.c:23:10: fatal error: 'ac_nonexistent.h' file not found
#include <ac_nonexistent.h>
         ^
1 error generated.
configure:10850: $? = 1
configure: failed program was:
| /* confdefs.h */
| #define PACKAGE_NAME ""
| #define PACKAGE_TARNAME ""
| #define PACKAGE_VERSION ""
| #define PACKAGE_STRING ""
| #define PACKAGE_BUGREPORT ""
| #define PACKAGE_URL ""
| #define PACKAGE "zlib"
| #define VERSION "1.1.4"
| #define STDC_HEADERS 1
| #define HAVE_SYS_TYPES_H 1
| #define HAVE_SYS_STAT_H 1
| #define HAVE_STDLIB_H 1
| #define HAVE_STRING_H 1
| #define HAVE_MEMORY_H 1
| #define HAVE_STRINGS_H 1
| #define HAVE_INTTYPES_H 1
| #define HAVE_STDINT_H 1
| #define HAVE_UNISTD_H 1
| #define HAVE_DLFCN_H 1
| #define LT_OBJDIR ".libs/"
| /* end confdefs.h.  */
| #include <ac_nonexistent.h>
configure:10903: checking for stdlib.h
configure:10903: result: yes
configure:10903: checking for unistd.h
configure:10903: result: yes
configure:10916: checking for getpagesize
configure:10916: gcc -o conftest -g -O2    conftest.c  >&5
configure:10916: $? = 0
configure:10916: result: yes
configure:10925: checking for working mmap
configure:11062: gcc -o conftest -g -O2    conftest.c  >&5
configure:11062: $? = 0
configure:11062: ./conftest
configure:11062: $? = 0
configure:11072: result: yes
configure:11085: checking for memcpy
configure:11085: gcc -o conftest -g -O2    conftest.c  >&5
conftest.c:50:6: warning: incompatible redeclaration of library function 'memcpy' [-Wincompatible-library-redeclaration]
char memcpy ();
     ^
conftest.c:50:6: note: 'memcpy' is a builtin with type 'void *(void *, const void *, unsigned long)'
1 warning generated.
configure:11085: $? = 0
configure:11085: result: yes
configure:11085: checking for strerror
configure:11085: gcc -o conftest -g -O2    conftest.c  >&5
conftest.c:51:6: warning: incompatible redeclaration of library function 'strerror' [-Wincompatible-library-redeclaration]
char strerror ();
     ^
conftest.c:51:6: note: 'strerror' is a builtin with type 'char *(int)'
1 warning generated.
configure:11085: $? = 0
configure:11085: result: yes
configure:11151: checking for unistd.h
configure:11151: result: yes
configure:11264: updating cache ./config.cache
configure:11361: creating ./config.status

## ---------------------- ##
## Running config.status. ##
## ---------------------- ##

This file was extended by config.status, which was
generated by GNU Autoconf 2.64.  Invocation command line was

  CONFIG_FILES    = 
  CONFIG_HEADERS  = 
  CONFIG_LINKS    = 
  CONFIG_COMMANDS = 
  $ ./config.status 

on Fredrik-Olsson-Mac

config.status:1011: creating Makefile
config.status:1167: executing default-1 commands
config.status:1167: executing depfiles commands
config.status:1167: executing libtool commands

## ---------------- ##
## Cache variables. ##
## ---------------- ##

ac_cv_build=x86_64-apple-darwin13.0.0
ac_cv_c_compiler_gnu=yes
ac_cv_env_CPPFLAGS_set=
ac_cv_env_CPPFLAGS_value=
ac_cv_env_CPP_set=
ac_cv_env_CPP_value=
ac_cv_env_build_alias_set=set
ac_cv_env_build_alias_value=x86_64-apple-darwin13.0.0
ac_cv_env_host_alias_set=set
ac_cv_env_host_alias_value=x86_64-apple-darwin13.0.0
ac_cv_env_target_alias_set=set
ac_cv_env_target_alias_value=m68k-atari-mint
ac_cv_func_getpagesize=yes
ac_cv_func_memcpy=yes
ac_cv_func_mmap_fixed_mapped=yes
ac_cv_func_strerror=yes
ac_cv_header_dlfcn_h=yes
ac_cv_header_inttypes_h=yes
ac_cv_header_memory_h=yes
ac_cv_header_stdc=yes
ac_cv_header_stdint_h=yes
ac_cv_header_stdlib_h=yes
ac_cv_header_string_h=yes
ac_cv_header_strings_h=yes
ac_cv_header_sys_stat_h=yes
ac_cv_header_sys_types_h=yes
ac_cv_header_unistd_h=yes
ac_cv_host=x86_64-apple-darwin13.0.0
ac_cv_objext=o
ac_cv_path_EGREP='/usr/bin/grep -E'
ac_cv_path_FGREP='/usr/bin/grep -F'
ac_cv_path_GREP=/usr/bin/grep
ac_cv_path_SED=/usr/bin/sed
ac_cv_prog_AR=ar
ac_cv_prog_AWK=awk
ac_cv_prog_CC=gcc
ac_cv_prog_CPP='gcc -E'
ac_cv_prog_OBJDUMP=objdump
ac_cv_prog_RANLIB=ranlib
ac_cv_prog_ac_ct_DSYMUTIL=dsymutil
ac_cv_prog_ac_ct_LIPO=lipo
ac_cv_prog_ac_ct_NMEDIT=nmedit
ac_cv_prog_ac_ct_OTOOL=otool
ac_cv_prog_ac_ct_STRIP=strip
ac_cv_prog_cc_c89=
ac_cv_prog_cc_g=yes
ac_cv_prog_make__Applications_Xcode_app_Contents_Developer_usr_bin_make_set=yes
ac_cv_target=m68k-atari-mint
am_cv_CC_dependencies_compiler_type=gcc3
lt_cv_apple_cc_single_mod=yes
lt_cv_deplibs_check_method=pass_all
lt_cv_file_magic_cmd='$MAGIC_CMD'
lt_cv_file_magic_test_file=
lt_cv_ld_exported_symbols_list=yes
lt_cv_ld_force_load=yes
lt_cv_ld_reload_flag=-r
lt_cv_nm_interface='BSD nm'
lt_cv_objdir=.libs
lt_cv_path_LD=/Applications/Xcode.app/Contents/Developer/Toolchains/XcodeDefault.xctoolchain/usr/bin/ld
lt_cv_path_NM=nm
lt_cv_prog_compiler_c_o=yes
lt_cv_prog_compiler_pic_works=yes
lt_cv_prog_compiler_rtti_exceptions=yes
lt_cv_prog_compiler_static_works=no
lt_cv_prog_gnu_ld=no
lt_cv_sys_global_symbol_pipe='sed -n -e '\''s/^.*[	 ]\([BCDEGRST][BCDEGRST]*\)[	 ][	 ]*_\([_A-Za-z][_A-Za-z0-9]*\)$/\1 _\2 \2/p'\'''
lt_cv_sys_global_symbol_to_c_name_address='sed -n -e '\''s/^: \([^ ]*\) $/  {\"\1\", (void *) 0},/p'\'' -e '\''s/^[BCDEGRST]* \([^ ]*\) \([^ ]*\)$/  {"\2", (void *) \&\2},/p'\'''
lt_cv_sys_global_symbol_to_c_name_address_lib_prefix='sed -n -e '\''s/^: \([^ ]*\) $/  {\"\1\", (void *) 0},/p'\'' -e '\''s/^[BCDEGRST]* \([^ ]*\) \(lib[^ ]*\)$/  {"\2", (void *) \&\2},/p'\'' -e '\''s/^[BCDEGRST]* \([^ ]*\) \([^ ]*\)$/  {"lib\2", (void *) \&\2},/p'\'''
lt_cv_sys_global_symbol_to_cdecl='sed -n -e '\''s/^T .* \(.*\)$/extern int \1();/p'\'' -e '\''s/^[BCDEGRST]* .* \(.*\)$/extern char \1;/p'\'''
lt_cv_sys_max_cmd_len=196608

## ----------------- ##
## Output variables. ##
## ----------------- ##

ACLOCAL='${SHELL} /Users/folsson/Downloads/gcc-4.6.4/missing --run aclocal-1.11'
AMDEPBACKSLASH='\'
AMDEP_FALSE='#'
AMDEP_TRUE=''
AMTAR='${SHELL} /Users/folsson/Downloads/gcc-4.6.4/missing --run tar'
AR='ar'
AUTOCONF='${SHELL} /Users/folsson/Downloads/gcc-4.6.4/missing --run autoconf'
AUTOHEADER='${SHELL} /Users/folsson/Downloads/gcc-4.6.4/missing --run autoheader'
AUTOMAKE='${SHELL} /Users/folsson/Downloads/gcc-4.6.4/missing --run automake-1.11'
AWK='awk'
CC='gcc'
CCDEPMODE='depmode=gcc3'
CFLAGS='-g -O2'
COMPPATH='.'
CPP='gcc -E'
CPPFLAGS=''
CYGPATH_W='echo'
DEFS='-DPACKAGE_NAME=\"\" -DPACKAGE_TARNAME=\"\" -DPACKAGE_VERSION=\"\" -DPACKAGE_STRING=\"\" -DPACKAGE_BUGREPORT=\"\" -DPACKAGE_URL=\"\" -DPACKAGE=\"zlib\" -DVERSION=\"1.1.4\" -DSTDC_HEADERS=1 -DHAVE_SYS_TYPES_H=1 -DHAVE_SYS_STAT_H=1 -DHAVE_STDLIB_H=1 -DHAVE_STRING_H=1 -DHAVE_MEMORY_H=1 -DHAVE_STRINGS_H=1 -DHAVE_INTTYPES_H=1 -DHAVE_STDINT_H=1 -DHAVE_UNISTD_H=1 -DHAVE_DLFCN_H=1 -DLT_OBJDIR=\".libs/\" -DHAVE_STDLIB_H=1 -DHAVE_UNISTD_H=1 -DHAVE_GETPAGESIZE=1 -DHAVE_MMAP=1 -DHAVE_MEMCPY=1 -DHAVE_STRERROR=1 -DHAVE_UNISTD_H=1'
DEPDIR='.deps'
DSYMUTIL='dsymutil'
DUMPBIN=''
ECHO_C='\c'
ECHO_N=''
ECHO_T=''
EGREP='/usr/bin/grep -E'
EXEEXT=''
FGREP='/usr/bin/grep -F'
GREP='/usr/bin/grep'
INSTALL_DATA='/usr/bin/install -c -m 644'
INSTALL_PROGRAM='/usr/bin/install -c'
INSTALL_SCRIPT='/usr/bin/install -c'
INSTALL_STRIP_PROGRAM='$(install_sh) -c -s'
LD='/Applications/Xcode.app/Contents/Developer/Toolchains/XcodeDefault.xctoolchain/usr/bin/ld'
LDFLAGS=' '
LIBOBJS=''
LIBS=''
LIBTOOL='$(SHELL) $(top_builddir)/libtool'
LIPO='lipo'
LN_S='ln -s'
LTLIBOBJS=''
MAINT='#'
MAINTAINER_MODE_FALSE=''
MAINTAINER_MODE_TRUE='#'
MAKEINFO='makeinfo --split-size=5000000'
MKDIR_P='../../gcc-4.6.4/zlib/../install-sh -c -d'
NM='nm'
NMEDIT='nmedit'
OBJDUMP='objdump'
OBJEXT='o'
OTOOL64=':'
OTOOL='otool'
PACKAGE='zlib'
PACKAGE_BUGREPORT=''
PACKAGE_NAME=''
PACKAGE_STRING=''
PACKAGE_TARNAME=''
PACKAGE_URL=''
PACKAGE_VERSION=''
PATH_SEPARATOR=':'
RANLIB='ranlib'
SED='/usr/bin/sed'
SET_MAKE=''
SHELL='/bin/sh'
STRIP='strip'
TARGET_LIBRARY_FALSE=''
TARGET_LIBRARY_TRUE='#'
VERSION='1.1.4'
ac_ct_CC=''
ac_ct_DUMPBIN=''
am__EXEEXT_FALSE=''
am__EXEEXT_TRUE='#'
am__fastdepCC_FALSE='#'
am__fastdepCC_TRUE=''
am__include='include'
am__isrc=' -I$(srcdir)'
am__leading_dot='.'
am__quote=''
am__tar='${AMTAR} chof - "$$tardir"'
am__untar='${AMTAR} xf -'
bindir='${exec_prefix}/bin'
build='x86_64-apple-darwin13.0.0'
build_alias='x86_64-apple-darwin13.0.0'
build_cpu='x86_64'
build_os='darwin13.0.0'
build_vendor='apple'
datadir='${datarootdir}'
datarootdir='${prefix}/share'
docdir='${datarootdir}/doc/${PACKAGE}'
dvidir='${docdir}'
exec_prefix='${prefix}'
host='x86_64-apple-darwin13.0.0'
host_alias='x86_64-apple-darwin13.0.0'
host_cpu='x86_64'
host_os='darwin13.0.0'
host_vendor='apple'
htmldir='${docdir}'
includedir='${prefix}/include'
infodir='${datarootdir}/info'
install_sh='${SHELL} /Users/folsson/Downloads/gcc-4.6.4/install-sh'
libdir='${exec_prefix}/lib'
libexecdir='${exec_prefix}/libexec'
localedir='${datarootdir}/locale'
localstatedir='${prefix}/var'
mandir='${datarootdir}/man'
mkdir_p='$(top_builddir)/../../gcc-4.6.4/zlib/../install-sh -c -d'
mkinstalldirs='/Users/folsson/Downloads/gcc-4.6.4/mkinstalldirs'
multi_basedir='../../gcc-4.6.4/zlib/..'
oldincludedir='/usr/include'
pdfdir='${docdir}'
prefix='/opt/cross-mint'
program_transform_name='s&^&m68k-atari-mint-&'
psdir='${docdir}'
sbindir='${exec_prefix}/sbin'
sharedstatedir='${prefix}/com'
sysconfdir='${prefix}/etc'
target='m68k-atari-mint'
target_alias='m68k-atari-mint'
target_all='libzgcj.la'
target_cpu='m68k'
target_os='mint'
target_vendor='atari'
toolexecdir='$(libdir)/gcc-lib/$(target_alias)'
toolexeclibdir='$(libdir)/x86_64'

## ----------- ##
## confdefs.h. ##
## ----------- ##

/* confdefs.h */
#define PACKAGE_NAME ""
#define PACKAGE_TARNAME ""
#define PACKAGE_VERSION ""
#define PACKAGE_STRING ""
#define PACKAGE_BUGREPORT ""
#define PACKAGE_URL ""
#define PACKAGE "zlib"
#define VERSION "1.1.4"
#define STDC_HEADERS 1
#define HAVE_SYS_TYPES_H 1
#define HAVE_SYS_STAT_H 1
#define HAVE_STDLIB_H 1
#define HAVE_STRING_H 1
#define HAVE_MEMORY_H 1
#define HAVE_STRINGS_H 1
#define HAVE_INTTYPES_H 1
#define HAVE_STDINT_H 1
#define HAVE_UNISTD_H 1
#define HAVE_DLFCN_H 1
#define LT_OBJDIR ".libs/"
#define HAVE_STDLIB_H 1
#define HAVE_UNISTD_H 1
#define HAVE_GETPAGESIZE 1
#define HAVE_MMAP 1
#define HAVE_MEMCPY 1
#define HAVE_STRERROR 1
#define HAVE_UNISTD_H 1

configure: exit 0
